BOOT,v=1,boot_count=1,phase=RunMode,prev_valid=0,prev_phase=ResetEntry,prev_fatal=None,reset_reason=0x00000001,watchdog=1,watchdog_enable=0,failure_count=0,safe_mode=0,prev_reset_reason=0x00000000
BOOT_WARN,v=1,key=serial_absent,wait_ms=250
CNT,1,5,2,92048000,92064032,rp2040_timer0,16032,R,h0_tcxo_16mhz,16
STS,1,21,92068720,rp2040_timer0,system,uptime_seconds,5,INFO,0
STS,1,22,92072864,rp2040_timer0,capture,event_count,4,INFO,0
STS,1,23,92076480,rp2040_timer0,capture,dropped_count,0,INFO,0
STS,1,24,92079200,rp2040_timer0,capture,error_flags,0,INFO,0
REF,1,1004,1,R,102098800,rp2040_timer0,16
CNT,1,6,2,108048000,108064016,rp2040_timer0,16016,R,h0_tcxo_16mhz,16
STS,1,25,108068400,rp2040_timer0,system,uptime_seconds,6,INFO,0
STS,1,26,108072176,rp2040_timer0,capture,event_count,5,INFO,0
STS,1,27,108076016,rp2040_timer0,capture,dropped_count,0,INFO,0
STS,1,28,108078992,rp2040_timer0,capture,error_flags,0,INFO,0
REF,1,1005,1,R,118098800,rp2040_timer0,16
CNT,1,7,2,124048032,124064048,rp2040_timer0,16016,R,h0_tcxo_16mhz,16
STS,1,29,124068720,rp2040_timer0,system,uptime_seconds,7,INFO,0
STS,1,30,124071792,rp2040_timer0,capture,event_count,6,INFO,0
STS,1,31,124074576,rp2040_timer0,capture,dropped_count,0,INFO,0
STS,1,32,124077888,rp2040_timer0,capture,error_flags,0,INFO,0
REF,1,1006,1,R,134098784,rp2040_timer0,16
CNT,1,8,2,140048000,140064016,rp2040_timer0,16016,R,h0_tcxo_16mhz,16
STS,1,33,140068720,rp2040_timer0,system,uptime_seconds,8,INFO,0
STS,1,34,140072336,rp2040_timer0,capture,event_count,7,INFO,0
STS,1,35,140075856,rp2040_timer0,capture,dropped_count,0,INFO,0
STS,1,36,140078976,rp2040_timer0,capture,error_flags,0,INFO,0
REF,1,1007,1,R,150098784,rp2040_timer0,16
CNT,1,9,2,156048016,156064032,rp2040_timer0,16016,R,h0_tcxo_16mhz,16
STS,1,37,156068400,rp2040_timer0,system,uptime_seconds,9,INFO,0
STS,1,38,156071952,rp2040_timer0,capture,event_count,8,INFO,0
STS,1,39,156075088,rp2040_timer0,capture,dropped_count,0,INFO,0
STS,1,40,156078464,rp2040_timer0,capture,error_flags,0,INFO,0
REF,1,1008,1,R,166098768,rp2040_timer0,16
CNT,1,10,2,172048016,172064032,rp2040_timer0,16016,R,h0_tcxo_16mhz,16
STS,1,41,172069008,rp2040_timer0,system,uptime_seconds,10,INFO,0
STS,1,42,172072352,rp2040_timer0,capture,event_count,9,INFO,0
STS,1,43,172075600,rp2040_timer0,capture,dropped_count,0,INFO,0
STS,1,44,172078656,rp2040_timer0,capture,error_flags,0,INFO,0
REF,1,1009,1,R,182098752,rp2040_timer0,16
CNT,1,11,2,188048032,188064048,rp2040_timer0,16016,R,h0_tcxo_16mhz,16
STS,1,45,188069056,rp2040_timer0,system,uptime_seconds,11,INFO,0
STS,1,46,188072672,rp2040_timer0,capture,event_count,10,INFO,0
STS,1,47,188076112,rp2040_timer0,capture,dropped_count,0,INFO,0
STS,1,48,188079104,rp2040_timer0,capture,error_flags,0,INFO,0
REF,1,1010,1,R,198098736,rp2040_timer0,16
CNT,1,12,2,204048016,204064032,rp2040_timer0,16016,R,h0_tcxo_16mhz,16
STS,1,49,204068992,rp2040_timer0,system,uptime_seconds,12,INFO,0
STS,1,50,204072480,rp2040_timer0,capture,event_count,11,INFO,0
STS,1,51,204075984,rp2040_timer0,capture,dropped_count,0,INFO,0
STS,1,52,204078848,rp2040_timer0,capture,error_flags,0,INFO,0
REF,1,1011,1,R,214098720,rp2040_timer0,16
CNT,1,13,2,220048016,220064032,rp2040_timer0,16016,R,h0_tcxo_16mhz,16
STS,1,53,220068912,rp2040_timer0,system,uptime_seconds,13,INFO,0
STS,1,54,220072464,rp2040_timer0,capture,event_count,12,INFO,0
STS,1,55,220075808,rp2040_timer0,capture,dropped_count,0,INFO,0
STS,1,56,220078592,rp2040_timer0,capture,error_flags,0,INFO,0
REF,1,1012,1,R,230098704,rp2040_timer0,16
CNT,1,14,2,236048016,236064032,rp2040_timer0,16016,R,h0_tcxo_16mhz,16
STS,1,57,236068944,rp2040_timer0,system,uptime_seconds,14,INFO,0
STS,1,58,236072448,rp2040_timer0,capture,event_count,13,INFO,0
STS,1,59,236075808,rp2040_timer0,capture,dropped_count,0,INFO,0
STS,1,60,236078672,rp2040_timer0,capture,error_flags,0,INFO,0
REF,1,1013,1,R,246098704,rp2040_timer0,16
CNT,1,15,2,252048016,252064048,rp2040_timer0,16032,R,h0_tcxo_16mhz,16
STS,1,61,252068752,rp2040_timer0,system,uptime_seconds,15,INFO,0
STS,1,62,252072816,rp2040_timer0,capture,event_count,14,INFO,0
STS,1,63,252076384,rp2040_timer0,capture,dropped_count,0,INFO,0
STS,1,64,252079280,rp2040_timer0,capture,error_flags,0,INFO,0
REF,1,1014,1,R,262098688,rp2040_timer0,16
CNT,1,16,2,268048032,268064048,rp2040_timer0,16016,R,h0_tcxo_16mhz,16
STS,1,65,268068624,rp2040_timer0,system,uptime_seconds,16,INFO,0
STS,1,66,268072528,rp2040_timer0,capture,event_count,15,INFO,0
STS,1,67,268075680,rp2040_timer0,capture,dropped_count,0,INFO,0
STS,1,68,268078736,rp2040_timer0,capture,error_flags,0,INFO,0
REF,1,1015,1,R,278098688,rp2040_timer0,16
CNT,1,17,2,284048016,284064032,rp2040_timer0,16016,R,h0_tcxo_16mhz,16
STS,1,69,284068720,rp2040_timer0,system,uptime_seconds,17,INFO,0
STS,1,70,284072048,rp2040_timer0,capture,event_count,16,INFO,0
STS,1,71,284075200,rp2040_timer0,capture,dropped_count,0,INFO,0
STS,1,72,284078160,rp2040_timer0,capture,error_flags,0,INFO,0
REF,1,1016,1,R,294098656,rp2040_timer0,16
CNT,1,18,2,300048016,300064032,rp2040_timer0,16016,R,h0_tcxo_16mhz,16
STS,1,73,300068896,rp2040_timer0,system,uptime_seconds,18,INFO,0
STS,1,74,300072240,rp2040_timer0,capture,event_count,17,INFO,0
STS,1,75,300075728,rp2040_timer0,capture,dropped_count,0,INFO,0
STS,1,76,300078576,rp2040_timer0,capture,error_flags,0,INFO,0
REF,1,1017,1,R,310098656,rp2040_timer0,16
CNT,1,19,2,316048016,316064032,rp2040_timer0,16016,R,h0_tcxo_16mhz,16
STS,1,77,316068768,rp2040_timer0,system,uptime_seconds,19,INFO,0
STS,1,78,316072304,rp2040_timer0,capture,event_count,18,INFO,0
STS,1,79,316075424,rp2040_timer0,capture,dropped_count,0,INFO,0
STS,1,80,316078384,rp2040_timer0,capture,error_flags,0,INFO,0
REF,1,1018,1,R,326098624,rp2040_timer0,16
CNT,1,20,2,332048016,332064032,rp2040_timer0,16016,R,h0_tcxo_16mhz,16
STS,1,81,332068944,rp2040_timer0,system,uptime_seconds,20,INFO,0
STS,1,82,332072576,rp2040_timer0,capture,event_count,19,INFO,0
STS,1,83,332076144,rp2040_timer0,capture,dropped_count,0,INFO,0
STS,1,84,332079184,rp2040_timer0,capture,error_flags,0,INFO,0
REF,1,1019,1,R,342098624,rp2040_timer0,16
CNT,1,21,2,348048016,348064032,rp2040_timer0,16016,R,h0_tcxo_16mhz,16
STS,1,85,348068800,rp2040_timer0,system,uptime_seconds,21,INFO,0
STS,1,86,348072240,rp2040_timer0,capture,event_count,20,INFO,0
STS,1,87,348075680,rp2040_timer0,capture,dropped_count,0,INFO,0
STS,1,88,348078464,rp2040_timer0,capture,error_flags,0,INFO,0
REF,1,1020,1,R,358098608,rp2040_timer0,16
CNT,1,22,2,364048032,364064048,rp2040_timer0,16016,R,h0_tcxo_16mhz,16
STS,1,89,364068880,rp2040_timer0,system,uptime_seconds,22,INFO,0
STS,1,90,364072256,rp2040_timer0,capture,event_count,21,INFO,0
STS,1,91,364075376,rp2040_timer0,capture,dropped_count,0,INFO,0
STS,1,92,364078288,rp2040_timer0,capture,error_flags,0,INFO,0
REF,1,1021,1,R,374098576,rp2040_timer0,16
CNT,1,23,2,380048000,380064016,rp2040_timer0,16016,R,h0_tcxo_16mhz,16
STS,1,93,380068864,rp2040_timer0,system,uptime_seconds,23,INFO,0
STS,1,94,380072384,rp2040_timer0,capture,event_count,22,INFO,0
STS,1,95,380075440,rp2040_timer0,capture,dropped_count,0,INFO,0
STS,1,96,380078256,rp2040_timer0,capture,error_flags,0,INFO,0
REF,1,1022,1,R,390098592,rp2040_timer0,16
CNT,1,24,2,396048016,396064032,rp2040_timer0,16016,R,h0_tcxo_16mhz,16
STS,1,97,396068672,rp2040_timer0,system,uptime_seconds,24,INFO,0
STS,1,98,396072416,rp2040_timer0,capture,event_count,23,INFO,0
STS,1,99,396075840,rp2040_timer0,capture,dropped_count,0,INFO,0
STS,1,100,396078688,rp2040_timer0,capture,error_flags,0,INFO,0
REF,1,1023,1,R,406098576,rp2040_timer0,16
CNT,1,25,2,412048032,412064048,rp2040_timer0,16016,R,h0_tcxo_16mhz,16
STS,1,101,412068848,rp2040_timer0,system,uptime_seconds,25,INFO,0
STS,1,102,412072368,rp2040_timer0,capture,event_count,24,INFO,0
STS,1,103,412075376,rp2040_timer0,capture,dropped_count,0,INFO,0
STS,1,104,412078336,rp2040_timer0,capture,error_flags,0,INFO,0
REF,1,1024,1,R,422098560,rp2040_timer0,16
CNT,1,26,2,428048032,428064048,rp2040_timer0,16016,R,h0_tcxo_16mhz,16
STS,1,105,428068608,rp2040_timer0,system,uptime_seconds,26,INFO,0
STS,1,106,428072720,rp2040_timer0,capture,event_count,25,INFO,0
STS,1,107,428076320,rp2040_timer0,capture,dropped_count,0,INFO,0
STS,1,108,428079344,rp2040_timer0,capture,error_flags,0,INFO,0
REF,1,1025,1,R,438098576,rp2040_timer0,16
CNT,1,27,2,444048016,444064032,rp2040_timer0,16016,R,h0_tcxo_16mhz,16
STS,1,109,444068592,rp2040_timer0,system,uptime_seconds,27,INFO,0
STS,1,110,444072608,rp2040_timer0,capture,event_count,26,INFO,0
STS,1,111,444075664,rp2040_timer0,capture,dropped_count,0,INFO,0
STS,1,112,444078576,rp2040_timer0,capture,error_flags,0,INFO,0
REF,1,1026,1,R,454098560,rp2040_timer0,16
CNT,1,28,2,460048032,460064048,rp2040_timer0,16016,R,h0_tcxo_16mhz,16
STS,1,113,460068736,rp2040_timer0,system,uptime_seconds,28,INFO,0
STS,1,114,460072224,rp2040_timer0,capture,event_count,27,INFO,0
STS,1,115,460075632,rp2040_timer0,capture,dropped_count,0,INFO,0
STS,1,116,460078848,rp2040_timer0,capture,error_flags,0,INFO,0
REF,1,1027,1,R,470098544,rp2040_timer0,16
CNT,1,29,2,476048016,476064032,rp2040_timer0,16016,R,h0_tcxo_16mhz,16
STS,1,117,476068640,rp2040_timer0,system,uptime_seconds,29,INFO,0
STS,1,118,476072336,rp2040_timer0,capture,event_count,28,INFO,0
STS,1,119,476075888,rp2040_timer0,capture,dropped_count,0,INFO,0
STS,1,120,476078608,rp2040_timer0,capture,error_flags,0,INFO,0
REF,1,1028,1,R,486098544,rp2040_timer0,16
CNT,1,30,2,492048000,492064016,rp2040_timer0,16016,R,h0_tcxo_16mhz,16
STS,1,121,492068880,rp2040_timer0,system,uptime_seconds,30,INFO,0
STS,1,122,492072896,rp2040_timer0,capture,event_count,29,INFO,0
STS,1,123,492077136,rp2040_timer0,capture,dropped_count,0,INFO,0
STS,1,124,492080160,rp2040_timer0,capture,error_flags,0,INFO,0
REF,1,1029,1,R,502098544,rp2040_timer0,16
CNT,1,31,2,508048016,508064032,rp2040_timer0,16016,R,h0_tcxo_16mhz,16
STS,1,125,508068912,rp2040_timer0,system,uptime_seconds,31,INFO,0
STS,1,126,508072256,rp2040_timer0,capture,event_count,30,INFO,0
STS,1,127,508075312,rp2040_timer0,capture,dropped_count,0,INFO,0
STS,1,128,508078336,rp2040_timer0,capture,error_flags,0,INFO,0
REF,1,1030,1,R,518098528,rp2040_timer0,16
CNT,1,32,2,524048016,524064032,rp2040_timer0,16016,R,h0_tcxo_16mhz,16
STS,1,129,524068768,rp2040_timer0,system,uptime_seconds,32,INFO,0
STS,1,130,524072304,rp2040_timer0,capture,event_count,31,INFO,0
STS,1,131,524075424,rp2040_timer0,capture,dropped_count,0,INFO,0
STS,1,132,524078288,rp2040_timer0,capture,error_flags,0,INFO,0
REF,1,1031,1,R,534098528,rp2040_timer0,16
CNT,1,33,2,540048032,540064048,rp2040_timer0,16016,R,h0_tcxo_16mhz,16
STS,1,133,540068784,rp2040_timer0,system,uptime_seconds,33,INFO,0
STS,1,134,540072272,rp2040_timer0,capture,event_count,32,INFO,0
STS,1,135,540075360,rp2040_timer0,capture,dropped_count,0,INFO,0
STS,1,136,540078224,rp2040_timer0,capture,error_flags,0,INFO,0
REF,1,1032,1,R,550098512,rp2040_timer0,16
CNT,1,34,2,556048000,556064016,rp2040_timer0,16016,R,h0_tcxo_16mhz,16
STS,1,137,556069152,rp2040_timer0,system,uptime_seconds,34,INFO,0
STS,1,138,556072880,rp2040_timer0,capture,event_count,33,INFO,0
STS,1,139,556076320,rp2040_timer0,capture,dropped_count,0,INFO,0
STS,1,140,556079088,rp2040_timer0,capture,error_flags,0,INFO,0
REF,1,1033,1,R,566098480,rp2040_timer0,16
CNT,1,35,2,572048016,572064032,rp2040_timer0,16016,R,h0_tcxo_16mhz,16
STS,1,141,572068720,rp2040_timer0,system,uptime_seconds,35,INFO,0
STS,1,142,572072752,rp2040_timer0,capture,event_count,34,INFO,0
STS,1,143,572076528,rp2040_timer0,capture,dropped_count,0,INFO,0
STS,1,144,572079584,rp2040_timer0,capture,error_flags,0,INFO,0
REF,1,1034,1,R,582098480,rp2040_timer0,16
CNT,1,36,2,588048016,588064048,rp2040_timer0,16032,R,h0_tcxo_16mhz,16
STS,1,145,588069152,rp2040_timer0,system,uptime_seconds,36,INFO,0
STS,1,146,588073024,rp2040_timer0,capture,event_count,35,INFO,0
STS,1,147,588076576,rp2040_timer0,capture,dropped_count,0,INFO,0
STS,1,148,588079616,rp2040_timer0,capture,error_flags,0,INFO,0
REF,1,1035,1,R,598098480,rp2040_timer0,16
CNT,1,37,2,604048016,604064032,rp2040_timer0,16016,R,h0_tcxo_16mhz,16
STS,1,149,604068768,rp2040_timer0,system,uptime_seconds,37,INFO,0
STS,1,150,604072736,rp2040_timer0,capture,event_count,36,INFO,0
STS,1,151,604076512,rp2040_timer0,capture,dropped_count,0,INFO,0
STS,1,152,604079520,rp2040_timer0,capture,error_flags,0,INFO,0
REF,1,1036,1,R,614098464,rp2040_timer0,16
CNT,1,38,2,620048032,620064048,rp2040_timer0,16016,R,h0_tcxo_16mhz,16
STS,1,153,620068800,rp2040_timer0,system,uptime_seconds,38,INFO,0
STS,1,154,620072448,rp2040_timer0,capture,event_count,37,INFO,0
STS,1,155,620075648,rp2040_timer0,capture,dropped_count,0,INFO,0
STS,1,156,620078736,rp2040_timer0,capture,error_flags,0,INFO,0
REF,1,1037,1,R,630098448,rp2040_timer0,16
CNT,1,39,2,636048000,636064016,rp2040_timer0,16016,R,h0_tcxo_16mhz,16
STS,1,157,636068672,rp2040_timer0,system,uptime_seconds,39,INFO,0
STS,1,158,636072592,rp2040_timer0,capture,event_count,38,INFO,0
STS,1,159,636076336,rp2040_timer0,capture,dropped_count,0,INFO,0
STS,1,160,636079104,rp2040_timer0,capture,error_flags,0,INFO,0
REF,1,1038,1,R,646098432,rp2040_timer0,16
CNT,1,40,2,652048016,652064032,rp2040_timer0,16016,R,h0_tcxo_16mhz,16
STS,1,161,652068752,rp2040_timer0,system,uptime_seconds,40,INFO,0
STS,1,162,652072592,rp2040_timer0,capture,event_count,39,INFO,0
STS,1,163,652076592,rp2040_timer0,capture,dropped_count,0,INFO,0
STS,1,164,652079456,rp2040_timer0,capture,error_flags,0,INFO,0
REF,1,1039,1,R,662098432,rp2040_timer0,16
CNT,1,41,2,668048000,668064016,rp2040_timer0,16016,R,h0_tcxo_16mhz,16
STS,1,165,668068912,rp2040_timer0,system,uptime_seconds,41,INFO,0
STS,1,166,668072592,rp2040_timer0,capture,event_count,40,INFO,0
STS,1,167,668076560,rp2040_timer0,capture,dropped_count,0,INFO,0
STS,1,168,668079424,rp2040_timer0,capture,error_flags,0,INFO,0
REF,1,1040,1,R,678098416,rp2040_timer0,16
CNT,1,42,2,684048016,684064032,rp2040_timer0,16016,R,h0_tcxo_16mhz,16
STS,1,169,684068800,rp2040_timer0,system,uptime_seconds,42,INFO,0
STS,1,170,684072624,rp2040_timer0,capture,event_count,41,INFO,0
STS,1,171,684075760,rp2040_timer0,capture,dropped_count,0,INFO,0
STS,1,172,684078864,rp2040_timer0,capture,error_flags,0,INFO,0
REF,1,1041,1,R,694098416,rp2040_timer0,16
CNT,1,43,2,700048016,700064032,rp2040_timer0,16016,R,h0_tcxo_16mhz,16
STS,1,173,700068720,rp2040_timer0,system,uptime_seconds,43,INFO,0
STS,1,174,700072352,rp2040_timer0,capture,event_count,42,INFO,0
STS,1,175,700076272,rp2040_timer0,capture,dropped_count,0,INFO,0
STS,1,176,700079488,rp2040_timer0,capture,error_flags,0,INFO,0
REF,1,1042,1,R,710098384,rp2040_timer0,16
CNT,1,44,2,716048000,716064016,rp2040_timer0,16016,R,h0_tcxo_16mhz,16
STS,1,177,716068784,rp2040_timer0,system,uptime_seconds,44,INFO,0
STS,1,178,716072672,rp2040_timer0,capture,event_count,43,INFO,0
STS,1,179,716076336,rp2040_timer0,capture,dropped_count,0,INFO,0
STS,1,180,716079504,rp2040_timer0,capture,error_flags,0,INFO,0
REF,1,1043,1,R,726098416,rp2040_timer0,16
CNT,1,45,2,732048016,732064032,rp2040_timer0,16016,R,h0_tcxo_16mhz,16
STS,1,181,732069024,rp2040_timer0,system,uptime_seconds,45,INFO,0
STS,1,182,732072944,rp2040_timer0,capture,event_count,44,INFO,0
STS,1,183,732076672,rp2040_timer0,capture,dropped_count,0,INFO,0
STS,1,184,732079680,rp2040_timer0,capture,error_flags,0,INFO,0
REF,1,1044,1,R,742098384,rp2040_timer0,16
CNT,1,46,2,748048016,748064032,rp2040_timer0,16016,R,h0_tcxo_16mhz,16
STS,1,185,748069008,rp2040_timer0,system,uptime_seconds,46,INFO,0
STS,1,186,748072944,rp2040_timer0,capture,event_count,45,INFO,0
STS,1,187,748076864,rp2040_timer0,capture,dropped_count,0,INFO,0
STS,1,188,748080000,rp2040_timer0,capture,error_flags,0,INFO,0
REF,1,1045,1,R,758098384,rp2040_timer0,16
CNT,1,47,2,764048032,764064048,rp2040_timer0,16016,R,h0_tcxo_16mhz,16
STS,1,189,764069008,rp2040_timer0,system,uptime_seconds,47,INFO,0
STS,1,190,764072192,rp2040_timer0,capture,event_count,46,INFO,0
STS,1,191,764074960,rp2040_timer0,capture,dropped_count,0,INFO,0
STS,1,192,764078096,rp2040_timer0,capture,error_flags,0,INFO,0
REF,1,1046,1,R,774098352,rp2040_timer0,16
CNT,1,48,2,780048032,780064048,rp2040_timer0,16016,R,h0_tcxo_16mhz,16
STS,1,193,780068928,rp2040_timer0,system,uptime_seconds,48,INFO,0
STS,1,194,780072848,rp2040_timer0,capture,event_count,47,INFO,0
STS,1,195,780076720,rp2040_timer0,capture,dropped_count,0,INFO,0
STS,1,196,780079504,rp2040_timer0,capture,error_flags,0,INFO,0
REF,1,1047,1,R,790098368,rp2040_timer0,16
CNT,1,49,2,796048000,796064016,rp2040_timer0,16016,R,h0_tcxo_16mhz,16
STS,1,197,796068880,rp2040_timer0,system,uptime_seconds,49,INFO,0
STS,1,198,796073024,rp2040_timer0,capture,event_count,48,INFO,0
STS,1,199,796076656,rp2040_timer0,capture,dropped_count,0,INFO,0
STS,1,200,796079488,rp2040_timer0,capture,error_flags,0,INFO,0
REF,1,1048,1,R,806098336,rp2040_timer0,16
CNT,1,50,2,812048000,812064016,rp2040_timer0,16016,R,h0_tcxo_16mhz,16
STS,1,201,812068864,rp2040_timer0,system,uptime_seconds,50,INFO,0
STS,1,202,812072560,rp2040_timer0,capture,event_count,49,INFO,0
STS,1,203,812075648,rp2040_timer0,capture,dropped_count,0,INFO,0
STS,1,204,812078576,rp2040_timer0,capture,error_flags,0,INFO,0
REF,1,1049,1,R,822098320,rp2040_timer0,16
CNT,1,51,2,828048000,828064016,rp2040_timer0,16016,R,h0_tcxo_16mhz,16
STS,1,205,828068576,rp2040_timer0,system,uptime_seconds,51,INFO,0
STS,1,206,828072704,rp2040_timer0,capture,event_count,50,INFO,0
STS,1,207,828076448,rp2040_timer0,capture,dropped_count,0,INFO,0
STS,1,208,828079392,rp2040_timer0,capture,error_flags,0,INFO,0
REF,1,1050,1,R,838098320,rp2040_timer0,16
CNT,1,52,2,844048000,844064016,rp2040_timer0,16016,R,h0_tcxo_16mhz,16
STS,1,209,844068768,rp2040_timer0,system,uptime_seconds,52,INFO,0
STS,1,210,844072368,rp2040_timer0,capture,event_count,51,INFO,0
STS,1,211,844075744,rp2040_timer0,capture,dropped_count,0,INFO,0
STS,1,212,844078688,rp2040_timer0,capture,error_flags,0,INFO,0
REF,1,1051,1,R,854098304,rp2040_timer0,16
CNT,1,53,2,860048016,860064032,rp2040_timer0,16016,R,h0_tcxo_16mhz,16
STS,1,213,860068608,rp2040_timer0,system,uptime_seconds,53,INFO,0
STS,1,214,860072304,rp2040_timer0,capture,event_count,52,INFO,0
STS,1,215,860075648,rp2040_timer0,capture,dropped_count,0,INFO,0
STS,1,216,860078576,rp2040_timer0,capture,error_flags,0,INFO,0
REF,1,1052,1,R,870098304,rp2040_timer0,16
CNT,1,54,2,876048000,876064016,rp2040_timer0,16016,R,h0_tcxo_16mhz,16
STS,1,217,876068752,rp2040_timer0,system,uptime_seconds,54,INFO,0
STS,1,218,876072608,rp2040_timer0,capture,event_count,53,INFO,0
STS,1,219,876076048,rp2040_timer0,capture,dropped_count,0,INFO,0
STS,1,220,876079136,rp2040_timer0,capture,error_flags,0,INFO,0
REF,1,1053,1,R,886098320,rp2040_timer0,16
CNT,1,55,2,892048016,892064048,rp2040_timer0,16032,R,h0_tcxo_16mhz,16
STS,1,221,892068624,rp2040_timer0,system,uptime_seconds,55,INFO,0
STS,1,222,892072720,rp2040_timer0,capture,event_count,54,INFO,0
STS,1,223,892076736,rp2040_timer0,capture,dropped_count,0,INFO,0
STS,1,224,892079952,rp2040_timer0,capture,error_flags,0,INFO,0
REF,1,1054,1,R,902098304,rp2040_timer0,16
CNT,1,56,2,908048000,908064016,rp2040_timer0,16016,R,h0_tcxo_16mhz,16
STS,1,225,908068768,rp2040_timer0,system,uptime_seconds,56,INFO,0
STS,1,226,908072512,rp2040_timer0,capture,event_count,55,INFO,0
STS,1,227,908076096,rp2040_timer0,capture,dropped_count,0,INFO,0
STS,1,228,908079136,rp2040_timer0,capture,error_flags,0,INFO,0
REF,1,1055,1,R,918098288,rp2040_timer0,16
CNT,1,57,2,924048000,924064016,rp2040_timer0,16017,R,h0_tcxo_16mhz,16
STS,1,229,924069168,rp2040_timer0,system,uptime_seconds,57,INFO,0
STS,1,230,924072416,rp2040_timer0,capture,event_count,56,INFO,0
STS,1,231,924075200,rp2040_timer0,capture,dropped_count,0,INFO,0
STS,1,232,924078352,rp2040_timer0,capture,error_flags,0,INFO,0
REF,1,1056,1,R,934098304,rp2040_timer0,16
CNT,1,58,2,940048000,940064016,rp2040_timer0,16016,R,h0_tcxo_16mhz,16
STS,1,233,940069296,rp2040_timer0,system,uptime_seconds,58,INFO,0
STS,1,234,940072528,rp2040_timer0,capture,event_count,57,INFO,0
STS,1,235,940075808,rp2040_timer0,capture,dropped_count,0,INFO,0
STS,1,236,940078784,rp2040_timer0,capture,error_flags,0,INFO,0
REF,1,1057,1,R,950098272,rp2040_timer0,16
CNT,1,59,2,956048016,956064032,rp2040_timer0,16016,R,h0_tcxo_16mhz,16
STS,1,237,956068704,rp2040_timer0,system,uptime_seconds,59,INFO,0
STS,1,238,956072416,rp2040_timer0,capture,event_count,58,INFO,0
STS,1,239,956075952,rp2040_timer0,capture,dropped_count,0,INFO,0
STS,1,240,956079040,rp2040_timer0,capture,error_flags,0,INFO,0
REF,1,1058,1,R,966098272,rp2040_timer0,16
CNT,1,60,2,972048016,972064032,rp2040_timer0,16016,R,h0_tcxo_16mhz,16
STS,1,241,972068768,rp2040_timer0,system,uptime_seconds,60,INFO,0
STS,1,242,972072672,rp2040_timer0,capture,event_count,59,INFO,0
STS,1,243,972075792,rp2040_timer0,capture,dropped_count,0,INFO,0
STS,1,244,972078512,rp2040_timer0,capture,error_flags,0,INFO,0
REF,1,1059,1,R,982098240,rp2040_timer0,16
CNT,1,61,2,988048016,988064032,rp2040_timer0,16016,R,h0_tcxo_16mhz,16
STS,1,245,988068752,rp2040_timer0,system,uptime_seconds,61,INFO,0
STS,1,246,988072720,rp2040_timer0,capture,event_count,60,INFO,0
STS,1,247,988075568,rp2040_timer0,capture,dropped_count,0,INFO,0
STS,1,248,988078368,rp2040_timer0,capture,error_flags,0,INFO,0
REF,1,1060,1,R,998098256,rp2040_timer0,16
CNT,1,62,2,1004048032,1004064048,rp2040_timer0,16016,R,h0_tcxo_16mhz,16
STS,1,249,1004068944,rp2040_timer0,system,uptime_seconds,62,INFO,0
STS,1,250,1004072864,rp2040_timer0,capture,event_count,61,INFO,0
STS,1,251,1004076464,rp2040_timer0,capture,dropped_count,0,INFO,0
STS,1,252,1004079440,rp2040_timer0,capture,error_flags,0,INFO,0
REF,1,1061,1,R,1014098256,rp2040_timer0,16
CNT,1,63,2,1020048032,1020064048,rp2040_timer0,16016,R,h0_tcxo_16mhz,16
STS,1,253,1020068624,rp2040_timer0,system,uptime_seconds,63,INFO,0
STS,1,254,1020072336,rp2040_timer0,capture,event_count,62,INFO,0
STS,1,255,1020075536,rp2040_timer0,capture,dropped_count,0,INFO,0
STS,1,256,1020078560,rp2040_timer0,capture,error_flags,0,INFO,0
REF,1,1062,1,R,1030098240,rp2040_timer0,16
CNT,1,64,2,1036048032,1036064048,rp2040_timer0,16016,R,h0_tcxo_16mhz,16
STS,1,257,1036068640,rp2040_timer0,system,uptime_seconds,64,INFO,0
STS,1,258,1036072656,rp2040_timer0,capture,event_count,63,INFO,0
STS,1,259,1036076016,rp2040_timer0,capture,dropped_count,0,INFO,0
STS,1,260,1036078960,rp2040_timer0,capture,error_flags,0,INFO,0
REF,1,1063,1,R,1046098256,rp2040_timer0,16
CNT,1,65,2,1052048000,1052064016,rp2040_timer0,16016,R,h0_tcxo_16mhz,16
STS,1,261,1052068912,rp2040_timer0,system,uptime_seconds,65,INFO,0
STS,1,262,1052072688,rp2040_timer0,capture,event_count,64,INFO,0
STS,1,263,1052076144,rp2040_timer0,capture,dropped_count,0,INFO,0
STS,1,264,1052079120,rp2040_timer0,capture,error_flags,0,INFO,0
REF,1,1064,1,R,1062098256,rp2040_timer0,16
CNT,1,66,2,1068048032,1068064048,rp2040_timer0,16016,R,h0_tcxo_16mhz,16
STS,1,265,1068068592,rp2040_timer0,system,uptime_seconds,66,INFO,0
STS,1,266,1068072336,rp2040_timer0,capture,event_count,65,INFO,0
STS,1,267,1068076304,rp2040_timer0,capture,dropped_count,0,INFO,0
STS,1,268,1068079584,rp2040_timer0,capture,error_flags,0,INFO,0
REF,1,1065,1,R,1078098256,rp2040_timer0,16
CNT,1,67,2,1084048032,1084064048,rp2040_timer0,16016,R,h0_tcxo_16mhz,16
STS,1,269,1084068976,rp2040_timer0,system,uptime_seconds,67,INFO,0
STS,1,270,1084072464,rp2040_timer0,capture,event_count,66,INFO,0
STS,1,271,1084075344,rp2040_timer0,capture,dropped_count,0,INFO,0
STS,1,272,1084078368,rp2040_timer0,capture,error_flags,0,INFO,0
REF,1,1066,1,R,1094098240,rp2040_timer0,16
CNT,1,68,2,1100048064,1100064096,rp2040_timer0,16032,R,h0_tcxo_16mhz,16
STS,1,273,1100068512,rp2040_timer0,system,uptime_seconds,68,INFO,0
STS,1,274,1100072368,rp2040_timer0,capture,event_count,67,INFO,0
STS,1,275,1100075408,rp2040_timer0,capture,dropped_count,0,INFO,0
STS,1,276,1100078496,rp2040_timer0,capture,error_flags,0,INFO,0
REF,1,1067,1,R,1110098240,rp2040_timer0,16
CNT,1,69,2,1116048016,1116064032,rp2040_timer0,16016,R,h0_tcxo_16mhz,16
STS,1,277,1116068896,rp2040_timer0,system,uptime_seconds,69,INFO,0
STS,1,278,1116072736,rp2040_timer0,capture,event_count,68,INFO,0
STS,1,279,1116075904,rp2040_timer0,capture,dropped_count,0,INFO,0
STS,1,280,1116078880,rp2040_timer0,capture,error_flags,0,INFO,0
REF,1,1068,1,R,1126098240,rp2040_timer0,16
CNT,1,70,2,1132048016,1132064032,rp2040_timer0,16016,R,h0_tcxo_16mhz,16
STS,1,281,1132069024,rp2040_timer0,system,uptime_seconds,70,INFO,0
STS,1,282,1132072864,rp2040_timer0,capture,event_count,69,INFO,0
STS,1,283,1132076592,rp2040_timer0,capture,dropped_count,0,INFO,0
STS,1,284,1132079792,rp2040_timer0,capture,error_flags,0,INFO,0
REF,1,1069,1,R,1142098256,rp2040_timer0,16
CNT,1,71,2,1148048016,1148064032,rp2040_timer0,16016,R,h0_tcxo_16mhz,16
STS,1,285,1148068720,rp2040_timer0,system,uptime_seconds,71,INFO,0
STS,1,286,1148072336,rp2040_timer0,capture,event_count,70,INFO,0
STS,1,287,1148075488,rp2040_timer0,capture,dropped_count,0,INFO,0
STS,1,288,1148078384,rp2040_timer0,capture,error_flags,0,INFO,0
REF,1,1070,1,R,1158098256,rp2040_timer0,16
CNT,1,72,2,1164048000,1164064032,rp2040_timer0,16032,R,h0_tcxo_16mhz,16
STS,1,289,1164068784,rp2040_timer0,system,uptime_seconds,72,INFO,0
STS,1,290,1164072480,rp2040_timer0,capture,event_count,71,INFO,0
STS,1,291,1164075552,rp2040_timer0,capture,dropped_count,0,INFO,0
STS,1,292,1164078448,rp2040_timer0,capture,error_flags,0,INFO,0
REF,1,1071,1,R,1174098256,rp2040_timer0,16
CNT,1,73,2,1180048000,1180064016,rp2040_timer0,16016,R,h0_tcxo_16mhz,16
STS,1,293,1180068576,rp2040_timer0,system,uptime_seconds,73,INFO,0
STS,1,294,1180072560,rp2040_timer0,capture,event_count,72,INFO,0
STS,1,295,1180075600,rp2040_timer0,capture,dropped_count,0,INFO,0
STS,1,296,1180078384,rp2040_timer0,capture,error_flags,0,INFO,0
REF,1,1072,1,R,1190098240,rp2040_timer0,16
CNT,1,74,2,1196048016,1196064032,rp2040_timer0,16016,R,h0_tcxo_16mhz,16
STS,1,297,1196068912,rp2040_timer0,system,uptime_seconds,74,INFO,0
STS,1,298,1196072144,rp2040_timer0,capture,event_count,73,INFO,0
STS,1,299,1196075344,rp2040_timer0,capture,dropped_count,0,INFO,0
STS,1,300,1196078272,rp2040_timer0,capture,error_flags,0,INFO,0
REF,1,1073,1,R,1206098256,rp2040_timer0,16
CNT,1,75,2,1212048016,1212064032,rp2040_timer0,16016,R,h0_tcxo_16mhz,16
STS,1,301,1212068640,rp2040_timer0,system,uptime_seconds,75,INFO,0
STS,1,302,1212072288,rp2040_timer0,capture,event_count,74,INFO,0
STS,1,303,1212076160,rp2040_timer0,capture,dropped_count,0,INFO,0
STS,1,304,1212078928,rp2040_timer0,capture,error_flags,0,INFO,0
REF,1,1074,1,R,1222098224,rp2040_timer0,16
CNT,1,76,2,1228048016,1228064032,rp2040_timer0,16016,R,h0_tcxo_16mhz,16
STS,1,305,1228068800,rp2040_timer0,system,uptime_seconds,76,INFO,0
STS,1,306,1228072208,rp2040_timer0,capture,event_count,75,INFO,0
STS,1,307,1228075616,rp2040_timer0,capture,dropped_count,0,INFO,0
STS,1,308,1228078640,rp2040_timer0,capture,error_flags,0,INFO,0
REF,1,1075,1,R,1238098224,rp2040_timer0,16
CNT,1,77,2,1244048016,1244064032,rp2040_timer0,16016,R,h0_tcxo_16mhz,16
STS,1,309,1244068752,rp2040_timer0,system,uptime_seconds,77,INFO,0
STS,1,310,1244072112,rp2040_timer0,capture,event_count,76,INFO,0
STS,1,311,1244075040,rp2040_timer0,capture,dropped_count,0,INFO,0
STS,1,312,1244078224,rp2040_timer0,capture,error_flags,0,INFO,0
REF,1,1076,1,R,1254098224,rp2040_timer0,16
CNT,1,78,2,1260048016,1260064032,rp2040_timer0,16016,R,h0_tcxo_16mhz,16
STS,1,313,1260068928,rp2040_timer0,system,uptime_seconds,78,INFO,0
STS,1,314,1260072768,rp2040_timer0,capture,event_count,77,INFO,0
STS,1,315,1260075936,rp2040_timer0,capture,dropped_count,0,INFO,0
STS,1,316,1260079216,rp2040_timer0,capture,error_flags,0,INFO,0
REF,1,1077,1,R,1270098208,rp2040_timer0,16
CNT,1,79,2,1276048016,1276064032,rp2040_timer0,16016,R,h0_tcxo_16mhz,16
STS,1,317,1276068784,rp2040_timer0,system,uptime_seconds,79,INFO,0
STS,1,318,1276072352,rp2040_timer0,capture,event_count,78,INFO,0
STS,1,319,1276075456,rp2040_timer0,capture,dropped_count,0,INFO,0
STS,1,320,1276078384,rp2040_timer0,capture,error_flags,0,INFO,0
REF,1,1078,1,R,1286098208,rp2040_timer0,16
CNT,1,80,2,1292048016,1292064032,rp2040_timer0,16016,R,h0_tcxo_16mhz,16
STS,1,321,1292068720,rp2040_timer0,system,uptime_seconds,80,INFO,0
STS,1,322,1292072560,rp2040_timer0,capture,event_count,79,INFO,0
STS,1,323,1292075616,rp2040_timer0,capture,dropped_count,0,INFO,0
STS,1,324,1292078416,rp2040_timer0,capture,error_flags,0,INFO,0
REF,1,1079,1,R,1302098192,rp2040_timer0,16
CNT,1,81,2,1308048016,1308064032,rp2040_timer0,16016,R,h0_tcxo_16mhz,16
STS,1,325,1308069200,rp2040_timer0,system,uptime_seconds,81,INFO,0
STS,1,326,1308072464,rp2040_timer0,capture,event_count,80,INFO,0
STS,1,327,1308075536,rp2040_timer0,capture,dropped_count,0,INFO,0
STS,1,328,1308078336,rp2040_timer0,capture,error_flags,0,INFO,0
REF,1,1080,1,R,1318098176,rp2040_timer0,16
CNT,1,82,2,1324048016,1324064032,rp2040_timer0,16016,R,h0_tcxo_16mhz,16
STS,1,329,1324068992,rp2040_timer0,system,uptime_seconds,82,INFO,0
STS,1,330,1324072368,rp2040_timer0,capture,event_count,81,INFO,0
STS,1,331,1324075504,rp2040_timer0,capture,dropped_count,0,INFO,0
STS,1,332,1324078304,rp2040_timer0,capture,error_flags,0,INFO,0
REF,1,1081,1,R,1334098176,rp2040_timer0,16
CNT,1,83,2,1340048016,1340064032,rp2040_timer0,16016,R,h0_tcxo_16mhz,16
STS,1,333,1340068624,rp2040_timer0,system,uptime_seconds,83,INFO,0
STS,1,334,1340072576,rp2040_timer0,capture,event_count,82,INFO,0
STS,1,335,1340076224,rp2040_timer0,capture,dropped_count,0,INFO,0
STS,1,336,1340079296,rp2040_timer0,capture,error_flags,0,INFO,0
REF,1,1082,1,R,1350098176,rp2040_timer0,16
CNT,1,84,2,1356048016,1356064048,rp2040_timer0,16032,R,h0_tcxo_16mhz,16
STS,1,337,1356068800,rp2040_timer0,system,uptime_seconds,84,INFO,0
STS,1,338,1356072640,rp2040_timer0,capture,event_count,83,INFO,0
STS,1,339,1356075680,rp2040_timer0,capture,dropped_count,0,INFO,0
STS,1,340,1356078304,rp2040_timer0,capture,error_flags,0,INFO,0
