BOOT,v=1,boot_count=1,phase=RunMode,prev_valid=0,prev_phase=ResetEntry,prev_fatal=None,reset_reason=0x00000000,watchdog=0,watchdog_enable=0,failure_count=0,safe_mode=0,prev_reset_reason=0x00000000
BOOT_WARN,v=1,key=serial_absent,wait_ms=250
REF,1,1000,1,R,39825024,rp2040_timer0,16
STS,1,26,44080432,rp2040_timer0,system,uptime_seconds,2,INFO,0
STS,1,27,44084480,rp2040_timer0,capture,event_count,1,INFO,0
STS,1,28,44088720,rp2040_timer0,capture,dropped_count,0,INFO,0
STS,1,29,44092048,rp2040_timer0,capture,error_flags,0,INFO,0
STS,1,30,44095680,rp2040_timer0,capture,pio_fifo_drained_event_count,1,INFO,0
STS,1,31,44098864,rp2040_timer0,capture,pio_fifo_empty_count,353369,INFO,0
STS,1,32,44102336,rp2040_timer0,capture,pio_fifo_overflow_drop_count,0,INFO,0
STS,1,33,44106448,rp2040_timer0,capture,pio_fifo_max_drain_batch,1,INFO,0
CNT,1,2,2,44110144,44126160,rp2040_timer0,16016,R,h0_tcxo_16mhz,16
REF,1,1001,1,R,55824912,rp2040_timer0,16
STS,1,34,60080272,rp2040_timer0,system,uptime_seconds,3,INFO,0
STS,1,35,60083952,rp2040_timer0,capture,event_count,2,INFO,0
STS,1,36,60088112,rp2040_timer0,capture,dropped_count,0,INFO,0
STS,1,37,60091872,rp2040_timer0,capture,error_flags,0,INFO,0
STS,1,38,60095424,rp2040_timer0,capture,pio_fifo_drained_event_count,2,INFO,0
STS,1,39,60098608,rp2040_timer0,capture,pio_fifo_empty_count,710826,INFO,0
STS,1,40,60101872,rp2040_timer0,capture,pio_fifo_overflow_drop_count,0,INFO,0
STS,1,41,60105584,rp2040_timer0,capture,pio_fifo_max_drain_batch,1,INFO,0
CNT,1,3,2,60109344,60125360,rp2040_timer0,16016,R,h0_tcxo_16mhz,16
REF,1,1002,1,R,71824848,rp2040_timer0,16
STS,1,42,76080256,rp2040_timer0,system,uptime_seconds,4,INFO,0
STS,1,43,76083776,rp2040_timer0,capture,event_count,3,INFO,0
STS,1,44,76087664,rp2040_timer0,capture,dropped_count,0,INFO,0
STS,1,45,76091696,rp2040_timer0,capture,error_flags,0,INFO,0
STS,1,46,76095680,rp2040_timer0,capture,pio_fifo_drained_event_count,3,INFO,0
STS,1,47,76098816,rp2040_timer0,capture,pio_fifo_empty_count,1068299,INFO,0
STS,1,48,76102032,rp2040_timer0,capture,pio_fifo_overflow_drop_count,0,INFO,0
STS,1,49,76105792,rp2040_timer0,capture,pio_fifo_max_drain_batch,1,INFO,0
CNT,1,4,2,76109760,76125776,rp2040_timer0,16016,R,h0_tcxo_16mhz,16
REF,1,1003,1,R,87824784,rp2040_timer0,16
STS,1,50,92080240,rp2040_timer0,system,uptime_seconds,5,INFO,0
STS,1,51,92083728,rp2040_timer0,capture,event_count,4,INFO,0
STS,1,52,92087536,rp2040_timer0,capture,dropped_count,0,INFO,0
STS,1,53,92091456,rp2040_timer0,capture,error_flags,0,INFO,0
STS,1,54,92095504,rp2040_timer0,capture,pio_fifo_drained_event_count,4,INFO,0
STS,1,55,92098640,rp2040_timer0,capture,pio_fifo_empty_count,1425769,INFO,0
STS,1,56,92101872,rp2040_timer0,capture,pio_fifo_overflow_drop_count,0,INFO,0
STS,1,57,92105680,rp2040_timer0,capture,pio_fifo_max_drain_batch,1,INFO,0
CNT,1,5,2,92109856,92125872,rp2040_timer0,16016,R,h0_tcxo_16mhz,16
REF,1,1004,1,R,103824768,rp2040_timer0,16
STS,1,58,108080224,rp2040_timer0,system,uptime_seconds,6,INFO,0
STS,1,59,108083808,rp2040_timer0,capture,event_count,5,INFO,0
STS,1,60,108087824,rp2040_timer0,capture,dropped_count,0,INFO,0
STS,1,61,108091952,rp2040_timer0,capture,error_flags,0,INFO,0
STS,1,62,108096080,rp2040_timer0,capture,pio_fifo_drained_event_count,5,INFO,0
STS,1,63,108099104,rp2040_timer0,capture,pio_fifo_empty_count,1783242,INFO,0
STS,1,64,108102400,rp2040_timer0,capture,pio_fifo_overflow_drop_count,0,INFO,0
STS,1,65,108106272,rp2040_timer0,capture,pio_fifo_max_drain_batch,1,INFO,0
CNT,1,6,2,108110144,108126160,rp2040_timer0,16016,R,h0_tcxo_16mhz,16
REF,1,1005,1,R,119824704,rp2040_timer0,16
STS,1,66,124080256,rp2040_timer0,system,uptime_seconds,7,INFO,0
STS,1,67,124083856,rp2040_timer0,capture,event_count,6,INFO,0
STS,1,68,124087776,rp2040_timer0,capture,dropped_count,0,INFO,0
STS,1,69,124091744,rp2040_timer0,capture,error_flags,0,INFO,0
STS,1,70,124095856,rp2040_timer0,capture,pio_fifo_drained_event_count,6,INFO,0
STS,1,71,124098848,rp2040_timer0,capture,pio_fifo_empty_count,2140704,INFO,0
STS,1,72,124102272,rp2040_timer0,capture,pio_fifo_overflow_drop_count,0,INFO,0
STS,1,73,124106096,rp2040_timer0,capture,pio_fifo_max_drain_batch,1,INFO,0
CNT,1,7,2,124109968,124125984,rp2040_timer0,16016,R,h0_tcxo_16mhz,16
REF,1,1006,1,R,135824640,rp2040_timer0,16
STS,1,74,140080224,rp2040_timer0,system,uptime_seconds,8,INFO,0
STS,1,75,140083792,rp2040_timer0,capture,event_count,7,INFO,0
STS,1,76,140087840,rp2040_timer0,capture,dropped_count,0,INFO,0
STS,1,77,140091712,rp2040_timer0,capture,error_flags,0,INFO,0
STS,1,78,140095664,rp2040_timer0,capture,pio_fifo_drained_event_count,7,INFO,0
STS,1,79,140098672,rp2040_timer0,capture,pio_fifo_empty_count,2498171,INFO,0
STS,1,80,140101952,rp2040_timer0,capture,pio_fifo_overflow_drop_count,0,INFO,0
STS,1,81,140105632,rp2040_timer0,capture,pio_fifo_max_drain_batch,1,INFO,0
CNT,1,8,2,140109312,140125328,rp2040_timer0,16016,R,h0_tcxo_16mhz,16
REF,1,1007,1,R,151824608,rp2040_timer0,16
STS,1,82,156080272,rp2040_timer0,system,uptime_seconds,9,INFO,0
STS,1,83,156083840,rp2040_timer0,capture,event_count,8,INFO,0
STS,1,84,156087856,rp2040_timer0,capture,dropped_count,0,INFO,0
STS,1,85,156091888,rp2040_timer0,capture,error_flags,0,INFO,0
STS,1,86,156096016,rp2040_timer0,capture,pio_fifo_drained_event_count,8,INFO,0
STS,1,87,156098848,rp2040_timer0,capture,pio_fifo_empty_count,2855649,INFO,0
STS,1,88,156102160,rp2040_timer0,capture,pio_fifo_overflow_drop_count,0,INFO,0
STS,1,89,156106128,rp2040_timer0,capture,pio_fifo_max_drain_batch,1,INFO,0
CNT,1,9,2,156110272,156126304,rp2040_timer0,16032,R,h0_tcxo_16mhz,16
REF,1,1008,1,R,167824544,rp2040_timer0,16
STS,1,90,172080336,rp2040_timer0,system,uptime_seconds,10,INFO,0
STS,1,91,172083824,rp2040_timer0,capture,event_count,9,INFO,0
STS,1,92,172087696,rp2040_timer0,capture,dropped_count,0,INFO,0
STS,1,93,172091648,rp2040_timer0,capture,error_flags,0,INFO,0
STS,1,94,172095584,rp2040_timer0,capture,pio_fifo_drained_event_count,9,INFO,0
STS,1,95,172098688,rp2040_timer0,capture,pio_fifo_empty_count,3213115,INFO,0
STS,1,96,172101920,rp2040_timer0,capture,pio_fifo_overflow_drop_count,0,INFO,0
STS,1,97,172105600,rp2040_timer0,capture,pio_fifo_max_drain_batch,1,INFO,0
CNT,1,10,2,172109584,172125600,rp2040_timer0,16016,R,h0_tcxo_16mhz,16
REF,1,1009,1,R,183824480,rp2040_timer0,16
STS,1,98,188080336,rp2040_timer0,system,uptime_seconds,11,INFO,0
STS,1,99,188084128,rp2040_timer0,capture,event_count,10,INFO,0
STS,1,100,188088176,rp2040_timer0,capture,dropped_count,0,INFO,0
STS,1,101,188092128,rp2040_timer0,capture,error_flags,0,INFO,0
STS,1,102,188095824,rp2040_timer0,capture,pio_fifo_drained_event_count,10,INFO,0
STS,1,103,188098656,rp2040_timer0,capture,pio_fifo_empty_count,3570591,INFO,0
STS,1,104,188102032,rp2040_timer0,capture,pio_fifo_overflow_drop_count,0,INFO,0
STS,1,105,188105680,rp2040_timer0,capture,pio_fifo_max_drain_batch,1,INFO,0
CNT,1,11,2,188109408,188125424,rp2040_timer0,16016,R,h0_tcxo_16mhz,16
REF,1,1010,1,R,199824448,rp2040_timer0,16
STS,1,106,204080336,rp2040_timer0,system,uptime_seconds,12,INFO,0
STS,1,107,204084080,rp2040_timer0,capture,event_count,11,INFO,0
STS,1,108,204088224,rp2040_timer0,capture,dropped_count,0,INFO,0
STS,1,109,204092128,rp2040_timer0,capture,error_flags,0,INFO,0
STS,1,110,204096032,rp2040_timer0,capture,pio_fifo_drained_event_count,11,INFO,0
STS,1,111,204098864,rp2040_timer0,capture,pio_fifo_empty_count,3928072,INFO,0
STS,1,112,204102128,rp2040_timer0,capture,pio_fifo_overflow_drop_count,0,INFO,0
STS,1,113,204106592,rp2040_timer0,capture,pio_fifo_max_drain_batch,1,INFO,0
CNT,1,12,2,204110640,204126656,rp2040_timer0,16016,R,h0_tcxo_16mhz,16
REF,1,1011,1,R,215824384,rp2040_timer0,16
STS,1,114,220080336,rp2040_timer0,system,uptime_seconds,13,INFO,0
STS,1,115,220083952,rp2040_timer0,capture,event_count,12,INFO,0
STS,1,116,220088016,rp2040_timer0,capture,dropped_count,0,INFO,0
STS,1,117,220092240,rp2040_timer0,capture,error_flags,0,INFO,0
STS,1,118,220096256,rp2040_timer0,capture,pio_fifo_drained_event_count,12,INFO,0
STS,1,119,220099120,rp2040_timer0,capture,pio_fifo_empty_count,4285538,INFO,0
STS,1,120,220102512,rp2040_timer0,capture,pio_fifo_overflow_drop_count,0,INFO,0
STS,1,121,220106528,rp2040_timer0,capture,pio_fifo_max_drain_batch,1,INFO,0
CNT,1,13,2,220110480,220126496,rp2040_timer0,16017,R,h0_tcxo_16mhz,16
REF,1,1012,1,R,231824320,rp2040_timer0,16
STS,1,122,236080304,rp2040_timer0,system,uptime_seconds,14,INFO,0
STS,1,123,236083856,rp2040_timer0,capture,event_count,13,INFO,0
STS,1,124,236087792,rp2040_timer0,capture,dropped_count,0,INFO,0
STS,1,125,236091712,rp2040_timer0,capture,error_flags,0,INFO,0
STS,1,126,236095888,rp2040_timer0,capture,pio_fifo_drained_event_count,13,INFO,0
STS,1,127,236098704,rp2040_timer0,capture,pio_fifo_empty_count,4643004,INFO,0
STS,1,128,236102048,rp2040_timer0,capture,pio_fifo_overflow_drop_count,0,INFO,0
STS,1,129,236106000,rp2040_timer0,capture,pio_fifo_max_drain_batch,1,INFO,0
CNT,1,14,2,236109920,236125936,rp2040_timer0,16016,R,h0_tcxo_16mhz,16
REF,1,1013,1,R,247824304,rp2040_timer0,16
STS,1,130,252080352,rp2040_timer0,system,uptime_seconds,15,INFO,0
STS,1,131,252084016,rp2040_timer0,capture,event_count,14,INFO,0
STS,1,132,252088224,rp2040_timer0,capture,dropped_count,0,INFO,0
STS,1,133,252092320,rp2040_timer0,capture,error_flags,0,INFO,0
STS,1,134,252096240,rp2040_timer0,capture,pio_fifo_drained_event_count,14,INFO,0
STS,1,135,252099168,rp2040_timer0,capture,pio_fifo_empty_count,5000478,INFO,0
STS,1,136,252102688,rp2040_timer0,capture,pio_fifo_overflow_drop_count,0,INFO,0
STS,1,137,252106560,rp2040_timer0,capture,pio_fifo_max_drain_batch,1,INFO,0
CNT,1,15,2,252110560,252126592,rp2040_timer0,16032,R,h0_tcxo_16mhz,16
REF,1,1014,1,R,263824256,rp2040_timer0,16
STS,1,138,268080336,rp2040_timer0,system,uptime_seconds,16,INFO,0
STS,1,139,268084112,rp2040_timer0,capture,event_count,15,INFO,0
STS,1,140,268088400,rp2040_timer0,capture,dropped_count,0,INFO,0
STS,1,141,268092448,rp2040_timer0,capture,error_flags,0,INFO,0
STS,1,142,268096448,rp2040_timer0,capture,pio_fifo_drained_event_count,15,INFO,0
STS,1,143,268099280,rp2040_timer0,capture,pio_fifo_empty_count,5357945,INFO,0
STS,1,144,268102864,rp2040_timer0,capture,pio_fifo_overflow_drop_count,0,INFO,0
STS,1,145,268106672,rp2040_timer0,capture,pio_fifo_max_drain_batch,1,INFO,0
CNT,1,16,2,268110400,268126416,rp2040_timer0,16016,R,h0_tcxo_16mhz,16
REF,1,1015,1,R,279824208,rp2040_timer0,16
STS,1,146,284080352,rp2040_timer0,system,uptime_seconds,17,INFO,0
STS,1,147,284083840,rp2040_timer0,capture,event_count,16,INFO,0
STS,1,148,284087760,rp2040_timer0,capture,dropped_count,0,INFO,0
STS,1,149,284092048,rp2040_timer0,capture,error_flags,0,INFO,0
STS,1,150,284096000,rp2040_timer0,capture,pio_fifo_drained_event_count,16,INFO,0
STS,1,151,284098720,rp2040_timer0,capture,pio_fifo_empty_count,5715412,INFO,0
STS,1,152,284102016,rp2040_timer0,capture,pio_fifo_overflow_drop_count,0,INFO,0
STS,1,153,284106128,rp2040_timer0,capture,pio_fifo_max_drain_batch,1,INFO,0
CNT,1,17,2,284109840,284125872,rp2040_timer0,16032,R,h0_tcxo_16mhz,16
REF,1,1016,1,R,295824176,rp2040_timer0,16
STS,1,154,300080368,rp2040_timer0,system,uptime_seconds,18,INFO,0
STS,1,155,300083984,rp2040_timer0,capture,event_count,17,INFO,0
STS,1,156,300088240,rp2040_timer0,capture,dropped_count,0,INFO,0
STS,1,157,300092304,rp2040_timer0,capture,error_flags,0,INFO,0
STS,1,158,300096128,rp2040_timer0,capture,pio_fifo_drained_event_count,17,INFO,0
STS,1,159,300098912,rp2040_timer0,capture,pio_fifo_empty_count,6072887,INFO,0
STS,1,160,300102320,rp2040_timer0,capture,pio_fifo_overflow_drop_count,0,INFO,0
STS,1,161,300106128,rp2040_timer0,capture,pio_fifo_max_drain_batch,1,INFO,0
CNT,1,18,2,300110320,300126336,rp2040_timer0,16016,R,h0_tcxo_16mhz,16
REF,1,1017,1,R,311824128,rp2040_timer0,16
STS,1,162,316080336,rp2040_timer0,system,uptime_seconds,19,INFO,0
STS,1,163,316083824,rp2040_timer0,capture,event_count,18,INFO,0
STS,1,164,316087872,rp2040_timer0,capture,dropped_count,0,INFO,0
STS,1,165,316091504,rp2040_timer0,capture,error_flags,0,INFO,0
STS,1,166,316095232,rp2040_timer0,capture,pio_fifo_drained_event_count,18,INFO,0
STS,1,167,316098224,rp2040_timer0,capture,pio_fifo_empty_count,6430360,INFO,0
STS,1,168,316101520,rp2040_timer0,capture,pio_fifo_overflow_drop_count,0,INFO,0
STS,1,169,316105344,rp2040_timer0,capture,pio_fifo_max_drain_batch,1,INFO,0
CNT,1,19,2,316109008,316125040,rp2040_timer0,16032,R,h0_tcxo_16mhz,16
REF,1,1018,1,R,327824080,rp2040_timer0,16
STS,1,170,332080352,rp2040_timer0,system,uptime_seconds,20,INFO,0
STS,1,171,332083984,rp2040_timer0,capture,event_count,19,INFO,0
STS,1,172,332088160,rp2040_timer0,capture,dropped_count,0,INFO,0
STS,1,173,332092080,rp2040_timer0,capture,error_flags,0,INFO,0
STS,1,174,332096032,rp2040_timer0,capture,pio_fifo_drained_event_count,19,INFO,0
STS,1,175,332098800,rp2040_timer0,capture,pio_fifo_empty_count,6787852,INFO,0
STS,1,176,332102336,rp2040_timer0,capture,pio_fifo_overflow_drop_count,0,INFO,0
STS,1,177,332106304,rp2040_timer0,capture,pio_fifo_max_drain_batch,1,INFO,0
CNT,1,20,2,332110176,332126192,rp2040_timer0,16016,R,h0_tcxo_16mhz,16
REF,1,1019,1,R,343824048,rp2040_timer0,16
STS,1,178,348080384,rp2040_timer0,system,uptime_seconds,21,INFO,0
STS,1,179,348083888,rp2040_timer0,capture,event_count,20,INFO,0
STS,1,180,348087856,rp2040_timer0,capture,dropped_count,0,INFO,0
STS,1,181,348091808,rp2040_timer0,capture,error_flags,0,INFO,0
STS,1,182,348095936,rp2040_timer0,capture,pio_fifo_drained_event_count,20,INFO,0
STS,1,183,348098704,rp2040_timer0,capture,pio_fifo_empty_count,7145331,INFO,0
STS,1,184,348102112,rp2040_timer0,capture,pio_fifo_overflow_drop_count,0,INFO,0
STS,1,185,348106256,rp2040_timer0,capture,pio_fifo_max_drain_batch,1,INFO,0
CNT,1,21,2,348110064,348126096,rp2040_timer0,16032,R,h0_tcxo_16mhz,16
REF,1,1020,1,R,359823968,rp2040_timer0,16
STS,1,186,364080352,rp2040_timer0,system,uptime_seconds,22,INFO,0
STS,1,187,364083664,rp2040_timer0,capture,event_count,21,INFO,0
STS,1,188,364087648,rp2040_timer0,capture,dropped_count,0,INFO,0
STS,1,189,364091952,rp2040_timer0,capture,error_flags,0,INFO,0
STS,1,190,364095648,rp2040_timer0,capture,pio_fifo_drained_event_count,21,INFO,0
STS,1,191,364098512,rp2040_timer0,capture,pio_fifo_empty_count,7502807,INFO,0
STS,1,192,364101904,rp2040_timer0,capture,pio_fifo_overflow_drop_count,0,INFO,0
STS,1,193,364105712,rp2040_timer0,capture,pio_fifo_max_drain_batch,1,INFO,0
CNT,1,22,2,364109584,364125600,rp2040_timer0,16016,R,h0_tcxo_16mhz,16
REF,1,1021,1,R,375823904,rp2040_timer0,16
STS,1,194,380080368,rp2040_timer0,system,uptime_seconds,23,INFO,0
STS,1,195,380084080,rp2040_timer0,capture,event_count,22,INFO,0
STS,1,196,380088304,rp2040_timer0,capture,dropped_count,0,INFO,0
STS,1,197,380092432,rp2040_timer0,capture,error_flags,0,INFO,0
STS,1,198,380096336,rp2040_timer0,capture,pio_fifo_drained_event_count,22,INFO,0
STS,1,199,380099296,rp2040_timer0,capture,pio_fifo_empty_count,7860287,INFO,0
STS,1,200,380102736,rp2040_timer0,capture,pio_fifo_overflow_drop_count,0,INFO,0
STS,1,201,380106656,rp2040_timer0,capture,pio_fifo_max_drain_batch,1,INFO,0
CNT,1,23,2,380110704,380126736,rp2040_timer0,16032,R,h0_tcxo_16mhz,16
REF,1,1022,1,R,391823888,rp2040_timer0,16
STS,1,202,396080400,rp2040_timer0,system,uptime_seconds,24,INFO,0
STS,1,203,396084096,rp2040_timer0,capture,event_count,23,INFO,0
STS,1,204,396088224,rp2040_timer0,capture,dropped_count,0,INFO,0
STS,1,205,396092224,rp2040_timer0,capture,error_flags,0,INFO,0
STS,1,206,396095760,rp2040_timer0,capture,pio_fifo_drained_event_count,23,INFO,0
STS,1,207,396098720,rp2040_timer0,capture,pio_fifo_empty_count,8217755,INFO,0
STS,1,208,396102048,rp2040_timer0,capture,pio_fifo_overflow_drop_count,0,INFO,0
STS,1,209,396105888,rp2040_timer0,capture,pio_fifo_max_drain_batch,1,INFO,0
CNT,1,24,2,396109712,396125728,rp2040_timer0,16016,R,h0_tcxo_16mhz,16
REF,1,1023,1,R,407823824,rp2040_timer0,16
STS,1,210,412080352,rp2040_timer0,system,uptime_seconds,25,INFO,0
STS,1,211,412083760,rp2040_timer0,capture,event_count,24,INFO,0
STS,1,212,412087840,rp2040_timer0,capture,dropped_count,0,INFO,0
STS,1,213,412091984,rp2040_timer0,capture,error_flags,0,INFO,0
STS,1,214,412095824,rp2040_timer0,capture,pio_fifo_drained_event_count,24,INFO,0
STS,1,215,412098688,rp2040_timer0,capture,pio_fifo_empty_count,8575237,INFO,0
STS,1,216,412102144,rp2040_timer0,capture,pio_fifo_overflow_drop_count,0,INFO,0
STS,1,217,412105936,rp2040_timer0,capture,pio_fifo_max_drain_batch,1,INFO,0
CNT,1,25,2,412109760,412125776,rp2040_timer0,16016,R,h0_tcxo_16mhz,16
REF,1,1024,1,R,423823792,rp2040_timer0,16
STS,1,218,428080336,rp2040_timer0,system,uptime_seconds,26,INFO,0
STS,1,219,428083904,rp2040_timer0,capture,event_count,25,INFO,0
STS,1,220,428087888,rp2040_timer0,capture,dropped_count,0,INFO,0
STS,1,221,428092096,rp2040_timer0,capture,error_flags,0,INFO,0
STS,1,222,428095968,rp2040_timer0,capture,pio_fifo_drained_event_count,25,INFO,0
STS,1,223,428098816,rp2040_timer0,capture,pio_fifo_empty_count,8932719,INFO,0
STS,1,224,428102112,rp2040_timer0,capture,pio_fifo_overflow_drop_count,0,INFO,0
STS,1,225,428106112,rp2040_timer0,capture,pio_fifo_max_drain_batch,1,INFO,0
CNT,1,26,2,428109984,428126000,rp2040_timer0,16016,R,h0_tcxo_16mhz,16
REF,1,1025,1,R,439823728,rp2040_timer0,16
STS,1,226,444080288,rp2040_timer0,system,uptime_seconds,27,INFO,0
STS,1,227,444083648,rp2040_timer0,capture,event_count,26,INFO,0
STS,1,228,444087632,rp2040_timer0,capture,dropped_count,0,INFO,0
STS,1,229,444091776,rp2040_timer0,capture,error_flags,0,INFO,0
STS,1,230,444095856,rp2040_timer0,capture,pio_fifo_drained_event_count,26,INFO,0
STS,1,231,444098672,rp2040_timer0,capture,pio_fifo_empty_count,9290199,INFO,0
STS,1,232,444102080,rp2040_timer0,capture,pio_fifo_overflow_drop_count,0,INFO,0
STS,1,233,444105712,rp2040_timer0,capture,pio_fifo_max_drain_batch,1,INFO,0
CNT,1,27,2,444109664,444125680,rp2040_timer0,16016,R,h0_tcxo_16mhz,16
REF,1,1026,1,R,455823696,rp2040_timer0,16
STS,1,234,460080352,rp2040_timer0,system,uptime_seconds,28,INFO,0
STS,1,235,460083824,rp2040_timer0,capture,event_count,27,INFO,0
STS,1,236,460088032,rp2040_timer0,capture,dropped_count,0,INFO,0
STS,1,237,460091552,rp2040_timer0,capture,error_flags,0,INFO,0
STS,1,238,460095584,rp2040_timer0,capture,pio_fifo_drained_event_count,27,INFO,0
STS,1,239,460098528,rp2040_timer0,capture,pio_fifo_empty_count,9647686,INFO,0
STS,1,240,460101824,rp2040_timer0,capture,pio_fifo_overflow_drop_count,0,INFO,0
STS,1,241,460105776,rp2040_timer0,capture,pio_fifo_max_drain_batch,1,INFO,0
CNT,1,28,2,460109664,460125696,rp2040_timer0,16032,R,h0_tcxo_16mhz,16
REF,1,1027,1,R,471823664,rp2040_timer0,16
STS,1,242,476080352,rp2040_timer0,system,uptime_seconds,29,INFO,0
STS,1,243,476083776,rp2040_timer0,capture,event_count,28,INFO,0
STS,1,244,476087856,rp2040_timer0,capture,dropped_count,0,INFO,0
STS,1,245,476091808,rp2040_timer0,capture,error_flags,0,INFO,0
STS,1,246,476095696,rp2040_timer0,capture,pio_fifo_drained_event_count,28,INFO,0
STS,1,247,476098544,rp2040_timer0,capture,pio_fifo_empty_count,10005172,INFO,0
STS,1,248,476102064,rp2040_timer0,capture,pio_fifo_overflow_drop_count,0,INFO,0
STS,1,249,476105888,rp2040_timer0,capture,pio_fifo_max_drain_batch,1,INFO,0
CNT,1,29,2,476109744,476125760,rp2040_timer0,16016,R,h0_tcxo_16mhz,16
REF,1,1028,1,R,487823600,rp2040_timer0,16
STS,1,250,492080320,rp2040_timer0,system,uptime_seconds,30,INFO,0
STS,1,251,492083520,rp2040_timer0,capture,event_count,29,INFO,0
STS,1,252,492087488,rp2040_timer0,capture,dropped_count,0,INFO,0
STS,1,253,492091648,rp2040_timer0,capture,error_flags,0,INFO,0
STS,1,254,492094848,rp2040_timer0,capture,pio_fifo_drained_event_count,29,INFO,0
STS,1,255,492097680,rp2040_timer0,capture,pio_fifo_empty_count,10362658,INFO,0
STS,1,256,492100912,rp2040_timer0,capture,pio_fifo_overflow_drop_count,0,INFO,0
STS,1,257,492104768,rp2040_timer0,capture,pio_fifo_max_drain_batch,1,INFO,0
CNT,1,30,2,492108496,492124512,rp2040_timer0,16016,R,h0_tcxo_16mhz,16
REF,1,1029,1,R,503823584,rp2040_timer0,16
STS,1,258,508080352,rp2040_timer0,system,uptime_seconds,31,INFO,0
STS,1,259,508083792,rp2040_timer0,capture,event_count,30,INFO,0
STS,1,260,508087664,rp2040_timer0,capture,dropped_count,0,INFO,0
STS,1,261,508091792,rp2040_timer0,capture,error_flags,0,INFO,0
STS,1,262,508095728,rp2040_timer0,capture,pio_fifo_drained_event_count,30,INFO,0
STS,1,263,508098544,rp2040_timer0,capture,pio_fifo_empty_count,10720161,INFO,0
STS,1,264,508101872,rp2040_timer0,capture,pio_fifo_overflow_drop_count,0,INFO,0
STS,1,265,508105824,rp2040_timer0,capture,pio_fifo_max_drain_batch,1,INFO,0
CNT,1,31,2,508109840,508125856,rp2040_timer0,16016,R,h0_tcxo_16mhz,16
REF,1,1030,1,R,519823520,rp2040_timer0,16
STS,1,266,524080368,rp2040_timer0,system,uptime_seconds,32,INFO,0
STS,1,267,524083728,rp2040_timer0,capture,event_count,31,INFO,0
STS,1,268,524087776,rp2040_timer0,capture,dropped_count,0,INFO,0
STS,1,269,524091808,rp2040_timer0,capture,error_flags,0,INFO,0
STS,1,270,524095472,rp2040_timer0,capture,pio_fifo_drained_event_count,31,INFO,0
STS,1,271,524098464,rp2040_timer0,capture,pio_fifo_empty_count,11077647,INFO,0
STS,1,272,524101808,rp2040_timer0,capture,pio_fifo_overflow_drop_count,0,INFO,0
STS,1,273,524105696,rp2040_timer0,capture,pio_fifo_max_drain_batch,1,INFO,0
CNT,1,32,2,524109536,524125552,rp2040_timer0,16016,R,h0_tcxo_16mhz,16
REF,1,1031,1,R,535823472,rp2040_timer0,16
STS,1,274,540080336,rp2040_timer0,system,uptime_seconds,33,INFO,0
STS,1,275,540083776,rp2040_timer0,capture,event_count,32,INFO,0
STS,1,276,540088048,rp2040_timer0,capture,dropped_count,0,INFO,0
STS,1,277,540092048,rp2040_timer0,capture,error_flags,0,INFO,0
STS,1,278,540095360,rp2040_timer0,capture,pio_fifo_drained_event_count,32,INFO,0
STS,1,279,540098144,rp2040_timer0,capture,pio_fifo_empty_count,11435141,INFO,0
STS,1,280,540101808,rp2040_timer0,capture,pio_fifo_overflow_drop_count,0,INFO,0
STS,1,281,540105664,rp2040_timer0,capture,pio_fifo_max_drain_batch,1,INFO,0
CNT,1,33,2,540109632,540125648,rp2040_timer0,16016,R,h0_tcxo_16mhz,16
REF,1,1032,1,R,551823440,rp2040_timer0,16
STS,1,282,556080384,rp2040_timer0,system,uptime_seconds,34,INFO,0
STS,1,283,556083744,rp2040_timer0,capture,event_count,33,INFO,0
STS,1,284,556088048,rp2040_timer0,capture,dropped_count,0,INFO,0
STS,1,285,556091840,rp2040_timer0,capture,error_flags,0,INFO,0
STS,1,286,556095632,rp2040_timer0,capture,pio_fifo_drained_event_count,33,INFO,0
STS,1,287,556098480,rp2040_timer0,capture,pio_fifo_empty_count,11792633,INFO,0
STS,1,288,556101792,rp2040_timer0,capture,pio_fifo_overflow_drop_count,0,INFO,0
STS,1,289,556105984,rp2040_timer0,capture,pio_fifo_max_drain_batch,1,INFO,0
CNT,1,34,2,556109808,556125824,rp2040_timer0,16016,R,h0_tcxo_16mhz,16
REF,1,1033,1,R,567823408,rp2040_timer0,16
STS,1,290,572080320,rp2040_timer0,system,uptime_seconds,35,INFO,0
STS,1,291,572083680,rp2040_timer0,capture,event_count,34,INFO,0
STS,1,292,572087808,rp2040_timer0,capture,dropped_count,0,INFO,0
STS,1,293,572092032,rp2040_timer0,capture,error_flags,0,INFO,0
STS,1,294,572095248,rp2040_timer0,capture,pio_fifo_drained_event_count,34,INFO,0
STS,1,295,572098176,rp2040_timer0,capture,pio_fifo_empty_count,12150120,INFO,0
STS,1,296,572101584,rp2040_timer0,capture,pio_fifo_overflow_drop_count,0,INFO,0
STS,1,297,572105632,rp2040_timer0,capture,pio_fifo_max_drain_batch,1,INFO,0
CNT,1,35,2,572109600,572125616,rp2040_timer0,16016,R,h0_tcxo_16mhz,16
REF,1,1034,1,R,583823392,rp2040_timer0,16
STS,1,298,588080304,rp2040_timer0,system,uptime_seconds,36,INFO,0
STS,1,299,588083888,rp2040_timer0,capture,event_count,35,INFO,0
STS,1,300,588088032,rp2040_timer0,capture,dropped_count,0,INFO,0
STS,1,301,588091952,rp2040_timer0,capture,error_flags,0,INFO,0
STS,1,302,588095744,rp2040_timer0,capture,pio_fifo_drained_event_count,35,INFO,0
STS,1,303,588098784,rp2040_timer0,capture,pio_fifo_empty_count,12507609,INFO,0
STS,1,304,588102080,rp2040_timer0,capture,pio_fifo_overflow_drop_count,0,INFO,0
STS,1,305,588105728,rp2040_timer0,capture,pio_fifo_max_drain_batch,1,INFO,0
CNT,1,36,2,588109536,588125552,rp2040_timer0,16016,R,h0_tcxo_16mhz,16
REF,1,1035,1,R,599823328,rp2040_timer0,16
STS,1,306,604080352,rp2040_timer0,system,uptime_seconds,37,INFO,0
STS,1,307,604083888,rp2040_timer0,capture,event_count,36,INFO,0
STS,1,308,604088048,rp2040_timer0,capture,dropped_count,0,INFO,0
STS,1,309,604091472,rp2040_timer0,capture,error_flags,0,INFO,0
STS,1,310,604094912,rp2040_timer0,capture,pio_fifo_drained_event_count,36,INFO,0
STS,1,311,604097888,rp2040_timer0,capture,pio_fifo_empty_count,12865099,INFO,0
STS,1,312,604101264,rp2040_timer0,capture,pio_fifo_overflow_drop_count,0,INFO,0
STS,1,313,604105136,rp2040_timer0,capture,pio_fifo_max_drain_batch,1,INFO,0
CNT,1,37,2,604108832,604124848,rp2040_timer0,16016,R,h0_tcxo_16mhz,16
REF,1,1036,1,R,615823328,rp2040_timer0,16
STS,1,314,620080336,rp2040_timer0,system,uptime_seconds,38,INFO,0
STS,1,315,620083584,rp2040_timer0,capture,event_count,37,INFO,0
STS,1,316,620087888,rp2040_timer0,capture,dropped_count,0,INFO,0
STS,1,317,620091840,rp2040_timer0,capture,error_flags,0,INFO,0
STS,1,318,620095504,rp2040_timer0,capture,pio_fifo_drained_event_count,37,INFO,0
STS,1,319,620098320,rp2040_timer0,capture,pio_fifo_empty_count,13222600,INFO,0
STS,1,320,620101824,rp2040_timer0,capture,pio_fifo_overflow_drop_count,0,INFO,0
STS,1,321,620105968,rp2040_timer0,capture,pio_fifo_max_drain_batch,1,INFO,0
CNT,1,38,2,620109664,620125680,rp2040_timer0,16016,R,h0_tcxo_16mhz,16
REF,1,1037,1,R,631823296,rp2040_timer0,16
STS,1,322,636080368,rp2040_timer0,system,uptime_seconds,39,INFO,0
STS,1,323,636083696,rp2040_timer0,capture,event_count,38,INFO,0
STS,1,324,636087680,rp2040_timer0,capture,dropped_count,0,INFO,0
STS,1,325,636091760,rp2040_timer0,capture,error_flags,0,INFO,0
STS,1,326,636095344,rp2040_timer0,capture,pio_fifo_drained_event_count,38,INFO,0
STS,1,327,636098144,rp2040_timer0,capture,pio_fifo_empty_count,13580091,INFO,0
STS,1,328,636101472,rp2040_timer0,capture,pio_fifo_overflow_drop_count,0,INFO,0
STS,1,329,636105312,rp2040_timer0,capture,pio_fifo_max_drain_batch,1,INFO,0
CNT,1,39,2,636109472,636125488,rp2040_timer0,16016,R,h0_tcxo_16mhz,16
REF,1,1038,1,R,647823248,rp2040_timer0,16
STS,1,330,652080336,rp2040_timer0,system,uptime_seconds,40,INFO,0
STS,1,331,652083680,rp2040_timer0,capture,event_count,39,INFO,0
STS,1,332,652087632,rp2040_timer0,capture,dropped_count,0,INFO,0
STS,1,333,652091200,rp2040_timer0,capture,error_flags,0,INFO,0
STS,1,334,652094576,rp2040_timer0,capture,pio_fifo_drained_event_count,39,INFO,0
STS,1,335,652097472,rp2040_timer0,capture,pio_fifo_empty_count,13937586,INFO,0
STS,1,336,652100976,rp2040_timer0,capture,pio_fifo_overflow_drop_count,0,INFO,0
STS,1,337,652104864,rp2040_timer0,capture,pio_fifo_max_drain_batch,1,INFO,0
CNT,1,40,2,652108848,652124864,rp2040_timer0,16017,R,h0_tcxo_16mhz,16
REF,1,1039,1,R,663823184,rp2040_timer0,16
STS,1,338,668080448,rp2040_timer0,system,uptime_seconds,41,INFO,0
STS,1,339,668083808,rp2040_timer0,capture,event_count,40,INFO,0
STS,1,340,668087984,rp2040_timer0,capture,dropped_count,0,INFO,0
STS,1,341,668091952,rp2040_timer0,capture,error_flags,0,INFO,0
STS,1,342,668095568,rp2040_timer0,capture,pio_fifo_drained_event_count,40,INFO,0
STS,1,343,668098752,rp2040_timer0,capture,pio_fifo_empty_count,14295089,INFO,0
STS,1,344,668102208,rp2040_timer0,capture,pio_fifo_overflow_drop_count,0,INFO,0
STS,1,345,668105856,rp2040_timer0,capture,pio_fifo_max_drain_batch,1,INFO,0
CNT,1,41,2,668109680,668125712,rp2040_timer0,16032,R,h0_tcxo_16mhz,16
REF,1,1040,1,R,679823136,rp2040_timer0,16
STS,1,346,684080352,rp2040_timer0,system,uptime_seconds,42,INFO,0
STS,1,347,684083728,rp2040_timer0,capture,event_count,41,INFO,0
STS,1,348,684088016,rp2040_timer0,capture,dropped_count,0,INFO,0
STS,1,349,684091536,rp2040_timer0,capture,error_flags,0,INFO,0
STS,1,350,684094896,rp2040_timer0,capture,pio_fifo_drained_event_count,41,INFO,0
STS,1,351,684097664,rp2040_timer0,capture,pio_fifo_empty_count,14652576,INFO,0
STS,1,352,684100976,rp2040_timer0,capture,pio_fifo_overflow_drop_count,0,INFO,0
STS,1,353,684104896,rp2040_timer0,capture,pio_fifo_max_drain_batch,1,INFO,0
CNT,1,42,2,684108768,684124784,rp2040_timer0,16016,R,h0_tcxo_16mhz,16
REF,1,1041,1,R,695823104,rp2040_timer0,16
STS,1,354,700080368,rp2040_timer0,system,uptime_seconds,43,INFO,0
STS,1,355,700083776,rp2040_timer0,capture,event_count,42,INFO,0
STS,1,356,700087872,rp2040_timer0,capture,dropped_count,0,INFO,0
STS,1,357,700091984,rp2040_timer0,capture,error_flags,0,INFO,0
STS,1,358,700095456,rp2040_timer0,capture,pio_fifo_drained_event_count,42,INFO,0
STS,1,359,700098480,rp2040_timer0,capture,pio_fifo_empty_count,15010079,INFO,0
STS,1,360,700101984,rp2040_timer0,capture,pio_fifo_overflow_drop_count,0,INFO,0
STS,1,361,700106288,rp2040_timer0,capture,pio_fifo_max_drain_batch,1,INFO,0
CNT,1,43,2,700110064,700126080,rp2040_timer0,16016,R,h0_tcxo_16mhz,16
REF,1,1042,1,R,711823056,rp2040_timer0,16
STS,1,362,716080368,rp2040_timer0,system,uptime_seconds,44,INFO,0
STS,1,363,716083968,rp2040_timer0,capture,event_count,43,INFO,0
STS,1,364,716088000,rp2040_timer0,capture,dropped_count,0,INFO,0
STS,1,365,716092240,rp2040_timer0,capture,error_flags,0,INFO,0
STS,1,366,716095872,rp2040_timer0,capture,pio_fifo_drained_event_count,43,INFO,0
STS,1,367,716098928,rp2040_timer0,capture,pio_fifo_empty_count,15367564,INFO,0
STS,1,368,716102528,rp2040_timer0,capture,pio_fifo_overflow_drop_count,0,INFO,0
STS,1,369,716106592,rp2040_timer0,capture,pio_fifo_max_drain_batch,1,INFO,0
CNT,1,44,2,716110416,716126432,rp2040_timer0,16016,R,h0_tcxo_16mhz,16
REF,1,1043,1,R,727823024,rp2040_timer0,16
STS,1,370,732080352,rp2040_timer0,system,uptime_seconds,45,INFO,0
STS,1,371,732083872,rp2040_timer0,capture,event_count,44,INFO,0
STS,1,372,732087888,rp2040_timer0,capture,dropped_count,0,INFO,0
STS,1,373,732092000,rp2040_timer0,capture,error_flags,0,INFO,0
STS,1,374,732095760,rp2040_timer0,capture,pio_fifo_drained_event_count,44,INFO,0
STS,1,375,732098784,rp2040_timer0,capture,pio_fifo_empty_count,15725039,INFO,0
STS,1,376,732102528,rp2040_timer0,capture,pio_fifo_overflow_drop_count,0,INFO,0
STS,1,377,732106352,rp2040_timer0,capture,pio_fifo_max_drain_batch,1,INFO,0
CNT,1,45,2,732110288,732126304,rp2040_timer0,16016,R,h0_tcxo_16mhz,16
REF,1,1044,1,R,743822992,rp2040_timer0,16
STS,1,378,748080352,rp2040_timer0,system,uptime_seconds,46,INFO,0
STS,1,379,748084208,rp2040_timer0,capture,event_count,45,INFO,0
STS,1,380,748088192,rp2040_timer0,capture,dropped_count,0,INFO,0
STS,1,381,748092112,rp2040_timer0,capture,error_flags,0,INFO,0
STS,1,382,748095712,rp2040_timer0,capture,pio_fifo_drained_event_count,45,INFO,0
STS,1,383,748098912,rp2040_timer0,capture,pio_fifo_empty_count,16082521,INFO,0
STS,1,384,748102576,rp2040_timer0,capture,pio_fifo_overflow_drop_count,0,INFO,0
STS,1,385,748106400,rp2040_timer0,capture,pio_fifo_max_drain_batch,1,INFO,0
CNT,1,46,2,748110240,748126256,rp2040_timer0,16016,R,h0_tcxo_16mhz,16
REF,1,1045,1,R,759822960,rp2040_timer0,16
STS,1,386,764080336,rp2040_timer0,system,uptime_seconds,47,INFO,0
STS,1,387,764084016,rp2040_timer0,capture,event_count,46,INFO,0
STS,1,388,764088336,rp2040_timer0,capture,dropped_count,0,INFO,0
STS,1,389,764091808,rp2040_timer0,capture,error_flags,0,INFO,0
STS,1,390,764095216,rp2040_timer0,capture,pio_fifo_drained_event_count,46,INFO,0
STS,1,391,764098336,rp2040_timer0,capture,pio_fifo_empty_count,16440000,INFO,0
STS,1,392,764101968,rp2040_timer0,capture,pio_fifo_overflow_drop_count,0,INFO,0
STS,1,393,764105792,rp2040_timer0,capture,pio_fifo_max_drain_batch,1,INFO,0
CNT,1,47,2,764109584,764125616,rp2040_timer0,16032,R,h0_tcxo_16mhz,16
REF,1,1046,1,R,775822912,rp2040_timer0,16
STS,1,394,780080320,rp2040_timer0,system,uptime_seconds,48,INFO,0
STS,1,395,780084032,rp2040_timer0,capture,event_count,47,INFO,0
STS,1,396,780088048,rp2040_timer0,capture,dropped_count,0,INFO,0
STS,1,397,780092272,rp2040_timer0,capture,error_flags,0,INFO,0
STS,1,398,780095584,rp2040_timer0,capture,pio_fifo_drained_event_count,47,INFO,0
STS,1,399,780098576,rp2040_timer0,capture,pio_fifo_empty_count,16797491,INFO,0
STS,1,400,780102016,rp2040_timer0,capture,pio_fifo_overflow_drop_count,0,INFO,0
STS,1,401,780106288,rp2040_timer0,capture,pio_fifo_max_drain_batch,1,INFO,0
CNT,1,48,2,780110032,780126064,rp2040_timer0,16032,R,h0_tcxo_16mhz,16
REF,1,1047,1,R,791822880,rp2040_timer0,16
STS,1,402,796080320,rp2040_timer0,system,uptime_seconds,49,INFO,0
STS,1,403,796083952,rp2040_timer0,capture,event_count,48,INFO,0
STS,1,404,796088096,rp2040_timer0,capture,dropped_count,0,INFO,0
STS,1,405,796091680,rp2040_timer0,capture,error_flags,0,INFO,0
STS,1,406,796095184,rp2040_timer0,capture,pio_fifo_drained_event_count,48,INFO,0
STS,1,407,796098192,rp2040_timer0,capture,pio_fifo_empty_count,17154977,INFO,0
STS,1,408,796101776,rp2040_timer0,capture,pio_fifo_overflow_drop_count,0,INFO,0
STS,1,409,796105856,rp2040_timer0,capture,pio_fifo_max_drain_batch,1,INFO,0
CNT,1,49,2,796109808,796125824,rp2040_timer0,16016,R,h0_tcxo_16mhz,16
REF,1,1048,1,R,807822832,rp2040_timer0,16
STS,1,410,812080352,rp2040_timer0,system,uptime_seconds,50,INFO,0
STS,1,411,812084256,rp2040_timer0,capture,event_count,49,INFO,0
STS,1,412,812088544,rp2040_timer0,capture,dropped_count,0,INFO,0
STS,1,413,812091952,rp2040_timer0,capture,error_flags,0,INFO,0
STS,1,414,812094960,rp2040_timer0,capture,pio_fifo_drained_event_count,49,INFO,0
STS,1,415,812098336,rp2040_timer0,capture,pio_fifo_empty_count,17512470,INFO,0
STS,1,416,812101984,rp2040_timer0,capture,pio_fifo_overflow_drop_count,0,INFO,0
STS,1,417,812105744,rp2040_timer0,capture,pio_fifo_max_drain_batch,1,INFO,0
CNT,1,50,2,812109792,812125808,rp2040_timer0,16016,R,h0_tcxo_16mhz,16
REF,1,1049,1,R,823822800,rp2040_timer0,16
STS,1,418,828080336,rp2040_timer0,system,uptime_seconds,51,INFO,0
STS,1,419,828084320,rp2040_timer0,capture,event_count,50,INFO,0
STS,1,420,828088272,rp2040_timer0,capture,dropped_count,0,INFO,0
STS,1,421,828091616,rp2040_timer0,capture,error_flags,0,INFO,0
STS,1,422,828095040,rp2040_timer0,capture,pio_fifo_drained_event_count,50,INFO,0
STS,1,423,828098048,rp2040_timer0,capture,pio_fifo_empty_count,17869962,INFO,0
STS,1,424,828101648,rp2040_timer0,capture,pio_fifo_overflow_drop_count,0,INFO,0
STS,1,425,828105488,rp2040_timer0,capture,pio_fifo_max_drain_batch,1,INFO,0
CNT,1,51,2,828109200,828125216,rp2040_timer0,16016,R,h0_tcxo_16mhz,16
REF,1,1050,1,R,839822752,rp2040_timer0,16
STS,1,426,844080336,rp2040_timer0,system,uptime_seconds,52,INFO,0
STS,1,427,844084000,rp2040_timer0,capture,event_count,51,INFO,0
STS,1,428,844088304,rp2040_timer0,capture,dropped_count,0,INFO,0
STS,1,429,844091776,rp2040_timer0,capture,error_flags,0,INFO,0
STS,1,430,844095312,rp2040_timer0,capture,pio_fifo_drained_event_count,51,INFO,0
STS,1,431,844098304,rp2040_timer0,capture,pio_fifo_empty_count,18227466,INFO,0
STS,1,432,844101952,rp2040_timer0,capture,pio_fifo_overflow_drop_count,0,INFO,0
STS,1,433,844105920,rp2040_timer0,capture,pio_fifo_max_drain_batch,1,INFO,0
CNT,1,52,2,844109632,844125648,rp2040_timer0,16016,R,h0_tcxo_16mhz,16
REF,1,1051,1,R,855822688,rp2040_timer0,16
STS,1,434,860080368,rp2040_timer0,system,uptime_seconds,53,INFO,0
STS,1,435,860084384,rp2040_timer0,capture,event_count,52,INFO,0
STS,1,436,860088400,rp2040_timer0,capture,dropped_count,0,INFO,0
STS,1,437,860091648,rp2040_timer0,capture,error_flags,0,INFO,0
STS,1,438,860095184,rp2040_timer0,capture,pio_fifo_drained_event_count,52,INFO,0
STS,1,439,860098224,rp2040_timer0,capture,pio_fifo_empty_count,18584963,INFO,0
STS,1,440,860101856,rp2040_timer0,capture,pio_fifo_overflow_drop_count,0,INFO,0
STS,1,441,860105808,rp2040_timer0,capture,pio_fifo_max_drain_batch,1,INFO,0
CNT,1,53,2,860110000,860126016,rp2040_timer0,16016,R,h0_tcxo_16mhz,16
REF,1,1052,1,R,871822656,rp2040_timer0,16
STS,1,442,876080320,rp2040_timer0,system,uptime_seconds,54,INFO,0
STS,1,443,876084304,rp2040_timer0,capture,event_count,53,INFO,0
STS,1,444,876088352,rp2040_timer0,capture,dropped_count,0,INFO,0
STS,1,445,876091696,rp2040_timer0,capture,error_flags,0,INFO,0
STS,1,446,876095136,rp2040_timer0,capture,pio_fifo_drained_event_count,53,INFO,0
STS,1,447,876098144,rp2040_timer0,capture,pio_fifo_empty_count,18942451,INFO,0
STS,1,448,876101648,rp2040_timer0,capture,pio_fifo_overflow_drop_count,0,INFO,0
STS,1,449,876105472,rp2040_timer0,capture,pio_fifo_max_drain_batch,1,INFO,0
CNT,1,54,2,876109488,876125520,rp2040_timer0,16032,R,h0_tcxo_16mhz,16
REF,1,1053,1,R,887822608,rp2040_timer0,16
STS,1,450,892080368,rp2040_timer0,system,uptime_seconds,55,INFO,0
STS,1,451,892084848,rp2040_timer0,capture,event_count,54,INFO,0
STS,1,452,892088864,rp2040_timer0,capture,dropped_count,0,INFO,0
STS,1,453,892092768,rp2040_timer0,capture,error_flags,0,INFO,0
STS,1,454,892095776,rp2040_timer0,capture,pio_fifo_drained_event_count,54,INFO,0
STS,1,455,892099168,rp2040_timer0,capture,pio_fifo_empty_count,19299948,INFO,0
STS,1,456,892103056,rp2040_timer0,capture,pio_fifo_overflow_drop_count,0,INFO,0
STS,1,457,892107072,rp2040_timer0,capture,pio_fifo_max_drain_batch,1,INFO,0
CNT,1,55,2,892110672,892126688,rp2040_timer0,16016,R,h0_tcxo_16mhz,16
REF,1,1054,1,R,903822592,rp2040_timer0,16
STS,1,458,908080336,rp2040_timer0,system,uptime_seconds,56,INFO,0
STS,1,459,908084320,rp2040_timer0,capture,event_count,55,INFO,0
STS,1,460,908088560,rp2040_timer0,capture,dropped_count,0,INFO,0
STS,1,461,908091888,rp2040_timer0,capture,error_flags,0,INFO,0
STS,1,462,908095104,rp2040_timer0,capture,pio_fifo_drained_event_count,55,INFO,0
STS,1,463,908098112,rp2040_timer0,capture,pio_fifo_empty_count,19657425,INFO,0
STS,1,464,908102048,rp2040_timer0,capture,pio_fifo_overflow_drop_count,0,INFO,0
STS,1,465,908105984,rp2040_timer0,capture,pio_fifo_max_drain_batch,1,INFO,0
CNT,1,56,2,908109808,908125824,rp2040_timer0,16016,R,h0_tcxo_16mhz,16
REF,1,1055,1,R,919822528,rp2040_timer0,16
STS,1,466,924080320,rp2040_timer0,system,uptime_seconds,57,INFO,0
STS,1,467,924084480,rp2040_timer0,capture,event_count,56,INFO,0
STS,1,468,924088416,rp2040_timer0,capture,dropped_count,0,INFO,0
STS,1,469,924092032,rp2040_timer0,capture,error_flags,0,INFO,0
STS,1,470,924095216,rp2040_timer0,capture,pio_fifo_drained_event_count,56,INFO,0
STS,1,471,924098240,rp2040_timer0,capture,pio_fifo_empty_count,20014917,INFO,0
STS,1,472,924102032,rp2040_timer0,capture,pio_fifo_overflow_drop_count,0,INFO,0
STS,1,473,924106160,rp2040_timer0,capture,pio_fifo_max_drain_batch,1,INFO,0
CNT,1,57,2,924110000,924126016,rp2040_timer0,16016,R,h0_tcxo_16mhz,16
REF,1,1056,1,R,935822512,rp2040_timer0,16
STS,1,474,940080352,rp2040_timer0,system,uptime_seconds,58,INFO,0
STS,1,475,940084304,rp2040_timer0,capture,event_count,57,INFO,0
STS,1,476,940088400,rp2040_timer0,capture,dropped_count,0,INFO,0
STS,1,477,940091488,rp2040_timer0,capture,error_flags,0,INFO,0
STS,1,478,940094944,rp2040_timer0,capture,pio_fifo_drained_event_count,57,INFO,0
STS,1,479,940098032,rp2040_timer0,capture,pio_fifo_empty_count,20372410,INFO,0
STS,1,480,940101504,rp2040_timer0,capture,pio_fifo_overflow_drop_count,0,INFO,0
STS,1,481,940105472,rp2040_timer0,capture,pio_fifo_max_drain_batch,1,INFO,0
CNT,1,58,2,940109552,940125568,rp2040_timer0,16016,R,h0_tcxo_16mhz,16
REF,1,1057,1,R,951822480,rp2040_timer0,16
STS,1,482,956080352,rp2040_timer0,system,uptime_seconds,59,INFO,0
STS,1,483,956084816,rp2040_timer0,capture,event_count,58,INFO,0
STS,1,484,956088832,rp2040_timer0,capture,dropped_count,0,INFO,0
STS,1,485,956092736,rp2040_timer0,capture,error_flags,0,INFO,0
STS,1,486,956095696,rp2040_timer0,capture,pio_fifo_drained_event_count,58,INFO,0
STS,1,487,956099168,rp2040_timer0,capture,pio_fifo_empty_count,20729913,INFO,0
STS,1,488,956103056,rp2040_timer0,capture,pio_fifo_overflow_drop_count,0,INFO,0
STS,1,489,956107056,rp2040_timer0,capture,pio_fifo_max_drain_batch,1,INFO,0
CNT,1,59,2,956110528,956126544,rp2040_timer0,16016,R,h0_tcxo_16mhz,16
REF,1,1058,1,R,967822416,rp2040_timer0,16
STS,1,490,972080320,rp2040_timer0,system,uptime_seconds,60,INFO,0
STS,1,491,972084496,rp2040_timer0,capture,event_count,59,INFO,0
STS,1,492,972088544,rp2040_timer0,capture,dropped_count,0,INFO,0
STS,1,493,972091872,rp2040_timer0,capture,error_flags,0,INFO,0
STS,1,494,972094896,rp2040_timer0,capture,pio_fifo_drained_event_count,59,INFO,0
STS,1,495,972097968,rp2040_timer0,capture,pio_fifo_empty_count,21087393,INFO,0
STS,1,496,972101584,rp2040_timer0,capture,pio_fifo_overflow_drop_count,0,INFO,0
STS,1,497,972105584,rp2040_timer0,capture,pio_fifo_max_drain_batch,1,INFO,0
CNT,1,60,2,972109472,972125488,rp2040_timer0,16016,R,h0_tcxo_16mhz,16
REF,1,1059,1,R,983822384,rp2040_timer0,16
STS,1,498,988080368,rp2040_timer0,system,uptime_seconds,61,INFO,0
STS,1,499,988084432,rp2040_timer0,capture,event_count,60,INFO,0
STS,1,500,988088400,rp2040_timer0,capture,dropped_count,0,INFO,0
STS,1,501,988091968,rp2040_timer0,capture,error_flags,0,INFO,0
STS,1,502,988094832,rp2040_timer0,capture,pio_fifo_drained_event_count,60,INFO,0
STS,1,503,988097856,rp2040_timer0,capture,pio_fifo_empty_count,21444899,INFO,0
STS,1,504,988101456,rp2040_timer0,capture,pio_fifo_overflow_drop_count,0,INFO,0
STS,1,505,988105360,rp2040_timer0,capture,pio_fifo_max_drain_batch,1,INFO,0
CNT,1,61,2,988109248,988125280,rp2040_timer0,16032,R,h0_tcxo_16mhz,16
REF,1,1060,1,R,999822368,rp2040_timer0,16
STS,1,506,1004080320,rp2040_timer0,system,uptime_seconds,62,INFO,0
STS,1,507,1004084480,rp2040_timer0,capture,event_count,61,INFO,0
STS,1,508,1004088656,rp2040_timer0,capture,dropped_count,0,INFO,0
STS,1,509,1004092848,rp2040_timer0,capture,error_flags,0,INFO,0
STS,1,510,1004095776,rp2040_timer0,capture,pio_fifo_drained_event_count,61,INFO,0
STS,1,511,1004099088,rp2040_timer0,capture,pio_fifo_empty_count,21802404,INFO,0
STS,1,512,1004102944,rp2040_timer0,capture,pio_fifo_overflow_drop_count,0,INFO,0
STS,1,513,1004106880,rp2040_timer0,capture,pio_fifo_max_drain_batch,1,INFO,0
CNT,1,62,2,1004110368,1004126384,rp2040_timer0,16016,R,h0_tcxo_16mhz,16
REF,1,1061,1,R,1015822304,rp2040_timer0,16
STS,1,514,1020080352,rp2040_timer0,system,uptime_seconds,63,INFO,0
STS,1,515,1020084800,rp2040_timer0,capture,event_count,62,INFO,0
STS,1,516,1020088576,rp2040_timer0,capture,dropped_count,0,INFO,0
STS,1,517,1020092288,rp2040_timer0,capture,error_flags,0,INFO,0
STS,1,518,1020095376,rp2040_timer0,capture,pio_fifo_drained_event_count,62,INFO,0
STS,1,519,1020098768,rp2040_timer0,capture,pio_fifo_empty_count,22159888,INFO,0
STS,1,520,1020102448,rp2040_timer0,capture,pio_fifo_overflow_drop_count,0,INFO,0
STS,1,521,1020106336,rp2040_timer0,capture,pio_fifo_max_drain_batch,1,INFO,0
CNT,1,63,2,1020109968,1020125984,rp2040_timer0,16016,R,h0_tcxo_16mhz,16
REF,1,1062,1,R,1031822272,rp2040_timer0,16
STS,1,522,1036080336,rp2040_timer0,system,uptime_seconds,64,INFO,0
STS,1,523,1036084592,rp2040_timer0,capture,event_count,63,INFO,0
STS,1,524,1036088560,rp2040_timer0,capture,dropped_count,0,INFO,0
STS,1,525,1036091728,rp2040_timer0,capture,error_flags,0,INFO,0
STS,1,526,1036094832,rp2040_timer0,capture,pio_fifo_drained_event_count,63,INFO,0
STS,1,527,1036097872,rp2040_timer0,capture,pio_fifo_empty_count,22517380,INFO,0
STS,1,528,1036101648,rp2040_timer0,capture,pio_fifo_overflow_drop_count,0,INFO,0
STS,1,529,1036105472,rp2040_timer0,capture,pio_fifo_max_drain_batch,1,INFO,0
CNT,1,64,2,1036109376,1036125408,rp2040_timer0,16032,R,h0_tcxo_16mhz,16
REF,1,1063,1,R,1047822256,rp2040_timer0,16
STS,1,530,1052080352,rp2040_timer0,system,uptime_seconds,65,INFO,0
STS,1,531,1052084704,rp2040_timer0,capture,event_count,64,INFO,0
STS,1,532,1052088752,rp2040_timer0,capture,dropped_count,0,INFO,0
STS,1,533,1052092160,rp2040_timer0,capture,error_flags,0,INFO,0
STS,1,534,1052095264,rp2040_timer0,capture,pio_fifo_drained_event_count,64,INFO,0
STS,1,535,1052098480,rp2040_timer0,capture,pio_fifo_empty_count,22874886,INFO,0
STS,1,536,1052102432,rp2040_timer0,capture,pio_fifo_overflow_drop_count,0,INFO,0
STS,1,537,1052106416,rp2040_timer0,capture,pio_fifo_max_drain_batch,1,INFO,0
CNT,1,65,2,1052109904,1052125936,rp2040_timer0,16032,R,h0_tcxo_16mhz,16
REF,1,1064,1,R,1063822224,rp2040_timer0,16
STS,1,538,1068080352,rp2040_timer0,system,uptime_seconds,66,INFO,0
STS,1,539,1068084672,rp2040_timer0,capture,event_count,65,INFO,0
STS,1,540,1068088512,rp2040_timer0,capture,dropped_count,0,INFO,0
STS,1,541,1068092096,rp2040_timer0,capture,error_flags,0,INFO,0
STS,1,542,1068095296,rp2040_timer0,capture,pio_fifo_drained_event_count,65,INFO,0
STS,1,543,1068098544,rp2040_timer0,capture,pio_fifo_empty_count,23232379,INFO,0
STS,1,544,1068102432,rp2040_timer0,capture,pio_fifo_overflow_drop_count,0,INFO,0
STS,1,545,1068106288,rp2040_timer0,capture,pio_fifo_max_drain_batch,1,INFO,0
CNT,1,66,2,1068110032,1068126048,rp2040_timer0,16016,R,h0_tcxo_16mhz,16
REF,1,1065,1,R,1079822176,rp2040_timer0,16
STS,1,546,1084080320,rp2040_timer0,system,uptime_seconds,67,INFO,0
STS,1,547,1084084608,rp2040_timer0,capture,event_count,66,INFO,0
STS,1,548,1084088256,rp2040_timer0,capture,dropped_count,0,INFO,0
STS,1,549,1084091280,rp2040_timer0,capture,error_flags,0,INFO,0
STS,1,550,1084094720,rp2040_timer0,capture,pio_fifo_drained_event_count,66,INFO,0
STS,1,551,1084097760,rp2040_timer0,capture,pio_fifo_empty_count,23589870,INFO,0
STS,1,552,1084101216,rp2040_timer0,capture,pio_fifo_overflow_drop_count,0,INFO,0
STS,1,553,1084105168,rp2040_timer0,capture,pio_fifo_max_drain_batch,1,INFO,0
CNT,1,67,2,1084109088,1084125104,rp2040_timer0,16016,R,h0_tcxo_16mhz,16
REF,1,1066,1,R,1095822160,rp2040_timer0,16
STS,1,554,1100080368,rp2040_timer0,system,uptime_seconds,68,INFO,0
STS,1,555,1100084816,rp2040_timer0,capture,event_count,67,INFO,0
STS,1,556,1100088464,rp2040_timer0,capture,dropped_count,0,INFO,0
STS,1,557,1100091696,rp2040_timer0,capture,error_flags,0,INFO,0
STS,1,558,1100095056,rp2040_timer0,capture,pio_fifo_drained_event_count,67,INFO,0
STS,1,559,1100098048,rp2040_timer0,capture,pio_fifo_empty_count,23947380,INFO,0
STS,1,560,1100102192,rp2040_timer0,capture,pio_fifo_overflow_drop_count,0,INFO,0
STS,1,561,1100106064,rp2040_timer0,capture,pio_fifo_max_drain_batch,1,INFO,0
CNT,1,68,2,1100109728,1100125744,rp2040_timer0,16016,R,h0_tcxo_16mhz,16
REF,1,1067,1,R,1111822096,rp2040_timer0,16
STS,1,562,1116080320,rp2040_timer0,system,uptime_seconds,69,INFO,0
STS,1,563,1116084480,rp2040_timer0,capture,event_count,68,INFO,0
STS,1,564,1116088816,rp2040_timer0,capture,dropped_count,0,INFO,0
STS,1,565,1116092928,rp2040_timer0,capture,error_flags,0,INFO,0
STS,1,566,1116095760,rp2040_timer0,capture,pio_fifo_drained_event_count,68,INFO,0
STS,1,567,1116099168,rp2040_timer0,capture,pio_fifo_empty_count,24304879,INFO,0
STS,1,568,1116103168,rp2040_timer0,capture,pio_fifo_overflow_drop_count,0,INFO,0
STS,1,569,1116106992,rp2040_timer0,capture,pio_fifo_max_drain_batch,1,INFO,0
CNT,1,69,2,1116110288,1116126304,rp2040_timer0,16016,R,h0_tcxo_16mhz,16
REF,1,1068,1,R,1127822064,rp2040_timer0,16
STS,1,570,1132080352,rp2040_timer0,system,uptime_seconds,70,INFO,0
STS,1,571,1132084512,rp2040_timer0,capture,event_count,69,INFO,0
STS,1,572,1132088464,rp2040_timer0,capture,dropped_count,0,INFO,0
STS,1,573,1132092384,rp2040_timer0,capture,error_flags,0,INFO,0
STS,1,574,1132095568,rp2040_timer0,capture,pio_fifo_drained_event_count,69,INFO,0
STS,1,575,1132098784,rp2040_timer0,capture,pio_fifo_empty_count,24662364,INFO,0
STS,1,576,1132102688,rp2040_timer0,capture,pio_fifo_overflow_drop_count,0,INFO,0
STS,1,577,1132106992,rp2040_timer0,capture,pio_fifo_max_drain_batch,1,INFO,0
CNT,1,70,2,1132110304,1132126336,rp2040_timer0,16032,R,h0_tcxo_16mhz,16
REF,1,1069,1,R,1143822032,rp2040_timer0,16
STS,1,578,1148080352,rp2040_timer0,system,uptime_seconds,71,INFO,0
STS,1,579,1148084496,rp2040_timer0,capture,event_count,70,INFO,0
STS,1,580,1148088496,rp2040_timer0,capture,dropped_count,0,INFO,0
STS,1,581,1148092112,rp2040_timer0,capture,error_flags,0,INFO,0
STS,1,582,1148095424,rp2040_timer0,capture,pio_fifo_drained_event_count,70,INFO,0
STS,1,583,1148098656,rp2040_timer0,capture,pio_fifo_empty_count,25019850,INFO,0
STS,1,584,1148102704,rp2040_timer0,capture,pio_fifo_overflow_drop_count,0,INFO,0
STS,1,585,1148106576,rp2040_timer0,capture,pio_fifo_max_drain_batch,1,INFO,0
CNT,1,71,2,1148110176,1148126192,rp2040_timer0,16016,R,h0_tcxo_16mhz,16
REF,1,1070,1,R,1159822000,rp2040_timer0,16
STS,1,586,1164080304,rp2040_timer0,system,uptime_seconds,72,INFO,0
STS,1,587,1164084528,rp2040_timer0,capture,event_count,71,INFO,0
STS,1,588,1164088544,rp2040_timer0,capture,dropped_count,0,INFO,0
STS,1,589,1164091568,rp2040_timer0,capture,error_flags,0,INFO,0
STS,1,590,1164094944,rp2040_timer0,capture,pio_fifo_drained_event_count,71,INFO,0
STS,1,591,1164098176,rp2040_timer0,capture,pio_fifo_empty_count,25377336,INFO,0
STS,1,592,1164102256,rp2040_timer0,capture,pio_fifo_overflow_drop_count,0,INFO,0
STS,1,593,1164106080,rp2040_timer0,capture,pio_fifo_max_drain_batch,1,INFO,0
CNT,1,72,2,1164109584,1164125600,rp2040_timer0,16016,R,h0_tcxo_16mhz,16
REF,1,1071,1,R,1175821984,rp2040_timer0,16
STS,1,594,1180080352,rp2040_timer0,system,uptime_seconds,73,INFO,0
STS,1,595,1180084704,rp2040_timer0,capture,event_count,72,INFO,0
STS,1,596,1180088656,rp2040_timer0,capture,dropped_count,0,INFO,0
STS,1,597,1180092048,rp2040_timer0,capture,error_flags,0,INFO,0
STS,1,598,1180095040,rp2040_timer0,capture,pio_fifo_drained_event_count,72,INFO,0
STS,1,599,1180098256,rp2040_timer0,capture,pio_fifo_empty_count,25734834,INFO,0
STS,1,600,1180102160,rp2040_timer0,capture,pio_fifo_overflow_drop_count,0,INFO,0
STS,1,601,1180105984,rp2040_timer0,capture,pio_fifo_max_drain_batch,1,INFO,0
CNT,1,73,2,1180109472,1180125488,rp2040_timer0,16016,R,h0_tcxo_16mhz,16
REF,1,1072,1,R,1191821936,rp2040_timer0,16
STS,1,602,1196080320,rp2040_timer0,system,uptime_seconds,74,INFO,0
STS,1,603,1196084400,rp2040_timer0,capture,event_count,73,INFO,0
STS,1,604,1196088544,rp2040_timer0,capture,dropped_count,0,INFO,0
STS,1,605,1196092448,rp2040_timer0,capture,error_flags,0,INFO,0
STS,1,606,1196095488,rp2040_timer0,capture,pio_fifo_drained_event_count,73,INFO,0
STS,1,607,1196098928,rp2040_timer0,capture,pio_fifo_empty_count,26092334,INFO,0
STS,1,608,1196102768,rp2040_timer0,capture,pio_fifo_overflow_drop_count,0,INFO,0
STS,1,609,1196106688,rp2040_timer0,capture,pio_fifo_max_drain_batch,1,INFO,0
CNT,1,74,2,1196110016,1196126032,rp2040_timer0,16016,R,h0_tcxo_16mhz,16
REF,1,1073,1,R,1207821920,rp2040_timer0,16
STS,1,610,1212080336,rp2040_timer0,system,uptime_seconds,75,INFO,0
STS,1,611,1212084480,rp2040_timer0,capture,event_count,74,INFO,0
STS,1,612,1212088560,rp2040_timer0,capture,dropped_count,0,INFO,0
STS,1,613,1212091872,rp2040_timer0,capture,error_flags,0,INFO,0
STS,1,614,1212095056,rp2040_timer0,capture,pio_fifo_drained_event_count,74,INFO,0
STS,1,615,1212098176,rp2040_timer0,capture,pio_fifo_empty_count,26449823,INFO,0
STS,1,616,1212102096,rp2040_timer0,capture,pio_fifo_overflow_drop_count,0,INFO,0
STS,1,617,1212105856,rp2040_timer0,capture,pio_fifo_max_drain_batch,1,INFO,0
CNT,1,75,2,1212109520,1212125536,rp2040_timer0,16016,R,h0_tcxo_16mhz,16
REF,1,1074,1,R,1223821888,rp2040_timer0,16
STS,1,618,1228080336,rp2040_timer0,system,uptime_seconds,76,INFO,0
STS,1,619,1228084448,rp2040_timer0,capture,event_count,75,INFO,0
STS,1,620,1228088592,rp2040_timer0,capture,dropped_count,0,INFO,0
STS,1,621,1228092576,rp2040_timer0,capture,error_flags,0,INFO,0
STS,1,622,1228095664,rp2040_timer0,capture,pio_fifo_drained_event_count,75,INFO,0
STS,1,623,1228099248,rp2040_timer0,capture,pio_fifo_empty_count,26807321,INFO,0
STS,1,624,1228103472,rp2040_timer0,capture,pio_fifo_overflow_drop_count,0,INFO,0
STS,1,625,1228107472,rp2040_timer0,capture,pio_fifo_max_drain_batch,1,INFO,0
CNT,1,76,2,1228110432,1228126448,rp2040_timer0,16016,R,h0_tcxo_16mhz,16
REF,1,1075,1,R,1239821840,rp2040_timer0,16
STS,1,626,1244080304,rp2040_timer0,system,uptime_seconds,77,INFO,0
STS,1,627,1244084752,rp2040_timer0,capture,event_count,76,INFO,0
STS,1,628,1244088576,rp2040_timer0,capture,dropped_count,0,INFO,0
STS,1,629,1244091776,rp2040_timer0,capture,error_flags,0,INFO,0
STS,1,630,1244095104,rp2040_timer0,capture,pio_fifo_drained_event_count,76,INFO,0
STS,1,631,1244098560,rp2040_timer0,capture,pio_fifo_empty_count,27164799,INFO,0
STS,1,632,1244102416,rp2040_timer0,capture,pio_fifo_overflow_drop_count,0,INFO,0
STS,1,633,1244106096,rp2040_timer0,capture,pio_fifo_max_drain_batch,1,INFO,0
CNT,1,77,2,1244109424,1244125440,rp2040_timer0,16016,R,h0_tcxo_16mhz,16
REF,1,1076,1,R,1255821824,rp2040_timer0,16
STS,1,634,1260080288,rp2040_timer0,system,uptime_seconds,78,INFO,0
STS,1,635,1260084384,rp2040_timer0,capture,event_count,77,INFO,0
STS,1,636,1260088592,rp2040_timer0,capture,dropped_count,0,INFO,0
STS,1,637,1260092064,rp2040_timer0,capture,error_flags,0,INFO,0
STS,1,638,1260094928,rp2040_timer0,capture,pio_fifo_drained_event_count,77,INFO,0
STS,1,639,1260098192,rp2040_timer0,capture,pio_fifo_empty_count,27522299,INFO,0
STS,1,640,1260102368,rp2040_timer0,capture,pio_fifo_overflow_drop_count,0,INFO,0
STS,1,641,1260106192,rp2040_timer0,capture,pio_fifo_max_drain_batch,1,INFO,0
CNT,1,78,2,1260109568,1260125584,rp2040_timer0,16016,R,h0_tcxo_16mhz,16
REF,1,1077,1,R,1271821760,rp2040_timer0,16
STS,1,642,1276080320,rp2040_timer0,system,uptime_seconds,79,INFO,0
STS,1,643,1276084464,rp2040_timer0,capture,event_count,78,INFO,0
STS,1,644,1276088448,rp2040_timer0,capture,dropped_count,0,INFO,0
STS,1,645,1276092096,rp2040_timer0,capture,error_flags,0,INFO,0
STS,1,646,1276095152,rp2040_timer0,capture,pio_fifo_drained_event_count,78,INFO,0
STS,1,647,1276098640,rp2040_timer0,capture,pio_fifo_empty_count,27879797,INFO,0
STS,1,648,1276102656,rp2040_timer0,capture,pio_fifo_overflow_drop_count,0,INFO,0
STS,1,649,1276106816,rp2040_timer0,capture,pio_fifo_max_drain_batch,1,INFO,0
CNT,1,79,2,1276110000,1276126016,rp2040_timer0,16016,R,h0_tcxo_16mhz,16
REF,1,1078,1,R,1287821728,rp2040_timer0,16
STS,1,650,1292080320,rp2040_timer0,system,uptime_seconds,80,INFO,0
STS,1,651,1292084608,rp2040_timer0,capture,event_count,79,INFO,0
STS,1,652,1292088224,rp2040_timer0,capture,dropped_count,0,INFO,0
STS,1,653,1292091360,rp2040_timer0,capture,error_flags,0,INFO,0
STS,1,654,1292094656,rp2040_timer0,capture,pio_fifo_drained_event_count,79,INFO,0
STS,1,655,1292097776,rp2040_timer0,capture,pio_fifo_empty_count,28237285,INFO,0
STS,1,656,1292101648,rp2040_timer0,capture,pio_fifo_overflow_drop_count,0,INFO,0
STS,1,657,1292105424,rp2040_timer0,capture,pio_fifo_max_drain_batch,1,INFO,0
CNT,1,80,2,1292109232,1292125264,rp2040_timer0,16032,R,h0_tcxo_16mhz,16
REF,1,1079,1,R,1303821680,rp2040_timer0,16
STS,1,658,1308080320,rp2040_timer0,system,uptime_seconds,81,INFO,0
STS,1,659,1308084416,rp2040_timer0,capture,event_count,80,INFO,0
STS,1,660,1308088352,rp2040_timer0,capture,dropped_count,0,INFO,0
STS,1,661,1308091376,rp2040_timer0,capture,error_flags,0,INFO,0
STS,1,662,1308094592,rp2040_timer0,capture,pio_fifo_drained_event_count,80,INFO,0
STS,1,663,1308098064,rp2040_timer0,capture,pio_fifo_empty_count,28594794,INFO,0
STS,1,664,1308102128,rp2040_timer0,capture,pio_fifo_overflow_drop_count,0,INFO,0
STS,1,665,1308106000,rp2040_timer0,capture,pio_fifo_max_drain_batch,1,INFO,0
CNT,1,81,2,1308109328,1308125344,rp2040_timer0,16016,R,h0_tcxo_16mhz,16
REF,1,1080,1,R,1319821664,rp2040_timer0,16
STS,1,666,1324080336,rp2040_timer0,system,uptime_seconds,82,INFO,0
STS,1,667,1324084752,rp2040_timer0,capture,event_count,81,INFO,0
STS,1,668,1324088560,rp2040_timer0,capture,dropped_count,0,INFO,0
STS,1,669,1324091472,rp2040_timer0,capture,error_flags,0,INFO,0
STS,1,670,1324094848,rp2040_timer0,capture,pio_fifo_drained_event_count,81,INFO,0
STS,1,671,1324098208,rp2040_timer0,capture,pio_fifo_empty_count,28952300,INFO,0
STS,1,672,1324102352,rp2040_timer0,capture,pio_fifo_overflow_drop_count,0,INFO,0
STS,1,673,1324106448,rp2040_timer0,capture,pio_fifo_max_drain_batch,1,INFO,0
CNT,1,82,2,1324109632,1324125648,rp2040_timer0,16016,R,h0_tcxo_16mhz,16
REF,1,1081,1,R,1335821632,rp2040_timer0,16
STS,1,674,1340080368,rp2040_timer0,system,uptime_seconds,83,INFO,0
STS,1,675,1340084704,rp2040_timer0,capture,event_count,82,INFO,0
STS,1,676,1340089008,rp2040_timer0,capture,dropped_count,0,INFO,0
STS,1,677,1340092944,rp2040_timer0,capture,error_flags,0,INFO,0
STS,1,678,1340096016,rp2040_timer0,capture,pio_fifo_drained_event_count,82,INFO,0
STS,1,679,1340099568,rp2040_timer0,capture,pio_fifo_empty_count,29309801,INFO,0
STS,1,680,1340103568,rp2040_timer0,capture,pio_fifo_overflow_drop_count,0,INFO,0
STS,1,681,1340107536,rp2040_timer0,capture,pio_fifo_max_drain_batch,1,INFO,0
CNT,1,83,2,1340110320,1340126336,rp2040_timer0,16017,R,h0_tcxo_16mhz,16
REF,1,1082,1,R,1351821552,rp2040_timer0,16
STS,1,682,1356080336,rp2040_timer0,system,uptime_seconds,84,INFO,0
STS,1,683,1356084528,rp2040_timer0,capture,event_count,83,INFO,0
STS,1,684,1356088624,rp2040_timer0,capture,dropped_count,0,INFO,0
STS,1,685,1356092288,rp2040_timer0,capture,error_flags,0,INFO,0
STS,1,686,1356095504,rp2040_timer0,capture,pio_fifo_drained_event_count,83,INFO,0
STS,1,687,1356099104,rp2040_timer0,capture,pio_fifo_empty_count,29667280,INFO,0
STS,1,688,1356102976,rp2040_timer0,capture,pio_fifo_overflow_drop_count,0,INFO,0
STS,1,689,1356107040,rp2040_timer0,capture,pio_fifo_max_drain_batch,1,INFO,0
CNT,1,84,2,1356109776,1356125792,rp2040_timer0,16016,R,h0_tcxo_16mhz,16
REF,1,1083,1,R,1367821520,rp2040_timer0,16
STS,1,690,1372080336,rp2040_timer0,system,uptime_seconds,85,INFO,0
STS,1,691,1372084592,rp2040_timer0,capture,event_count,84,INFO,0
STS,1,692,1372088224,rp2040_timer0,capture,dropped_count,0,INFO,0
STS,1,693,1372091488,rp2040_timer0,capture,error_flags,0,INFO,0
STS,1,694,1372094784,rp2040_timer0,capture,pio_fifo_drained_event_count,84,INFO,0
STS,1,695,1372098240,rp2040_timer0,capture,pio_fifo_empty_count,30024775,INFO,0
STS,1,696,1372102240,rp2040_timer0,capture,pio_fifo_overflow_drop_count,0,INFO,0
STS,1,697,1372106080,rp2040_timer0,capture,pio_fifo_max_drain_batch,1,INFO,0
CNT,1,85,2,1372109536,1372125552,rp2040_timer0,16016,R,h0_tcxo_16mhz,16
REF,1,1084,1,R,1383821504,rp2040_timer0,16
STS,1,698,1388080464,rp2040_timer0,system,uptime_seconds,86,INFO,0
STS,1,699,1388084576,rp2040_timer0,capture,event_count,85,INFO,0
STS,1,700,1388088592,rp2040_timer0,capture,dropped_count,0,INFO,0
STS,1,701,1388092208,rp2040_timer0,capture,error_flags,0,INFO,0
STS,1,702,1388095376,rp2040_timer0,capture,pio_fifo_drained_event_count,85,INFO,0
STS,1,703,1388099296,rp2040_timer0,capture,pio_fifo_empty_count,30382278,INFO,0
STS,1,704,1388103136,rp2040_timer0,capture,pio_fifo_overflow_drop_count,0,INFO,0
STS,1,705,1388107008,rp2040_timer0,capture,pio_fifo_max_drain_batch,1,INFO,0
CNT,1,86,2,1388110048,1388126064,rp2040_timer0,16016,R,h0_tcxo_16mhz,16
REF,1,1085,1,R,1399821440,rp2040_timer0,16
STS,1,706,1404080352,rp2040_timer0,system,uptime_seconds,87,INFO,0
STS,1,707,1404084736,rp2040_timer0,capture,event_count,86,INFO,0
STS,1,708,1404088576,rp2040_timer0,capture,dropped_count,0,INFO,0
STS,1,709,1404091968,rp2040_timer0,capture,error_flags,0,INFO,0
STS,1,710,1404094976,rp2040_timer0,capture,pio_fifo_drained_event_count,86,INFO,0
STS,1,711,1404098496,rp2040_timer0,capture,pio_fifo_empty_count,30739756,INFO,0
STS,1,712,1404102432,rp2040_timer0,capture,pio_fifo_overflow_drop_count,0,INFO,0
STS,1,713,1404106112,rp2040_timer0,capture,pio_fifo_max_drain_batch,1,INFO,0
CNT,1,87,2,1404109264,1404125280,rp2040_timer0,16016,R,h0_tcxo_16mhz,16
REF,1,1086,1,R,1415821424,rp2040_timer0,16
STS,1,714,1420080336,rp2040_timer0,system,uptime_seconds,88,INFO,0
STS,1,715,1420084848,rp2040_timer0,capture,event_count,87,INFO,0
STS,1,716,1420088656,rp2040_timer0,capture,dropped_count,0,INFO,0
STS,1,717,1420092064,rp2040_timer0,capture,error_flags,0,INFO,0
STS,1,718,1420095232,rp2040_timer0,capture,pio_fifo_drained_event_count,87,INFO,0
STS,1,719,1420098944,rp2040_timer0,capture,pio_fifo_empty_count,31097265,INFO,0
STS,1,720,1420102928,rp2040_timer0,capture,pio_fifo_overflow_drop_count,0,INFO,0
STS,1,721,1420107008,rp2040_timer0,capture,pio_fifo_max_drain_batch,1,INFO,0
CNT,1,88,2,1420109920,1420125936,rp2040_timer0,16017,R,h0_tcxo_16mhz,16
REF,1,1087,1,R,1431821360,rp2040_timer0,16
STS,1,722,1436080368,rp2040_timer0,system,uptime_seconds,89,INFO,0
STS,1,723,1436084656,rp2040_timer0,capture,event_count,88,INFO,0
STS,1,724,1436088480,rp2040_timer0,capture,dropped_count,0,INFO,0
STS,1,725,1436091952,rp2040_timer0,capture,error_flags,0,INFO,0
STS,1,726,1436095168,rp2040_timer0,capture,pio_fifo_drained_event_count,88,INFO,0
STS,1,727,1436098944,rp2040_timer0,capture,pio_fifo_empty_count,31454749,INFO,0
STS,1,728,1436102784,rp2040_timer0,capture,pio_fifo_overflow_drop_count,0,INFO,0
STS,1,729,1436106800,rp2040_timer0,capture,pio_fifo_max_drain_batch,1,INFO,0
CNT,1,89,2,1436109760,1436125776,rp2040_timer0,16016,R,h0_tcxo_16mhz,16
REF,1,1088,1,R,1447821344,rp2040_timer0,16
STS,1,730,1452080368,rp2040_timer0,system,uptime_seconds,90,INFO,0
STS,1,731,1452084528,rp2040_timer0,capture,event_count,89,INFO,0
STS,1,732,1452088528,rp2040_timer0,capture,dropped_count,0,INFO,0
STS,1,733,1452092032,rp2040_timer0,capture,error_flags,0,INFO,0
STS,1,734,1452095408,rp2040_timer0,capture,pio_fifo_drained_event_count,89,INFO,0
STS,1,735,1452099168,rp2040_timer0,capture,pio_fifo_empty_count,31812240,INFO,0
STS,1,736,1452103136,rp2040_timer0,capture,pio_fifo_overflow_drop_count,0,INFO,0
STS,1,737,1452106976,rp2040_timer0,capture,pio_fifo_max_drain_batch,1,INFO,0
CNT,1,90,2,1452109760,1452125792,rp2040_timer0,16032,R,h0_tcxo_16mhz,16
REF,1,1089,1,R,1463821296,rp2040_timer0,16
STS,1,738,1468080336,rp2040_timer0,system,uptime_seconds,91,INFO,0
STS,1,739,1468084816,rp2040_timer0,capture,event_count,90,INFO,0
STS,1,740,1468088640,rp2040_timer0,capture,dropped_count,0,INFO,0
STS,1,741,1468091680,rp2040_timer0,capture,error_flags,0,INFO,0
STS,1,742,1468094848,rp2040_timer0,capture,pio_fifo_drained_event_count,90,INFO,0
STS,1,743,1468098480,rp2040_timer0,capture,pio_fifo_empty_count,32169730,INFO,0
STS,1,744,1468102464,rp2040_timer0,capture,pio_fifo_overflow_drop_count,0,INFO,0
STS,1,745,1468106304,rp2040_timer0,capture,pio_fifo_max_drain_batch,1,INFO,0
CNT,1,91,2,1468109264,1468125280,rp2040_timer0,16016,R,h0_tcxo_16mhz,16
REF,1,1090,1,R,1479821296,rp2040_timer0,16
STS,1,746,1484080368,rp2040_timer0,system,uptime_seconds,92,INFO,0
STS,1,747,1484084592,rp2040_timer0,capture,event_count,91,INFO,0
STS,1,748,1484088608,rp2040_timer0,capture,dropped_count,0,INFO,0
STS,1,749,1484092608,rp2040_timer0,capture,error_flags,0,INFO,0
STS,1,750,1484095888,rp2040_timer0,capture,pio_fifo_drained_event_count,91,INFO,0
STS,1,751,1484099888,rp2040_timer0,capture,pio_fifo_empty_count,32527236,INFO,0
STS,1,752,1484104032,rp2040_timer0,capture,pio_fifo_overflow_drop_count,0,INFO,0
STS,1,753,1484107920,rp2040_timer0,capture,pio_fifo_max_drain_batch,1,INFO,0
CNT,1,92,2,1484110400,1484126432,rp2040_timer0,16032,R,h0_tcxo_16mhz,16
REF,1,1091,1,R,1495821248,rp2040_timer0,16
STS,1,754,1500080304,rp2040_timer0,system,uptime_seconds,93,INFO,0
STS,1,755,1500084512,rp2040_timer0,capture,event_count,92,INFO,0
STS,1,756,1500088528,rp2040_timer0,capture,dropped_count,0,INFO,0
STS,1,757,1500092176,rp2040_timer0,capture,error_flags,0,INFO,0
STS,1,758,1500094928,rp2040_timer0,capture,pio_fifo_drained_event_count,92,INFO,0
STS,1,759,1500098560,rp2040_timer0,capture,pio_fifo_empty_count,32884698,INFO,0
STS,1,760,1500102544,rp2040_timer0,capture,pio_fifo_overflow_drop_count,0,INFO,0
STS,1,761,1500106640,rp2040_timer0,capture,pio_fifo_max_drain_batch,1,INFO,0
CNT,1,93,2,1500109520,1500125536,rp2040_timer0,16016,R,h0_tcxo_16mhz,16
REF,1,1092,1,R,1511821200,rp2040_timer0,16
STS,1,762,1516080304,rp2040_timer0,system,uptime_seconds,94,INFO,0
STS,1,763,1516084608,rp2040_timer0,capture,event_count,93,INFO,0
STS,1,764,1516088224,rp2040_timer0,capture,dropped_count,0,INFO,0
STS,1,765,1516091632,rp2040_timer0,capture,error_flags,0,INFO,0
STS,1,766,1516094784,rp2040_timer0,capture,pio_fifo_drained_event_count,93,INFO,0
STS,1,767,1516098576,rp2040_timer0,capture,pio_fifo_empty_count,33242193,INFO,0
STS,1,768,1516102448,rp2040_timer0,capture,pio_fifo_overflow_drop_count,0,INFO,0
STS,1,769,1516106112,rp2040_timer0,capture,pio_fifo_max_drain_batch,1,INFO,0
CNT,1,94,2,1516109088,1516125104,rp2040_timer0,16016,R,h0_tcxo_16mhz,16
REF,1,1093,1,R,1527821168,rp2040_timer0,16
STS,1,770,1532080336,rp2040_timer0,system,uptime_seconds,95,INFO,0
STS,1,771,1532084896,rp2040_timer0,capture,event_count,94,INFO,0
STS,1,772,1532089120,rp2040_timer0,capture,dropped_count,0,INFO,0
STS,1,773,1532093248,rp2040_timer0,capture,error_flags,0,INFO,0
STS,1,774,1532096400,rp2040_timer0,capture,pio_fifo_drained_event_count,94,INFO,0
STS,1,775,1532100720,rp2040_timer0,capture,pio_fifo_empty_count,33599703,INFO,0
STS,1,776,1532104656,rp2040_timer0,capture,pio_fifo_overflow_drop_count,0,INFO,0
STS,1,777,1532108448,rp2040_timer0,capture,pio_fifo_max_drain_batch,1,INFO,0
CNT,1,95,2,1532111248,1532127280,rp2040_timer0,16032,R,h0_tcxo_16mhz,16
REF,1,1094,1,R,1543821168,rp2040_timer0,16
STS,1,778,1548080368,rp2040_timer0,system,uptime_seconds,96,INFO,0
STS,1,779,1548084656,rp2040_timer0,capture,event_count,95,INFO,0
STS,1,780,1548088736,rp2040_timer0,capture,dropped_count,0,INFO,0
STS,1,781,1548092736,rp2040_timer0,capture,error_flags,0,INFO,0
STS,1,782,1548096144,rp2040_timer0,capture,pio_fifo_drained_event_count,95,INFO,0
STS,1,783,1548100112,rp2040_timer0,capture,pio_fifo_empty_count,33957148,INFO,0
STS,1,784,1548104240,rp2040_timer0,capture,pio_fifo_overflow_drop_count,0,INFO,0
STS,1,785,1548108000,rp2040_timer0,capture,pio_fifo_max_drain_batch,1,INFO,0
CNT,1,96,2,1548110512,1548126528,rp2040_timer0,16016,R,h0_tcxo_16mhz,16
REF,1,1095,1,R,1559821120,rp2040_timer0,16
STS,1,786,1564080336,rp2040_timer0,system,uptime_seconds,97,INFO,0
STS,1,787,1564084464,rp2040_timer0,capture,event_count,96,INFO,0
STS,1,788,1564088256,rp2040_timer0,capture,dropped_count,0,INFO,0
STS,1,789,1564091600,rp2040_timer0,capture,error_flags,0,INFO,0
STS,1,790,1564094704,rp2040_timer0,capture,pio_fifo_drained_event_count,96,INFO,0
STS,1,791,1564098304,rp2040_timer0,capture,pio_fifo_empty_count,34314608,INFO,0
STS,1,792,1564102176,rp2040_timer0,capture,pio_fifo_overflow_drop_count,0,INFO,0
STS,1,793,1564106480,rp2040_timer0,capture,pio_fifo_max_drain_batch,1,INFO,0
CNT,1,97,2,1564109520,1564125536,rp2040_timer0,16016,R,h0_tcxo_16mhz,16
REF,1,1096,1,R,1575821120,rp2040_timer0,16
STS,1,794,1580080304,rp2040_timer0,system,uptime_seconds,98,INFO,0
STS,1,795,1580084624,rp2040_timer0,capture,event_count,97,INFO,0
STS,1,796,1580088256,rp2040_timer0,capture,dropped_count,0,INFO,0
STS,1,797,1580091296,rp2040_timer0,capture,error_flags,0,INFO,0
STS,1,798,1580094912,rp2040_timer0,capture,pio_fifo_drained_event_count,97,INFO,0
STS,1,799,1580098624,rp2040_timer0,capture,pio_fifo_empty_count,34672104,INFO,0
STS,1,800,1580102448,rp2040_timer0,capture,pio_fifo_overflow_drop_count,0,INFO,0
STS,1,801,1580106368,rp2040_timer0,capture,pio_fifo_max_drain_batch,1,INFO,0
CNT,1,98,2,1580109616,1580125632,rp2040_timer0,16016,R,h0_tcxo_16mhz,16
REF,1,1097,1,R,1591821072,rp2040_timer0,16
STS,1,802,1596080336,rp2040_timer0,system,uptime_seconds,99,INFO,0
STS,1,803,1596084640,rp2040_timer0,capture,event_count,98,INFO,0
STS,1,804,1596088240,rp2040_timer0,capture,dropped_count,0,INFO,0
STS,1,805,1596091424,rp2040_timer0,capture,error_flags,0,INFO,0
STS,1,806,1596094512,rp2040_timer0,capture,pio_fifo_drained_event_count,98,INFO,0
STS,1,807,1596098288,rp2040_timer0,capture,pio_fifo_empty_count,35029604,INFO,0
STS,1,808,1596102176,rp2040_timer0,capture,pio_fifo_overflow_drop_count,0,INFO,0
STS,1,809,1596106000,rp2040_timer0,capture,pio_fifo_max_drain_batch,1,INFO,0
CNT,1,99,2,1596109168,1596125200,rp2040_timer0,16032,R,h0_tcxo_16mhz,16
REF,1,1098,1,R,1607821040,rp2040_timer0,16
STS,1,810,1612080336,rp2040_timer0,system,uptime_seconds,100,INFO,0
STS,1,811,1612084752,rp2040_timer0,capture,event_count,99,INFO,0
STS,1,812,1612088768,rp2040_timer0,capture,dropped_count,0,INFO,0
STS,1,813,1612092720,rp2040_timer0,capture,error_flags,0,INFO,0
STS,1,814,1612095984,rp2040_timer0,capture,pio_fifo_drained_event_count,99,INFO,0
STS,1,815,1612100144,rp2040_timer0,capture,pio_fifo_empty_count,35387108,INFO,0
STS,1,816,1612104032,rp2040_timer0,capture,pio_fifo_overflow_drop_count,0,INFO,0
STS,1,817,1612107824,rp2040_timer0,capture,pio_fifo_max_drain_batch,1,INFO,0
CNT,1,100,2,1612110304,1612126336,rp2040_timer0,16032,R,h0_tcxo_16mhz,16
REF,1,1099,1,R,1623821008,rp2040_timer0,16
STS,1,818,1628080368,rp2040_timer0,system,uptime_seconds,101,INFO,0
STS,1,819,1628084544,rp2040_timer0,capture,event_count,100,INFO,0
STS,1,820,1628088832,rp2040_timer0,capture,dropped_count,0,INFO,0
STS,1,821,1628092816,rp2040_timer0,capture,error_flags,0,INFO,0
STS,1,822,1628096096,rp2040_timer0,capture,pio_fifo_drained_event_count,100,INFO,0
STS,1,823,1628100048,rp2040_timer0,capture,pio_fifo_empty_count,35744572,INFO,0
STS,1,824,1628104144,rp2040_timer0,capture,pio_fifo_overflow_drop_count,0,INFO,0
STS,1,825,1628107984,rp2040_timer0,capture,pio_fifo_max_drain_batch,1,INFO,0
CNT,1,101,2,1628110576,1628126592,rp2040_timer0,16016,R,h0_tcxo_16mhz,16
REF,1,1100,1,R,1639820992,rp2040_timer0,16
STS,1,826,1644080368,rp2040_timer0,system,uptime_seconds,102,INFO,0
STS,1,827,1644084496,rp2040_timer0,capture,event_count,101,INFO,0
STS,1,828,1644088464,rp2040_timer0,capture,dropped_count,0,INFO,0
STS,1,829,1644092736,rp2040_timer0,capture,error_flags,0,INFO,0
STS,1,830,1644096048,rp2040_timer0,capture,pio_fifo_drained_event_count,101,INFO,0
STS,1,831,1644100176,rp2040_timer0,capture,pio_fifo_empty_count,36102031,INFO,0
STS,1,832,1644104080,rp2040_timer0,capture,pio_fifo_overflow_drop_count,0,INFO,0
STS,1,833,1644107968,rp2040_timer0,capture,pio_fifo_max_drain_batch,1,INFO,0
CNT,1,102,2,1644110544,1644126560,rp2040_timer0,16016,R,h0_tcxo_16mhz,16
REF,1,1101,1,R,1655820944,rp2040_timer0,16
STS,1,834,1660080352,rp2040_timer0,system,uptime_seconds,103,INFO,0
STS,1,835,1660084496,rp2040_timer0,capture,event_count,102,INFO,0
STS,1,836,1660088432,rp2040_timer0,capture,dropped_count,0,INFO,0
STS,1,837,1660092448,rp2040_timer0,capture,error_flags,0,INFO,0
STS,1,838,1660095920,rp2040_timer0,capture,pio_fifo_drained_event_count,102,INFO,0
STS,1,839,1660100256,rp2040_timer0,capture,pio_fifo_empty_count,36459500,INFO,0
STS,1,840,1660104112,rp2040_timer0,capture,pio_fifo_overflow_drop_count,0,INFO,0
STS,1,841,1660107856,rp2040_timer0,capture,pio_fifo_max_drain_batch,1,INFO,0
CNT,1,103,2,1660110592,1660126608,rp2040_timer0,16016,R,h0_tcxo_16mhz,16
REF,1,1102,1,R,1671820896,rp2040_timer0,16
STS,1,842,1676080336,rp2040_timer0,system,uptime_seconds,104,INFO,0
STS,1,843,1676084976,rp2040_timer0,capture,event_count,103,INFO,0
STS,1,844,1676089184,rp2040_timer0,capture,dropped_count,0,INFO,0
STS,1,845,1676093248,rp2040_timer0,capture,error_flags,0,INFO,0
STS,1,846,1676096400,rp2040_timer0,capture,pio_fifo_drained_event_count,103,INFO,0
STS,1,847,1676100672,rp2040_timer0,capture,pio_fifo_empty_count,36816965,INFO,0
STS,1,848,1676104880,rp2040_timer0,capture,pio_fifo_overflow_drop_count,0,INFO,0
STS,1,849,1676108320,rp2040_timer0,capture,pio_fifo_max_drain_batch,1,INFO,0
CNT,1,104,2,1676111136,1676127168,rp2040_timer0,16032,R,h0_tcxo_16mhz,16
REF,1,1103,1,R,1687820896,rp2040_timer0,16
STS,1,850,1692080304,rp2040_timer0,system,uptime_seconds,105,INFO,0
STS,1,851,1692084416,rp2040_timer0,capture,event_count,104,INFO,0
STS,1,852,1692088560,rp2040_timer0,capture,dropped_count,0,INFO,0
STS,1,853,1692091744,rp2040_timer0,capture,error_flags,0,INFO,0
STS,1,854,1692094928,rp2040_timer0,capture,pio_fifo_drained_event_count,104,INFO,0
STS,1,855,1692098992,rp2040_timer0,capture,pio_fifo_empty_count,37174408,INFO,0
STS,1,856,1692103104,rp2040_timer0,capture,pio_fifo_overflow_drop_count,0,INFO,0
STS,1,857,1692106800,rp2040_timer0,capture,pio_fifo_max_drain_batch,1,INFO,0
CNT,1,105,2,1692109376,1692125408,rp2040_timer0,16032,R,h0_tcxo_16mhz,16
REF,1,1104,1,R,1703820864,rp2040_timer0,16
STS,1,858,1708080384,rp2040_timer0,system,uptime_seconds,106,INFO,0
STS,1,859,1708084592,rp2040_timer0,capture,event_count,105,INFO,0
STS,1,860,1708088736,rp2040_timer0,capture,dropped_count,0,INFO,0
STS,1,861,1708093088,rp2040_timer0,capture,error_flags,0,INFO,0
STS,1,862,1708096560,rp2040_timer0,capture,pio_fifo_drained_event_count,105,INFO,0
STS,1,863,1708100400,rp2040_timer0,capture,pio_fifo_empty_count,37531901,INFO,0
STS,1,864,1708104064,rp2040_timer0,capture,pio_fifo_overflow_drop_count,0,INFO,0
STS,1,865,1708107968,rp2040_timer0,capture,pio_fifo_max_drain_batch,1,INFO,0
CNT,1,106,2,1708110784,1708126800,rp2040_timer0,16017,R,h0_tcxo_16mhz,16
REF,1,1105,1,R,1719820848,rp2040_timer0,16
STS,1,866,1724080368,rp2040_timer0,system,uptime_seconds,107,INFO,0
STS,1,867,1724084512,rp2040_timer0,capture,event_count,106,INFO,0
STS,1,868,1724088432,rp2040_timer0,capture,dropped_count,0,INFO,0
STS,1,869,1724092416,rp2040_timer0,capture,error_flags,0,INFO,0
STS,1,870,1724095856,rp2040_timer0,capture,pio_fifo_drained_event_count,106,INFO,0
STS,1,871,1724099856,rp2040_timer0,capture,pio_fifo_empty_count,37889347,INFO,0
STS,1,872,1724103872,rp2040_timer0,capture,pio_fifo_overflow_drop_count,0,INFO,0
STS,1,873,1724107648,rp2040_timer0,capture,pio_fifo_max_drain_batch,1,INFO,0
CNT,1,107,2,1724110656,1724126672,rp2040_timer0,16016,R,h0_tcxo_16mhz,16
REF,1,1106,1,R,1735820768,rp2040_timer0,16
STS,1,874,1740080368,rp2040_timer0,system,uptime_seconds,108,INFO,0
STS,1,875,1740084816,rp2040_timer0,capture,event_count,107,INFO,0
STS,1,876,1740088944,rp2040_timer0,capture,dropped_count,0,INFO,0
STS,1,877,1740092976,rp2040_timer0,capture,error_flags,0,INFO,0
STS,1,878,1740096448,rp2040_timer0,capture,pio_fifo_drained_event_count,107,INFO,0
STS,1,879,1740100720,rp2040_timer0,capture,pio_fifo_empty_count,38246799,INFO,0
STS,1,880,1740104512,rp2040_timer0,capture,pio_fifo_overflow_drop_count,0,INFO,0
STS,1,881,1740107904,rp2040_timer0,capture,pio_fifo_max_drain_batch,1,INFO,0
CNT,1,108,2,1740110720,1740126752,rp2040_timer0,16032,R,h0_tcxo_16mhz,16
REF,1,1107,1,R,1751820768,rp2040_timer0,16
STS,1,882,1756080352,rp2040_timer0,system,uptime_seconds,109,INFO,0
STS,1,883,1756084864,rp2040_timer0,capture,event_count,108,INFO,0
STS,1,884,1756088864,rp2040_timer0,capture,dropped_count,0,INFO,0
STS,1,885,1756092304,rp2040_timer0,capture,error_flags,0,INFO,0
STS,1,886,1756095280,rp2040_timer0,capture,pio_fifo_drained_event_count,108,INFO,0
STS,1,887,1756099120,rp2040_timer0,capture,pio_fifo_empty_count,38604248,INFO,0
STS,1,888,1756103440,rp2040_timer0,capture,pio_fifo_overflow_drop_count,0,INFO,0
STS,1,889,1756107168,rp2040_timer0,capture,pio_fifo_max_drain_batch,1,INFO,0
CNT,1,109,2,1756109696,1756125712,rp2040_timer0,16016,R,h0_tcxo_16mhz,16
REF,1,1108,1,R,1767820736,rp2040_timer0,16
STS,1,890,1772080384,rp2040_timer0,system,uptime_seconds,110,INFO,0
STS,1,891,1772084496,rp2040_timer0,capture,event_count,109,INFO,0
STS,1,892,1772088704,rp2040_timer0,capture,dropped_count,0,INFO,0
STS,1,893,1772091904,rp2040_timer0,capture,error_flags,0,INFO,0
STS,1,894,1772094928,rp2040_timer0,capture,pio_fifo_drained_event_count,109,INFO,0
STS,1,895,1772098800,rp2040_timer0,capture,pio_fifo_empty_count,38961723,INFO,0
STS,1,896,1772102672,rp2040_timer0,capture,pio_fifo_overflow_drop_count,0,INFO,0
STS,1,897,1772106672,rp2040_timer0,capture,pio_fifo_max_drain_batch,1,INFO,0
CNT,1,110,2,1772109280,1772125296,rp2040_timer0,16016,R,h0_tcxo_16mhz,16
REF,1,1109,1,R,1783820720,rp2040_timer0,16
STS,1,898,1788080352,rp2040_timer0,system,uptime_seconds,111,INFO,0
STS,1,899,1788084512,rp2040_timer0,capture,event_count,110,INFO,0
STS,1,900,1788088528,rp2040_timer0,capture,dropped_count,0,INFO,0
STS,1,901,1788092800,rp2040_timer0,capture,error_flags,0,INFO,0
STS,1,902,1788096272,rp2040_timer0,capture,pio_fifo_drained_event_count,110,INFO,0
STS,1,903,1788100256,rp2040_timer0,capture,pio_fifo_empty_count,39319214,INFO,0
STS,1,904,1788104256,rp2040_timer0,capture,pio_fifo_overflow_drop_count,0,INFO,0
STS,1,905,1788108112,rp2040_timer0,capture,pio_fifo_max_drain_batch,1,INFO,0
CNT,1,111,2,1788110944,1788126960,rp2040_timer0,16016,R,h0_tcxo_16mhz,16
REF,1,1110,1,R,1799820656,rp2040_timer0,16
STS,1,906,1804080336,rp2040_timer0,system,uptime_seconds,112,INFO,0
STS,1,907,1804084480,rp2040_timer0,capture,event_count,111,INFO,0
STS,1,908,1804088448,rp2040_timer0,capture,dropped_count,0,INFO,0
STS,1,909,1804092240,rp2040_timer0,capture,error_flags,0,INFO,0
STS,1,910,1804095840,rp2040_timer0,capture,pio_fifo_drained_event_count,111,INFO,0
STS,1,911,1804100128,rp2040_timer0,capture,pio_fifo_empty_count,39676657,INFO,0
STS,1,912,1804103984,rp2040_timer0,capture,pio_fifo_overflow_drop_count,0,INFO,0
STS,1,913,1804107600,rp2040_timer0,capture,pio_fifo_max_drain_batch,1,INFO,0
CNT,1,112,2,1804110432,1804126448,rp2040_timer0,16016,R,h0_tcxo_16mhz,16
REF,1,1111,1,R,1815820640,rp2040_timer0,16
STS,1,914,1820080352,rp2040_timer0,system,uptime_seconds,113,INFO,0
STS,1,915,1820084624,rp2040_timer0,capture,event_count,112,INFO,0
STS,1,916,1820088464,rp2040_timer0,capture,dropped_count,0,INFO,0
STS,1,917,1820092576,rp2040_timer0,capture,error_flags,0,INFO,0
STS,1,918,1820095888,rp2040_timer0,capture,pio_fifo_drained_event_count,112,INFO,0
STS,1,919,1820100016,rp2040_timer0,capture,pio_fifo_empty_count,40034109,INFO,0
STS,1,920,1820103872,rp2040_timer0,capture,pio_fifo_overflow_drop_count,0,INFO,0
STS,1,921,1820107456,rp2040_timer0,capture,pio_fifo_max_drain_batch,1,INFO,0
CNT,1,113,2,1820110032,1820126048,rp2040_timer0,16016,R,h0_tcxo_16mhz,16
REF,1,1112,1,R,1831820640,rp2040_timer0,16
STS,1,922,1836080384,rp2040_timer0,system,uptime_seconds,114,INFO,0
STS,1,923,1836084512,rp2040_timer0,capture,event_count,113,INFO,0
STS,1,924,1836088720,rp2040_timer0,capture,dropped_count,0,INFO,0
STS,1,925,1836092720,rp2040_timer0,capture,error_flags,0,INFO,0
STS,1,926,1836096032,rp2040_timer0,capture,pio_fifo_drained_event_count,113,INFO,0
STS,1,927,1836100208,rp2040_timer0,capture,pio_fifo_empty_count,40391580,INFO,0
STS,1,928,1836104192,rp2040_timer0,capture,pio_fifo_overflow_drop_count,0,INFO,0
STS,1,929,1836107616,rp2040_timer0,capture,pio_fifo_max_drain_batch,1,INFO,0
CNT,1,114,2,1836110208,1836126240,rp2040_timer0,16032,R,h0_tcxo_16mhz,16
REF,1,1113,1,R,1847820576,rp2040_timer0,16
STS,1,930,1852080336,rp2040_timer0,system,uptime_seconds,115,INFO,0
STS,1,931,1852084272,rp2040_timer0,capture,event_count,114,INFO,0
STS,1,932,1852088192,rp2040_timer0,capture,dropped_count,0,INFO,0
STS,1,933,1852092192,rp2040_timer0,capture,error_flags,0,INFO,0
STS,1,934,1852095680,rp2040_timer0,capture,pio_fifo_drained_event_count,114,INFO,0
STS,1,935,1852099648,rp2040_timer0,capture,pio_fifo_empty_count,40749043,INFO,0
STS,1,936,1852103536,rp2040_timer0,capture,pio_fifo_overflow_drop_count,0,INFO,0
STS,1,937,1852107440,rp2040_timer0,capture,pio_fifo_max_drain_batch,1,INFO,0
CNT,1,115,2,1852110048,1852126064,rp2040_timer0,16016,R,h0_tcxo_16mhz,16
REF,1,1114,1,R,1863820560,rp2040_timer0,16
STS,1,938,1868080336,rp2040_timer0,system,uptime_seconds,116,INFO,0
STS,1,939,1868084448,rp2040_timer0,capture,event_count,115,INFO,0
STS,1,940,1868088512,rp2040_timer0,capture,dropped_count,0,INFO,0
STS,1,941,1868092688,rp2040_timer0,capture,error_flags,0,INFO,0
STS,1,942,1868096432,rp2040_timer0,capture,pio_fifo_drained_event_count,115,INFO,0
STS,1,943,1868100448,rp2040_timer0,capture,pio_fifo_empty_count,41106510,INFO,0
STS,1,944,1868104432,rp2040_timer0,capture,pio_fifo_overflow_drop_count,0,INFO,0
STS,1,945,1868107856,rp2040_timer0,capture,pio_fifo_max_drain_batch,1,INFO,0
CNT,1,116,2,1868110800,1868126816,rp2040_timer0,16016,R,h0_tcxo_16mhz,16
REF,1,1115,1,R,1879820544,rp2040_timer0,16
STS,1,946,1884080480,rp2040_timer0,system,uptime_seconds,117,INFO,0
STS,1,947,1884084848,rp2040_timer0,capture,event_count,116,INFO,0
STS,1,948,1884088528,rp2040_timer0,capture,dropped_count,0,INFO,0
STS,1,949,1884091360,rp2040_timer0,capture,error_flags,0,INFO,0
STS,1,950,1884094688,rp2040_timer0,capture,pio_fifo_drained_event_count,116,INFO,0
STS,1,951,1884098848,rp2040_timer0,capture,pio_fifo_empty_count,41463958,INFO,0
STS,1,952,1884102512,rp2040_timer0,capture,pio_fifo_overflow_drop_count,0,INFO,0
STS,1,953,1884105872,rp2040_timer0,capture,pio_fifo_max_drain_batch,1,INFO,0
CNT,1,117,2,1884108640,1884124656,rp2040_timer0,16016,R,h0_tcxo_16mhz,16
REF,1,1116,1,R,1895820512,rp2040_timer0,16
STS,1,954,1900080384,rp2040_timer0,system,uptime_seconds,118,INFO,0
STS,1,955,1900084800,rp2040_timer0,capture,event_count,117,INFO,0
STS,1,956,1900088816,rp2040_timer0,capture,dropped_count,0,INFO,0
STS,1,957,1900092656,rp2040_timer0,capture,error_flags,0,INFO,0
STS,1,958,1900096080,rp2040_timer0,capture,pio_fifo_drained_event_count,117,INFO,0
STS,1,959,1900100368,rp2040_timer0,capture,pio_fifo_empty_count,41821471,INFO,0
STS,1,960,1900104272,rp2040_timer0,capture,pio_fifo_overflow_drop_count,0,INFO,0
STS,1,961,1900107712,rp2040_timer0,capture,pio_fifo_max_drain_batch,1,INFO,0
CNT,1,118,2,1900110560,1900126576,rp2040_timer0,16016,R,h0_tcxo_16mhz,16
REF,1,1117,1,R,1911820480,rp2040_timer0,16
STS,1,962,1916080304,rp2040_timer0,system,uptime_seconds,119,INFO,0
STS,1,963,1916084512,rp2040_timer0,capture,event_count,118,INFO,0
STS,1,964,1916089008,rp2040_timer0,capture,dropped_count,0,INFO,0
STS,1,965,1916092880,rp2040_timer0,capture,error_flags,0,INFO,0
STS,1,966,1916096400,rp2040_timer0,capture,pio_fifo_drained_event_count,118,INFO,0
STS,1,967,1916100352,rp2040_timer0,capture,pio_fifo_empty_count,42178924,INFO,0
STS,1,968,1916104512,rp2040_timer0,capture,pio_fifo_overflow_drop_count,0,INFO,0
STS,1,969,1916107920,rp2040_timer0,capture,pio_fifo_max_drain_batch,1,INFO,0
CNT,1,119,2,1916110752,1916126768,rp2040_timer0,16016,R,h0_tcxo_16mhz,16
REF,1,1118,1,R,1927820464,rp2040_timer0,16
STS,1,970,1932080352,rp2040_timer0,system,uptime_seconds,120,INFO,0
STS,1,971,1932084432,rp2040_timer0,capture,event_count,119,INFO,0
STS,1,972,1932088592,rp2040_timer0,capture,dropped_count,0,INFO,0
STS,1,973,1932092624,rp2040_timer0,capture,error_flags,0,INFO,0
STS,1,974,1932095984,rp2040_timer0,capture,pio_fifo_drained_event_count,119,INFO,0
STS,1,975,1932100080,rp2040_timer0,capture,pio_fifo_empty_count,42536368,INFO,0
STS,1,976,1932104096,rp2040_timer0,capture,pio_fifo_overflow_drop_count,0,INFO,0
STS,1,977,1932107616,rp2040_timer0,capture,pio_fifo_max_drain_batch,1,INFO,0
CNT,1,120,2,1932110480,1932126496,rp2040_timer0,16016,R,h0_tcxo_16mhz,16
REF,1,1119,1,R,1943820448,rp2040_timer0,16
STS,1,978,1948080368,rp2040_timer0,system,uptime_seconds,121,INFO,0
STS,1,979,1948084816,rp2040_timer0,capture,event_count,120,INFO,0
STS,1,980,1948088752,rp2040_timer0,capture,dropped_count,0,INFO,0
STS,1,981,1948092592,rp2040_timer0,capture,error_flags,0,INFO,0
STS,1,982,1948096080,rp2040_timer0,capture,pio_fifo_drained_event_count,120,INFO,0
STS,1,983,1948100208,rp2040_timer0,capture,pio_fifo_empty_count,42893819,INFO,0
STS,1,984,1948104032,rp2040_timer0,capture,pio_fifo_overflow_drop_count,0,INFO,0
STS,1,985,1948107424,rp2040_timer0,capture,pio_fifo_max_drain_batch,1,INFO,0
CNT,1,121,2,1948110256,1948126272,rp2040_timer0,16017,R,h0_tcxo_16mhz,16
REF,1,1120,1,R,1959820432,rp2040_timer0,16
STS,1,986,1964080384,rp2040_timer0,system,uptime_seconds,122,INFO,0
STS,1,987,1964084656,rp2040_timer0,capture,event_count,121,INFO,0
STS,1,988,1964088688,rp2040_timer0,capture,dropped_count,0,INFO,0
STS,1,989,1964092144,rp2040_timer0,capture,error_flags,0,INFO,0
STS,1,990,1964095328,rp2040_timer0,capture,pio_fifo_drained_event_count,121,INFO,0
STS,1,991,1964099376,rp2040_timer0,capture,pio_fifo_empty_count,43251283,INFO,0
STS,1,992,1964103312,rp2040_timer0,capture,pio_fifo_overflow_drop_count,0,INFO,0
STS,1,993,1964107056,rp2040_timer0,capture,pio_fifo_max_drain_batch,1,INFO,0
CNT,1,122,2,1964109632,1964125648,rp2040_timer0,16016,R,h0_tcxo_16mhz,16
REF,1,1121,1,R,1975820416,rp2040_timer0,16
STS,1,994,1980080368,rp2040_timer0,system,uptime_seconds,123,INFO,0
STS,1,995,1980084304,rp2040_timer0,capture,event_count,122,INFO,0
STS,1,996,1980088592,rp2040_timer0,capture,dropped_count,0,INFO,0
STS,1,997,1980091904,rp2040_timer0,capture,error_flags,0,INFO,0
STS,1,998,1980095104,rp2040_timer0,capture,pio_fifo_drained_event_count,122,INFO,0
STS,1,999,1980099280,rp2040_timer0,capture,pio_fifo_empty_count,43608756,INFO,0
STS,1,1000,1980102912,rp2040_timer0,capture,pio_fifo_overflow_drop_count,0,INFO,0
STS,1,1001,1980106736,rp2040_timer0,capture,pio_fifo_max_drain_batch,1,INFO,0
CNT,1,123,2,1980109232,1980125248,rp2040_timer0,16016,R,h0_tcxo_16mhz,16
REF,1,1122,1,R,1991820384,rp2040_timer0,16
STS,1,1002,1996080336,rp2040_timer0,system,uptime_seconds,124,INFO,0
STS,1,1003,1996084528,rp2040_timer0,capture,event_count,123,INFO,0
STS,1,1004,1996088496,rp2040_timer0,capture,dropped_count,0,INFO,0
STS,1,1005,1996092624,rp2040_timer0,capture,error_flags,0,INFO,0
STS,1,1006,1996096160,rp2040_timer0,capture,pio_fifo_drained_event_count,123,INFO,0
STS,1,1007,1996100464,rp2040_timer0,capture,pio_fifo_empty_count,43966242,INFO,0
STS,1,1008,1996104608,rp2040_timer0,capture,pio_fifo_overflow_drop_count,0,INFO,0
STS,1,1009,1996107824,rp2040_timer0,capture,pio_fifo_max_drain_batch,1,INFO,0
CNT,1,124,2,1996110800,1996126816,rp2040_timer0,16016,R,h0_tcxo_16mhz,16
REF,1,1123,1,R,2007820352,rp2040_timer0,16
STS,1,1010,2012080304,rp2040_timer0,system,uptime_seconds,125,INFO,0
STS,1,1011,2012084512,rp2040_timer0,capture,event_count,124,INFO,0
STS,1,1012,2012088320,rp2040_timer0,capture,dropped_count,0,INFO,0
STS,1,1013,2012091488,rp2040_timer0,capture,error_flags,0,INFO,0
STS,1,1014,2012094800,rp2040_timer0,capture,pio_fifo_drained_event_count,124,INFO,0
STS,1,1015,2012098992,rp2040_timer0,capture,pio_fifo_empty_count,44323684,INFO,0
STS,1,1016,2012103008,rp2040_timer0,capture,pio_fifo_overflow_drop_count,0,INFO,0
STS,1,1017,2012106640,rp2040_timer0,capture,pio_fifo_max_drain_batch,1,INFO,0
CNT,1,125,2,2012109184,2012125200,rp2040_timer0,16016,R,h0_tcxo_16mhz,16
REF,1,1124,1,R,2023820352,rp2040_timer0,16
STS,1,1018,2028080368,rp2040_timer0,system,uptime_seconds,126,INFO,0
STS,1,1019,2028084800,rp2040_timer0,capture,event_count,125,INFO,0
STS,1,1020,2028088784,rp2040_timer0,capture,dropped_count,0,INFO,0
STS,1,1021,2028092448,rp2040_timer0,capture,error_flags,0,INFO,0
STS,1,1022,2028095808,rp2040_timer0,capture,pio_fifo_drained_event_count,125,INFO,0
STS,1,1023,2028100080,rp2040_timer0,capture,pio_fifo_empty_count,44681179,INFO,0
STS,1,1024,2028103920,rp2040_timer0,capture,pio_fifo_overflow_drop_count,0,INFO,0
STS,1,1025,2028107360,rp2040_timer0,capture,pio_fifo_max_drain_batch,1,INFO,0
CNT,1,126,2,2028110176,2028126192,rp2040_timer0,16016,R,h0_tcxo_16mhz,16
REF,1,1125,1,R,2039820320,rp2040_timer0,16
STS,1,1026,2044080320,rp2040_timer0,system,uptime_seconds,127,INFO,0
STS,1,1027,2044084624,rp2040_timer0,capture,event_count,126,INFO,0
STS,1,1028,2044088624,rp2040_timer0,capture,dropped_count,0,INFO,0
STS,1,1029,2044091792,rp2040_timer0,capture,error_flags,0,INFO,0
STS,1,1030,2044095008,rp2040_timer0,capture,pio_fifo_drained_event_count,126,INFO,0
STS,1,1031,2044099104,rp2040_timer0,capture,pio_fifo_empty_count,45038637,INFO,0
STS,1,1032,2044103280,rp2040_timer0,capture,pio_fifo_overflow_drop_count,0,INFO,0
STS,1,1033,2044106896,rp2040_timer0,capture,pio_fifo_max_drain_batch,1,INFO,0
CNT,1,127,2,2044109472,2044125488,rp2040_timer0,16016,R,h0_tcxo_16mhz,16
REF,1,1126,1,R,2055820320,rp2040_timer0,16
STS,1,1034,2060080320,rp2040_timer0,system,uptime_seconds,128,INFO,0
STS,1,1035,2060084432,rp2040_timer0,capture,event_count,127,INFO,0
STS,1,1036,2060088880,rp2040_timer0,capture,dropped_count,0,INFO,0
STS,1,1037,2060092640,rp2040_timer0,capture,error_flags,0,INFO,0
STS,1,1038,2060096208,rp2040_timer0,capture,pio_fifo_drained_event_count,127,INFO,0
STS,1,1039,2060100240,rp2040_timer0,capture,pio_fifo_empty_count,45396114,INFO,0
STS,1,1040,2060104480,rp2040_timer0,capture,pio_fifo_overflow_drop_count,0,INFO,0
STS,1,1041,2060107744,rp2040_timer0,capture,pio_fifo_max_drain_batch,1,INFO,0
CNT,1,128,2,2060110544,2060126576,rp2040_timer0,16032,R,h0_tcxo_16mhz,16
REF,1,1127,1,R,2071820288,rp2040_timer0,16
STS,1,1042,2076080368,rp2040_timer0,system,uptime_seconds,129,INFO,0
STS,1,1043,2076084528,rp2040_timer0,capture,event_count,128,INFO,0
STS,1,1044,2076088544,rp2040_timer0,capture,dropped_count,0,INFO,0
STS,1,1045,2076092448,rp2040_timer0,capture,error_flags,0,INFO,0
STS,1,1046,2076095808,rp2040_timer0,capture,pio_fifo_drained_event_count,128,INFO,0
STS,1,1047,2076099808,rp2040_timer0,capture,pio_fifo_empty_count,45753562,INFO,0
STS,1,1048,2076103584,rp2040_timer0,capture,pio_fifo_overflow_drop_count,0,INFO,0
STS,1,1049,2076107328,rp2040_timer0,capture,pio_fifo_max_drain_batch,1,INFO,0
CNT,1,129,2,2076110176,2076126192,rp2040_timer0,16016,R,h0_tcxo_16mhz,16
REF,1,1128,1,R,2087820240,rp2040_timer0,16
STS,1,1050,2092080352,rp2040_timer0,system,uptime_seconds,130,INFO,0
STS,1,1051,2092084528,rp2040_timer0,capture,event_count,129,INFO,0
STS,1,1052,2092088464,rp2040_timer0,capture,dropped_count,0,INFO,0
STS,1,1053,2092091616,rp2040_timer0,capture,error_flags,0,INFO,0
STS,1,1054,2092094704,rp2040_timer0,capture,pio_fifo_drained_event_count,129,INFO,0
STS,1,1055,2092098768,rp2040_timer0,capture,pio_fifo_empty_count,46111019,INFO,0
STS,1,1056,2092102672,rp2040_timer0,capture,pio_fifo_overflow_drop_count,0,INFO,0
STS,1,1057,2092106432,rp2040_timer0,capture,pio_fifo_max_drain_batch,1,INFO,0
CNT,1,130,2,2092108928,2092124960,rp2040_timer0,16032,R,h0_tcxo_16mhz,16
REF,1,1129,1,R,2103820208,rp2040_timer0,16
STS,1,1058,2108080352,rp2040_timer0,system,uptime_seconds,131,INFO,0
STS,1,1059,2108084640,rp2040_timer0,capture,event_count,130,INFO,0
STS,1,1060,2108088656,rp2040_timer0,capture,dropped_count,0,INFO,0
STS,1,1061,2108092032,rp2040_timer0,capture,error_flags,0,INFO,0
STS,1,1062,2108095248,rp2040_timer0,capture,pio_fifo_drained_event_count,130,INFO,0
STS,1,1063,2108099360,rp2040_timer0,capture,pio_fifo_empty_count,46468502,INFO,0
STS,1,1064,2108103232,rp2040_timer0,capture,pio_fifo_overflow_drop_count,0,INFO,0
STS,1,1065,2108106800,rp2040_timer0,capture,pio_fifo_max_drain_batch,1,INFO,0
CNT,1,131,2,2108109392,2108125408,rp2040_timer0,16016,R,h0_tcxo_16mhz,16
REF,1,1130,1,R,2119820224,rp2040_timer0,16
STS,1,1066,2124080352,rp2040_timer0,system,uptime_seconds,132,INFO,0
STS,1,1067,2124084544,rp2040_timer0,capture,event_count,131,INFO,0
STS,1,1068,2124088640,rp2040_timer0,capture,dropped_count,0,INFO,0
STS,1,1069,2124091808,rp2040_timer0,capture,error_flags,0,INFO,0
STS,1,1070,2124094880,rp2040_timer0,capture,pio_fifo_drained_event_count,131,INFO,0
STS,1,1071,2124099008,rp2040_timer0,capture,pio_fifo_empty_count,46825979,INFO,0
STS,1,1072,2124103184,rp2040_timer0,capture,pio_fifo_overflow_drop_count,0,INFO,0
STS,1,1073,2124106320,rp2040_timer0,capture,pio_fifo_max_drain_batch,1,INFO,0
CNT,1,132,2,2124108992,2124125056,rp2040_timer0,16064,R,h0_tcxo_16mhz,16
REF,1,1131,1,R,2135820192,rp2040_timer0,16
STS,1,1074,2140080336,rp2040_timer0,system,uptime_seconds,133,INFO,0
STS,1,1075,2140084320,rp2040_timer0,capture,event_count,132,INFO,0
STS,1,1076,2140088480,rp2040_timer0,capture,dropped_count,0,INFO,0
STS,1,1077,2140092352,rp2040_timer0,capture,error_flags,0,INFO,0
STS,1,1078,2140095920,rp2040_timer0,capture,pio_fifo_drained_event_count,132,INFO,0
STS,1,1079,2140100064,rp2040_timer0,capture,pio_fifo_empty_count,47183459,INFO,0
STS,1,1080,2140103872,rp2040_timer0,capture,pio_fifo_overflow_drop_count,0,INFO,0
STS,1,1081,2140107296,rp2040_timer0,capture,pio_fifo_max_drain_batch,1,INFO,0
CNT,1,133,2,2140110144,2140126176,rp2040_timer0,16032,R,h0_tcxo_16mhz,16
REF,1,1132,1,R,2151820176,rp2040_timer0,16
STS,1,1082,2156080368,rp2040_timer0,system,uptime_seconds,134,INFO,0
STS,1,1083,2156084800,rp2040_timer0,capture,event_count,133,INFO,0
STS,1,1084,2156088992,rp2040_timer0,capture,dropped_count,0,INFO,0
STS,1,1085,2156092896,rp2040_timer0,capture,error_flags,0,INFO,0
STS,1,1086,2156096736,rp2040_timer0,capture,pio_fifo_drained_event_count,133,INFO,0
STS,1,1087,2156100880,rp2040_timer0,capture,pio_fifo_empty_count,47540914,INFO,0
STS,1,1088,2156104864,rp2040_timer0,capture,pio_fifo_overflow_drop_count,0,INFO,0
STS,1,1089,2156108064,rp2040_timer0,capture,pio_fifo_max_drain_batch,1,INFO,0
CNT,1,134,2,2156111168,2156127184,rp2040_timer0,16017,R,h0_tcxo_16mhz,16
REF,1,1133,1,R,2167820128,rp2040_timer0,16
STS,1,1090,2172080400,rp2040_timer0,system,uptime_seconds,135,INFO,0
STS,1,1091,2172084352,rp2040_timer0,capture,event_count,134,INFO,0
STS,1,1092,2172088512,rp2040_timer0,capture,dropped_count,0,INFO,0
STS,1,1093,2172092112,rp2040_timer0,capture,error_flags,0,INFO,0
STS,1,1094,2172095664,rp2040_timer0,capture,pio_fifo_drained_event_count,134,INFO,0
STS,1,1095,2172099632,rp2040_timer0,capture,pio_fifo_empty_count,47898346,INFO,0
STS,1,1096,2172103632,rp2040_timer0,capture,pio_fifo_overflow_drop_count,0,INFO,0
STS,1,1097,2172107040,rp2040_timer0,capture,pio_fifo_max_drain_batch,1,INFO,0
CNT,1,135,2,2172109920,2172125936,rp2040_timer0,16016,R,h0_tcxo_16mhz,16
REF,1,1134,1,R,2183820128,rp2040_timer0,16
STS,1,1098,2188080352,rp2040_timer0,system,uptime_seconds,136,INFO,0
STS,1,1099,2188084848,rp2040_timer0,capture,event_count,135,INFO,0
STS,1,1100,2188088896,rp2040_timer0,capture,dropped_count,0,INFO,0
STS,1,1101,2188092656,rp2040_timer0,capture,error_flags,0,INFO,0
STS,1,1102,2188096464,rp2040_timer0,capture,pio_fifo_drained_event_count,135,INFO,0
STS,1,1103,2188100624,rp2040_timer0,capture,pio_fifo_empty_count,48255803,INFO,0
STS,1,1104,2188104464,rp2040_timer0,capture,pio_fifo_overflow_drop_count,0,INFO,0
STS,1,1105,2188107680,rp2040_timer0,capture,pio_fifo_max_drain_batch,1,INFO,0
CNT,1,136,2,2188110864,2188126880,rp2040_timer0,16016,R,h0_tcxo_16mhz,16
REF,1,1135,1,R,2199820128,rp2040_timer0,16
STS,1,1106,2204080352,rp2040_timer0,system,uptime_seconds,137,INFO,0
STS,1,1107,2204084352,rp2040_timer0,capture,event_count,136,INFO,0
STS,1,1108,2204088416,rp2040_timer0,capture,dropped_count,0,INFO,0
STS,1,1109,2204092064,rp2040_timer0,capture,error_flags,0,INFO,0
STS,1,1110,2204095408,rp2040_timer0,capture,pio_fifo_drained_event_count,136,INFO,0
STS,1,1111,2204099408,rp2040_timer0,capture,pio_fifo_empty_count,48613235,INFO,0
STS,1,1112,2204103568,rp2040_timer0,capture,pio_fifo_overflow_drop_count,0,INFO,0
STS,1,1113,2204106976,rp2040_timer0,capture,pio_fifo_max_drain_batch,1,INFO,0
CNT,1,137,2,2204109840,2204125856,rp2040_timer0,16016,R,h0_tcxo_16mhz,16
REF,1,1136,1,R,2215820080,rp2040_timer0,16
STS,1,1114,2220080352,rp2040_timer0,system,uptime_seconds,138,INFO,0
STS,1,1115,2220084496,rp2040_timer0,capture,event_count,137,INFO,0
STS,1,1116,2220088800,rp2040_timer0,capture,dropped_count,0,INFO,0
STS,1,1117,2220092560,rp2040_timer0,capture,error_flags,0,INFO,0
STS,1,1118,2220096272,rp2040_timer0,capture,pio_fifo_drained_event_count,137,INFO,0
STS,1,1119,2220100464,rp2040_timer0,capture,pio_fifo_empty_count,48970690,INFO,0
STS,1,1120,2220104368,rp2040_timer0,capture,pio_fifo_overflow_drop_count,0,INFO,0
STS,1,1121,2220107584,rp2040_timer0,capture,pio_fifo_max_drain_batch,1,INFO,0
CNT,1,138,2,2220110752,2220126768,rp2040_timer0,16016,R,h0_tcxo_16mhz,16
REF,1,1137,1,R,2231820064,rp2040_timer0,16
STS,1,1122,2236080336,rp2040_timer0,system,uptime_seconds,139,INFO,0
STS,1,1123,2236084624,rp2040_timer0,capture,event_count,138,INFO,0
STS,1,1124,2236088208,rp2040_timer0,capture,dropped_count,0,INFO,0
STS,1,1125,2236091760,rp2040_timer0,capture,error_flags,0,INFO,0
STS,1,1126,2236095136,rp2040_timer0,capture,pio_fifo_drained_event_count,138,INFO,0
STS,1,1127,2236099104,rp2040_timer0,capture,pio_fifo_empty_count,49328131,INFO,0
STS,1,1128,2236102960,rp2040_timer0,capture,pio_fifo_overflow_drop_count,0,INFO,0
STS,1,1129,2236106544,rp2040_timer0,capture,pio_fifo_max_drain_batch,1,INFO,0
CNT,1,139,2,2236109296,2236125312,rp2040_timer0,16016,R,h0_tcxo_16mhz,16
REF,1,1138,1,R,2247820048,rp2040_timer0,16
STS,1,1130,2252080384,rp2040_timer0,system,uptime_seconds,140,INFO,0
STS,1,1131,2252084832,rp2040_timer0,capture,event_count,139,INFO,0
STS,1,1132,2252088784,rp2040_timer0,capture,dropped_count,0,INFO,0
STS,1,1133,2252092272,rp2040_timer0,capture,error_flags,0,INFO,0
STS,1,1134,2252095968,rp2040_timer0,capture,pio_fifo_drained_event_count,139,INFO,0
STS,1,1135,2252100272,rp2040_timer0,capture,pio_fifo_empty_count,49685614,INFO,0
STS,1,1136,2252104064,rp2040_timer0,capture,pio_fifo_overflow_drop_count,0,INFO,0
STS,1,1137,2252107184,rp2040_timer0,capture,pio_fifo_max_drain_batch,1,INFO,0
CNT,1,140,2,2252110400,2252126416,rp2040_timer0,16016,R,h0_tcxo_16mhz,16
REF,1,1139,1,R,2263820016,rp2040_timer0,16
STS,1,1138,2268080384,rp2040_timer0,system,uptime_seconds,141,INFO,0
STS,1,1139,2268085024,rp2040_timer0,capture,event_count,140,INFO,0
STS,1,1140,2268088560,rp2040_timer0,capture,dropped_count,0,INFO,0
STS,1,1141,2268091888,rp2040_timer0,capture,error_flags,0,INFO,0
STS,1,1142,2268095248,rp2040_timer0,capture,pio_fifo_drained_event_count,140,INFO,0
STS,1,1143,2268099168,rp2040_timer0,capture,pio_fifo_empty_count,50043064,INFO,0
STS,1,1144,2268102880,rp2040_timer0,capture,pio_fifo_overflow_drop_count,0,INFO,0
STS,1,1145,2268106480,rp2040_timer0,capture,pio_fifo_max_drain_batch,1,INFO,0
CNT,1,141,2,2268109296,2268125312,rp2040_timer0,16016,R,h0_tcxo_16mhz,16
REF,1,1140,1,R,2279820000,rp2040_timer0,16
STS,1,1146,2284080384,rp2040_timer0,system,uptime_seconds,142,INFO,0
STS,1,1147,2284084400,rp2040_timer0,capture,event_count,141,INFO,0
STS,1,1148,2284088688,rp2040_timer0,capture,dropped_count,0,INFO,0
STS,1,1149,2284092432,rp2040_timer0,capture,error_flags,0,INFO,0
STS,1,1150,2284096432,rp2040_timer0,capture,pio_fifo_drained_event_count,141,INFO,0
STS,1,1151,2284100464,rp2040_timer0,capture,pio_fifo_empty_count,50400539,INFO,0
STS,1,1152,2284104624,rp2040_timer0,capture,pio_fifo_overflow_drop_count,0,INFO,0
STS,1,1153,2284107664,rp2040_timer0,capture,pio_fifo_max_drain_batch,1,INFO,0
CNT,1,142,2,2284110800,2284126816,rp2040_timer0,16016,R,h0_tcxo_16mhz,16
