BOOT,v=1,boot_count=1,phase=RunMode,prev_valid=0,prev_phase=ResetEntry,prev_fatal=None,reset_reason=0x00000001,watchdog=1,watchdog_enable=0,failure_count=0,safe_mode=0,prev_reset_reason=0x00000000
BOOT_WARN,v=1,key=serial_absent,wait_ms=250
EVT,1,1016,0,R,92048064,rp2040_timer0,16
STS,1,22,92052752,rp2040_timer0,system,uptime_seconds,5,INFO,0
STS,1,23,92057760,rp2040_timer0,capture,event_count,17,INFO,0
STS,1,24,92062640,rp2040_timer0,capture,dropped_count,0,INFO,0
STS,1,25,92067696,rp2040_timer0,capture,error_flags,0,INFO,0
EVT,1,1017,0,F,96048112,rp2040_timer0,16
EVT,1,1018,0,R,100048048,rp2040_timer0,16
EVT,1,1019,0,F,104048048,rp2040_timer0,16
EVT,1,1020,0,R,108048048,rp2040_timer0,16
STS,1,26,108052576,rp2040_timer0,system,uptime_seconds,6,INFO,0
STS,1,27,108057104,rp2040_timer0,capture,event_count,21,INFO,0
STS,1,28,108062288,rp2040_timer0,capture,dropped_count,0,INFO,0
STS,1,29,108067504,rp2040_timer0,capture,error_flags,0,INFO,0
EVT,1,1021,0,F,112048144,rp2040_timer0,16
EVT,1,1022,0,R,116048048,rp2040_timer0,16
EVT,1,1023,0,F,120048048,rp2040_timer0,16
STS,1,30,124048144,rp2040_timer0,system,uptime_seconds,7,INFO,0
STS,1,31,124053744,rp2040_timer0,capture,event_count,24,INFO,0
STS,1,32,124058384,rp2040_timer0,capture,dropped_count,0,INFO,0
STS,1,33,124063392,rp2040_timer0,capture,error_flags,0,INFO,0
EVT,1,1024,0,R,124068832,rp2040_timer0,16
EVT,1,1025,0,F,128064048,rp2040_timer0,16
EVT,1,1026,0,R,132064064,rp2040_timer0,16
EVT,1,1027,0,F,136064048,rp2040_timer0,16
STS,1,34,140048160,rp2040_timer0,system,uptime_seconds,8,INFO,0
STS,1,35,140053296,rp2040_timer0,capture,event_count,28,INFO,0
STS,1,36,140057632,rp2040_timer0,capture,dropped_count,0,INFO,0
STS,1,37,140062464,rp2040_timer0,capture,error_flags,0,INFO,0
EVT,1,1028,0,R,140066992,rp2040_timer0,16
EVT,1,1029,0,F,144064064,rp2040_timer0,16
EVT,1,1030,0,R,148064064,rp2040_timer0,16
EVT,1,1031,0,F,152064048,rp2040_timer0,16
STS,1,38,156048176,rp2040_timer0,system,uptime_seconds,9,INFO,0
STS,1,39,156053360,rp2040_timer0,capture,event_count,32,INFO,0
STS,1,40,156057632,rp2040_timer0,capture,dropped_count,0,INFO,0
STS,1,41,156062752,rp2040_timer0,capture,error_flags,0,INFO,0
EVT,1,1032,0,R,156067328,rp2040_timer0,16
EVT,1,1033,0,F,160064048,rp2040_timer0,16
EVT,1,1034,0,R,164064048,rp2040_timer0,16
EVT,1,1035,0,F,168064064,rp2040_timer0,16
STS,1,42,172048288,rp2040_timer0,system,uptime_seconds,10,INFO,0
STS,1,43,172053472,rp2040_timer0,capture,event_count,36,INFO,0
STS,1,44,172057760,rp2040_timer0,capture,dropped_count,0,INFO,0
STS,1,45,172062336,rp2040_timer0,capture,error_flags,0,INFO,0
EVT,1,1036,0,R,172066880,rp2040_timer0,16
EVT,1,1037,0,F,176064080,rp2040_timer0,16
EVT,1,1038,0,R,180064064,rp2040_timer0,16
EVT,1,1039,0,F,184064048,rp2040_timer0,16
STS,1,46,188048256,rp2040_timer0,system,uptime_seconds,11,INFO,0
STS,1,47,188053584,rp2040_timer0,capture,event_count,40,INFO,0
STS,1,48,188057584,rp2040_timer0,capture,dropped_count,0,INFO,0
STS,1,49,188062032,rp2040_timer0,capture,error_flags,0,INFO,0
EVT,1,1040,0,R,188067072,rp2040_timer0,16
EVT,1,1041,0,F,192064048,rp2040_timer0,16
EVT,1,1042,0,R,196064048,rp2040_timer0,16
EVT,1,1043,0,F,200064032,rp2040_timer0,16
STS,1,50,204048256,rp2040_timer0,system,uptime_seconds,12,INFO,0
STS,1,51,204053568,rp2040_timer0,capture,event_count,44,INFO,0
STS,1,52,204057872,rp2040_timer0,capture,dropped_count,0,INFO,0
STS,1,53,204062576,rp2040_timer0,capture,error_flags,0,INFO,0
EVT,1,1044,0,R,204067408,rp2040_timer0,16
EVT,1,1045,0,F,208064048,rp2040_timer0,16
EVT,1,1046,0,R,212064064,rp2040_timer0,16
EVT,1,1047,0,F,216064064,rp2040_timer0,16
STS,1,54,220048272,rp2040_timer0,system,uptime_seconds,13,INFO,0
STS,1,55,220053248,rp2040_timer0,capture,event_count,48,INFO,0
STS,1,56,220057696,rp2040_timer0,capture,dropped_count,0,INFO,0
STS,1,57,220062688,rp2040_timer0,capture,error_flags,0,INFO,0
EVT,1,1048,0,R,220067632,rp2040_timer0,16
EVT,1,1049,0,F,224064064,rp2040_timer0,16
EVT,1,1050,0,R,228064048,rp2040_timer0,16
EVT,1,1051,0,F,232064048,rp2040_timer0,16
STS,1,58,236048256,rp2040_timer0,system,uptime_seconds,14,INFO,0
STS,1,59,236053840,rp2040_timer0,capture,event_count,52,INFO,0
STS,1,60,236057984,rp2040_timer0,capture,dropped_count,0,INFO,0
STS,1,61,236062688,rp2040_timer0,capture,error_flags,0,INFO,0
EVT,1,1052,0,R,236066928,rp2040_timer0,16
EVT,1,1053,0,F,240064048,rp2040_timer0,16
EVT,1,1054,0,R,244064048,rp2040_timer0,16
EVT,1,1055,0,F,248064048,rp2040_timer0,16
STS,1,62,252048272,rp2040_timer0,system,uptime_seconds,15,INFO,0
STS,1,63,252053360,rp2040_timer0,capture,event_count,56,INFO,0
STS,1,64,252057536,rp2040_timer0,capture,dropped_count,0,INFO,0
STS,1,65,252062640,rp2040_timer0,capture,error_flags,0,INFO,0
EVT,1,1056,0,R,252066752,rp2040_timer0,16
EVT,1,1057,0,F,256064048,rp2040_timer0,16
EVT,1,1058,0,R,260064048,rp2040_timer0,16
EVT,1,1059,0,F,264064064,rp2040_timer0,16
STS,1,66,268048256,rp2040_timer0,system,uptime_seconds,16,INFO,0
STS,1,67,268053184,rp2040_timer0,capture,event_count,60,INFO,0
STS,1,68,268057488,rp2040_timer0,capture,dropped_count,0,INFO,0
STS,1,69,268062080,rp2040_timer0,capture,error_flags,0,INFO,0
EVT,1,1060,0,R,268066736,rp2040_timer0,16
EVT,1,1061,0,F,272064048,rp2040_timer0,16
EVT,1,1062,0,R,276064048,rp2040_timer0,16
EVT,1,1063,0,F,280064064,rp2040_timer0,16
STS,1,70,284048288,rp2040_timer0,system,uptime_seconds,17,INFO,0
STS,1,71,284053520,rp2040_timer0,capture,event_count,64,INFO,0
STS,1,72,284057808,rp2040_timer0,capture,dropped_count,0,INFO,0
STS,1,73,284062016,rp2040_timer0,capture,error_flags,0,INFO,0
EVT,1,1064,0,R,284066288,rp2040_timer0,16
EVT,1,1065,0,F,288064064,rp2040_timer0,16
EVT,1,1066,0,R,292064064,rp2040_timer0,16
EVT,1,1067,0,F,296064064,rp2040_timer0,16
STS,1,74,300048272,rp2040_timer0,system,uptime_seconds,18,INFO,0
STS,1,75,300053648,rp2040_timer0,capture,event_count,68,INFO,0
STS,1,76,300058016,rp2040_timer0,capture,dropped_count,0,INFO,0
STS,1,77,300063152,rp2040_timer0,capture,error_flags,0,INFO,0
EVT,1,1068,0,R,300067840,rp2040_timer0,16
EVT,1,1069,0,F,304064048,rp2040_timer0,16
EVT,1,1070,0,R,308064032,rp2040_timer0,16
EVT,1,1071,0,F,312064048,rp2040_timer0,16
STS,1,78,316048272,rp2040_timer0,system,uptime_seconds,19,INFO,0
STS,1,79,316053600,rp2040_timer0,capture,event_count,72,INFO,0
STS,1,80,316057488,rp2040_timer0,capture,dropped_count,0,INFO,0
STS,1,81,316062448,rp2040_timer0,capture,error_flags,0,INFO,0
EVT,1,1072,0,R,316066608,rp2040_timer0,16
EVT,1,1073,0,F,320064080,rp2040_timer0,16
EVT,1,1074,0,R,324064048,rp2040_timer0,16
EVT,1,1075,0,F,328064064,rp2040_timer0,16
STS,1,82,332048256,rp2040_timer0,system,uptime_seconds,20,INFO,0
STS,1,83,332053232,rp2040_timer0,capture,event_count,76,INFO,0
STS,1,84,332057616,rp2040_timer0,capture,dropped_count,0,INFO,0
STS,1,85,332062896,rp2040_timer0,capture,error_flags,0,INFO,0
EVT,1,1076,0,R,332068096,rp2040_timer0,16
EVT,1,1077,0,F,336064064,rp2040_timer0,16
EVT,1,1078,0,R,340064048,rp2040_timer0,16
EVT,1,1079,0,F,344064032,rp2040_timer0,16
STS,1,86,348048256,rp2040_timer0,system,uptime_seconds,21,INFO,0
STS,1,87,348053696,rp2040_timer0,capture,event_count,80,INFO,0
STS,1,88,348057776,rp2040_timer0,capture,dropped_count,0,INFO,0
STS,1,89,348062928,rp2040_timer0,capture,error_flags,0,INFO,0
EVT,1,1080,0,R,348067440,rp2040_timer0,16
EVT,1,1081,0,F,352064048,rp2040_timer0,16
EVT,1,1082,0,R,356064032,rp2040_timer0,16
EVT,1,1083,0,F,360064048,rp2040_timer0,16
STS,1,90,364048272,rp2040_timer0,system,uptime_seconds,22,INFO,0
STS,1,91,364053440,rp2040_timer0,capture,event_count,84,INFO,0
STS,1,92,364057744,rp2040_timer0,capture,dropped_count,0,INFO,0
STS,1,93,364061808,rp2040_timer0,capture,error_flags,0,INFO,0
EVT,1,1084,0,R,364066032,rp2040_timer0,16
EVT,1,1085,0,F,368064064,rp2040_timer0,16
EVT,1,1086,0,R,372064064,rp2040_timer0,16
EVT,1,1087,0,F,376064048,rp2040_timer0,16
STS,1,94,380048240,rp2040_timer0,system,uptime_seconds,23,INFO,0
STS,1,95,380053392,rp2040_timer0,capture,event_count,88,INFO,0
STS,1,96,380057632,rp2040_timer0,capture,dropped_count,0,INFO,0
STS,1,97,380062176,rp2040_timer0,capture,error_flags,0,INFO,0
EVT,1,1088,0,R,380066768,rp2040_timer0,16
EVT,1,1089,0,F,384064032,rp2040_timer0,16
EVT,1,1090,0,R,388064048,rp2040_timer0,16
EVT,1,1091,0,F,392064112,rp2040_timer0,16
STS,1,98,396048272,rp2040_timer0,system,uptime_seconds,24,INFO,0
STS,1,99,396053680,rp2040_timer0,capture,event_count,92,INFO,0
STS,1,100,396057952,rp2040_timer0,capture,dropped_count,0,INFO,0
STS,1,101,396063152,rp2040_timer0,capture,error_flags,0,INFO,0
EVT,1,1092,0,R,396068240,rp2040_timer0,16
EVT,1,1093,0,F,400064080,rp2040_timer0,16
EVT,1,1094,0,R,404064048,rp2040_timer0,16
EVT,1,1095,0,F,408064048,rp2040_timer0,16
STS,1,102,412048256,rp2040_timer0,system,uptime_seconds,25,INFO,0
STS,1,103,412053744,rp2040_timer0,capture,event_count,96,INFO,0
STS,1,104,412058032,rp2040_timer0,capture,dropped_count,0,INFO,0
STS,1,105,412062448,rp2040_timer0,capture,error_flags,0,INFO,0
EVT,1,1096,0,R,412067040,rp2040_timer0,16
EVT,1,1097,0,F,416064048,rp2040_timer0,16
EVT,1,1098,0,R,420064048,rp2040_timer0,16
EVT,1,1099,0,F,424064048,rp2040_timer0,16
STS,1,106,428048256,rp2040_timer0,system,uptime_seconds,26,INFO,0
STS,1,107,428053328,rp2040_timer0,capture,event_count,100,INFO,0
STS,1,108,428057648,rp2040_timer0,capture,dropped_count,0,INFO,0
STS,1,109,428062224,rp2040_timer0,capture,error_flags,0,INFO,0
EVT,1,1100,0,R,428066672,rp2040_timer0,16
EVT,1,1101,0,F,432064048,rp2040_timer0,16
EVT,1,1102,0,R,436064048,rp2040_timer0,16
EVT,1,1103,0,F,440064064,rp2040_timer0,16
STS,1,110,444048272,rp2040_timer0,system,uptime_seconds,27,INFO,0
STS,1,111,444053344,rp2040_timer0,capture,event_count,104,INFO,0
STS,1,112,444057584,rp2040_timer0,capture,dropped_count,0,INFO,0
STS,1,113,444063024,rp2040_timer0,capture,error_flags,0,INFO,0
EVT,1,1104,0,R,444067888,rp2040_timer0,16
EVT,1,1105,0,F,448064048,rp2040_timer0,16
EVT,1,1106,0,R,452064048,rp2040_timer0,16
EVT,1,1107,0,F,456064064,rp2040_timer0,16
STS,1,114,460048256,rp2040_timer0,system,uptime_seconds,28,INFO,0
STS,1,115,460053552,rp2040_timer0,capture,event_count,108,INFO,0
STS,1,116,460057872,rp2040_timer0,capture,dropped_count,0,INFO,0
STS,1,117,460062288,rp2040_timer0,capture,error_flags,0,INFO,0
EVT,1,1108,0,R,460066736,rp2040_timer0,16
EVT,1,1109,0,F,464064064,rp2040_timer0,16
EVT,1,1110,0,R,468064064,rp2040_timer0,16
EVT,1,1111,0,F,472064048,rp2040_timer0,16
STS,1,118,476048272,rp2040_timer0,system,uptime_seconds,29,INFO,0
STS,1,119,476053232,rp2040_timer0,capture,event_count,112,INFO,0
STS,1,120,476057568,rp2040_timer0,capture,dropped_count,0,INFO,0
STS,1,121,476061904,rp2040_timer0,capture,error_flags,0,INFO,0
EVT,1,1112,0,R,476066656,rp2040_timer0,16
EVT,1,1113,0,F,480064064,rp2040_timer0,16
EVT,1,1114,0,R,484064064,rp2040_timer0,16
EVT,1,1115,0,F,488064048,rp2040_timer0,16
STS,1,122,492048240,rp2040_timer0,system,uptime_seconds,30,INFO,0
STS,1,123,492053248,rp2040_timer0,capture,event_count,116,INFO,0
STS,1,124,492057536,rp2040_timer0,capture,dropped_count,0,INFO,0
STS,1,125,492061872,rp2040_timer0,capture,error_flags,0,INFO,0
EVT,1,1116,0,R,492066320,rp2040_timer0,16
EVT,1,1117,0,F,496064064,rp2040_timer0,16
EVT,1,1118,0,R,500064064,rp2040_timer0,16
EVT,1,1119,0,F,504064048,rp2040_timer0,16
STS,1,126,508048256,rp2040_timer0,system,uptime_seconds,31,INFO,0
STS,1,127,508053504,rp2040_timer0,capture,event_count,120,INFO,0
STS,1,128,508057872,rp2040_timer0,capture,dropped_count,0,INFO,0
STS,1,129,508063104,rp2040_timer0,capture,error_flags,0,INFO,0
EVT,1,1120,0,R,508067824,rp2040_timer0,16
EVT,1,1121,0,F,512064064,rp2040_timer0,16
EVT,1,1122,0,R,516064032,rp2040_timer0,16
EVT,1,1123,0,F,520064032,rp2040_timer0,16
STS,1,130,524048272,rp2040_timer0,system,uptime_seconds,32,INFO,0
STS,1,131,524053456,rp2040_timer0,capture,event_count,124,INFO,0
STS,1,132,524058080,rp2040_timer0,capture,dropped_count,0,INFO,0
STS,1,133,524063088,rp2040_timer0,capture,error_flags,0,INFO,0
EVT,1,1124,0,R,524068256,rp2040_timer0,16
EVT,1,1125,0,F,528064064,rp2040_timer0,16
EVT,1,1126,0,R,532064048,rp2040_timer0,16
EVT,1,1127,0,F,536064064,rp2040_timer0,16
STS,1,134,540048272,rp2040_timer0,system,uptime_seconds,33,INFO,0
STS,1,135,540053552,rp2040_timer0,capture,event_count,128,INFO,0
STS,1,136,540057712,rp2040_timer0,capture,dropped_count,0,INFO,0
STS,1,137,540061904,rp2040_timer0,capture,error_flags,0,INFO,0
EVT,1,1128,0,R,540066432,rp2040_timer0,16
EVT,1,1129,0,F,544064064,rp2040_timer0,16
EVT,1,1130,0,R,548064048,rp2040_timer0,16
EVT,1,1131,0,F,552064064,rp2040_timer0,16
STS,1,138,556048272,rp2040_timer0,system,uptime_seconds,34,INFO,0
STS,1,139,556053488,rp2040_timer0,capture,event_count,132,INFO,0
STS,1,140,556057760,rp2040_timer0,capture,dropped_count,0,INFO,0
STS,1,141,556062064,rp2040_timer0,capture,error_flags,0,INFO,0
EVT,1,1132,0,R,556066480,rp2040_timer0,16
EVT,1,1133,0,F,560064048,rp2040_timer0,16
EVT,1,1134,0,R,564064048,rp2040_timer0,16
EVT,1,1135,0,F,568064048,rp2040_timer0,16
STS,1,142,572048240,rp2040_timer0,system,uptime_seconds,35,INFO,0
STS,1,143,572053232,rp2040_timer0,capture,event_count,136,INFO,0
STS,1,144,572057632,rp2040_timer0,capture,dropped_count,0,INFO,0
STS,1,145,572062624,rp2040_timer0,capture,error_flags,0,INFO,0
EVT,1,1136,0,R,572067440,rp2040_timer0,16
EVT,1,1137,0,F,576064048,rp2040_timer0,16
EVT,1,1138,0,R,580064048,rp2040_timer0,16
EVT,1,1139,0,F,584064064,rp2040_timer0,16
STS,1,146,588048256,rp2040_timer0,system,uptime_seconds,36,INFO,0
STS,1,147,588053488,rp2040_timer0,capture,event_count,140,INFO,0
STS,1,148,588057664,rp2040_timer0,capture,dropped_count,0,INFO,0
STS,1,149,588061888,rp2040_timer0,capture,error_flags,0,INFO,0
EVT,1,1140,0,R,588066192,rp2040_timer0,16
EVT,1,1141,0,F,592064064,rp2040_timer0,16
EVT,1,1142,0,R,596064064,rp2040_timer0,16
EVT,1,1143,0,F,600064048,rp2040_timer0,16
STS,1,150,604048336,rp2040_timer0,system,uptime_seconds,37,INFO,0
STS,1,151,604053744,rp2040_timer0,capture,event_count,144,INFO,0
STS,1,152,604058080,rp2040_timer0,capture,dropped_count,0,INFO,0
STS,1,153,604062240,rp2040_timer0,capture,error_flags,0,INFO,0
EVT,1,1144,0,R,604066256,rp2040_timer0,16
EVT,1,1145,0,F,608064064,rp2040_timer0,16
EVT,1,1146,0,R,612064064,rp2040_timer0,16
EVT,1,1147,0,F,616064048,rp2040_timer0,16
STS,1,154,620048224,rp2040_timer0,system,uptime_seconds,38,INFO,0
STS,1,155,620053248,rp2040_timer0,capture,event_count,148,INFO,0
STS,1,156,620057504,rp2040_timer0,capture,dropped_count,0,INFO,0
STS,1,157,620061984,rp2040_timer0,capture,error_flags,0,INFO,0
EVT,1,1148,0,R,620066864,rp2040_timer0,16
EVT,1,1149,0,F,624064064,rp2040_timer0,16
EVT,1,1150,0,R,628064064,rp2040_timer0,16
EVT,1,1151,0,F,632064048,rp2040_timer0,16
STS,1,158,636048256,rp2040_timer0,system,uptime_seconds,39,INFO,0
STS,1,159,636053392,rp2040_timer0,capture,event_count,152,INFO,0
STS,1,160,636057552,rp2040_timer0,capture,dropped_count,0,INFO,0
STS,1,161,636062560,rp2040_timer0,capture,error_flags,0,INFO,0
EVT,1,1152,0,R,636067664,rp2040_timer0,16
EVT,1,1153,0,F,640064080,rp2040_timer0,16
EVT,1,1154,0,R,644064048,rp2040_timer0,16
EVT,1,1155,0,F,648064048,rp2040_timer0,16
STS,1,162,652048256,rp2040_timer0,system,uptime_seconds,40,INFO,0
STS,1,163,652053616,rp2040_timer0,capture,event_count,156,INFO,0
STS,1,164,652057856,rp2040_timer0,capture,dropped_count,0,INFO,0
STS,1,165,652062256,rp2040_timer0,capture,error_flags,0,INFO,0
EVT,1,1156,0,R,652066608,rp2040_timer0,16
EVT,1,1157,0,F,656064048,rp2040_timer0,16
EVT,1,1158,0,R,660064064,rp2040_timer0,16
EVT,1,1159,0,F,664064048,rp2040_timer0,16
STS,1,166,668048288,rp2040_timer0,system,uptime_seconds,41,INFO,0
STS,1,167,668053632,rp2040_timer0,capture,event_count,160,INFO,0
STS,1,168,668057984,rp2040_timer0,capture,dropped_count,0,INFO,0
STS,1,169,668063232,rp2040_timer0,capture,error_flags,0,INFO,0
EVT,1,1160,0,R,668068272,rp2040_timer0,16
EVT,1,1161,0,F,672064048,rp2040_timer0,16
EVT,1,1162,0,R,676064064,rp2040_timer0,16
EVT,1,1163,0,F,680064064,rp2040_timer0,16
STS,1,170,684048256,rp2040_timer0,system,uptime_seconds,42,INFO,0
STS,1,171,684053280,rp2040_timer0,capture,event_count,164,INFO,0
STS,1,172,684057344,rp2040_timer0,capture,dropped_count,0,INFO,0
STS,1,173,684062624,rp2040_timer0,capture,error_flags,0,INFO,0
EVT,1,1164,0,R,684067632,rp2040_timer0,16
EVT,1,1165,0,F,688064080,rp2040_timer0,16
EVT,1,1166,0,R,692064048,rp2040_timer0,16
EVT,1,1167,0,F,696064048,rp2040_timer0,16
STS,1,174,700048256,rp2040_timer0,system,uptime_seconds,43,INFO,0
STS,1,175,700053280,rp2040_timer0,capture,event_count,168,INFO,0
STS,1,176,700057504,rp2040_timer0,capture,dropped_count,0,INFO,0
STS,1,177,700062720,rp2040_timer0,capture,error_flags,0,INFO,0
EVT,1,1168,0,R,700067872,rp2040_timer0,16
EVT,1,1169,0,F,704064048,rp2040_timer0,16
EVT,1,1170,0,R,708064048,rp2040_timer0,16
EVT,1,1171,0,F,712064048,rp2040_timer0,16
STS,1,178,716048288,rp2040_timer0,system,uptime_seconds,44,INFO,0
STS,1,179,716053600,rp2040_timer0,capture,event_count,172,INFO,0
STS,1,180,716057968,rp2040_timer0,capture,dropped_count,0,INFO,0
STS,1,181,716062272,rp2040_timer0,capture,error_flags,0,INFO,0
EVT,1,1172,0,R,716066480,rp2040_timer0,16
EVT,1,1173,0,F,720064048,rp2040_timer0,16
EVT,1,1174,0,R,724064032,rp2040_timer0,16
EVT,1,1175,0,F,728064064,rp2040_timer0,16
STS,1,182,732048256,rp2040_timer0,system,uptime_seconds,45,INFO,0
STS,1,183,732053184,rp2040_timer0,capture,event_count,176,INFO,0
STS,1,184,732057264,rp2040_timer0,capture,dropped_count,0,INFO,0
STS,1,185,732062336,rp2040_timer0,capture,error_flags,0,INFO,0
EVT,1,1176,0,R,732068000,rp2040_timer0,16
EVT,1,1177,0,F,736064064,rp2040_timer0,16
EVT,1,1178,0,R,740064064,rp2040_timer0,16
EVT,1,1179,0,F,744064064,rp2040_timer0,16
STS,1,186,748048240,rp2040_timer0,system,uptime_seconds,46,INFO,0
STS,1,187,748053248,rp2040_timer0,capture,event_count,180,INFO,0
STS,1,188,748057392,rp2040_timer0,capture,dropped_count,0,INFO,0
STS,1,189,748062368,rp2040_timer0,capture,error_flags,0,INFO,0
EVT,1,1180,0,R,748067488,rp2040_timer0,16
EVT,1,1181,0,F,752064064,rp2040_timer0,16
