BOOT,v=1,boot_count=1,phase=ProtocolBanner,prev_valid=0,prev_phase=ResetEntry,prev_fatal=None,reset_reason=0x00000000,watchdog=0,watchdog_enable=0,failure_count=0,safe_mode=0,prev_reset_reason=0x00000000
BOOTDIAG,v=1,wd_reason=0x00000000,wd_s0=0x4f544253,wd_s1=0x00000001,wd_s2=0x00000008,wd_s3=0x00000000,wd_s4=0x00000000,wd_s5=0x00000000,wd_s6=0x00000000,wd_s7=0x00000000,resets_reset=0x00000000,resets_done=0x01ffffff,clk_ref_ctrl=0x00000002,clk_ref_div=0x00000100,clk_sys_ctrl=0x00000001,clk_sys_div=0x00000100,clk_peri_ctrl=0x00000840,clk_peri_div=0x00000000,xosc_status=0x81001001,rosc_status=0x81011000,rosc_ctrl=0x00fffaa0,pll_sys_cs=0x80000001,pll_usb_cs=0x80000001,vreg=0x000010c1,bod=0x00000091,chip_id=0x20002927,platform=0x00000002,gitref_rp2040=0x7af135dd
record_type,schema_version,event_seq,channel_id,edge,timestamp_ticks,capture_domain,flags
record_type,schema_version,count_seq,channel_id,gate_open_ticks,gate_close_ticks,gate_domain,counted_edges,source_edge,source_domain,flags
record_type,schema_version,status_seq,timestamp_ticks,status_domain,component,status_key,status_value,severity,flags
STS,1,1,24096624,rp2040_timer0,system,boot,true,INFO,32768
STS,1,2,24100160,rp2040_timer0,system,mode,SW1_GPS_PPS,INFO,32768
STS,1,3,24102656,rp2040_timer0,system,arduino_core,earlephilhower_arduino_pico,INFO,32768
STS,1,4,24105792,rp2040_timer0,system,board,arduino_nano_rp2040_connect,INFO,32768
STS,1,5,24108720,rp2040_timer0,pins,ch0_generic_event,D10,INFO,32768
STS,1,6,24112560,rp2040_timer0,pins,ch1_pps_reference,D14,INFO,32768
STS,1,7,24116096,rp2040_timer0,pins,ch2_osc_observation,D8_GPIO20_GPIN0,INFO,32768
REF,1,1000,1,R,28585696,rp2040_timer0,16
STS,1,8,40113104,rp2040_timer0,system,uptime_seconds,2,INFO,0
STS,1,9,40117264,rp2040_timer0,capture,event_count,1,INFO,0
STS,1,10,40120464,rp2040_timer0,capture,dropped_count,0,INFO,0
STS,1,11,40123712,rp2040_timer0,capture,error_flags,0,INFO,0
REF,1,1001,1,R,44585488,rp2040_timer0,16
STS,1,12,56112224,rp2040_timer0,system,uptime_seconds,3,INFO,0
STS,1,13,56115968,rp2040_timer0,capture,event_count,2,INFO,0
STS,1,14,56119344,rp2040_timer0,capture,dropped_count,0,INFO,0
STS,1,15,56122752,rp2040_timer0,capture,error_flags,0,INFO,0
REF,1,1002,1,R,60585440,rp2040_timer0,16
STS,1,16,72112224,rp2040_timer0,system,uptime_seconds,4,INFO,0
STS,1,17,72116000,rp2040_timer0,capture,event_count,3,INFO,0
STS,1,18,72119296,rp2040_timer0,capture,dropped_count,0,INFO,0
STS,1,19,72122464,rp2040_timer0,capture,error_flags,0,INFO,0
REF,1,1003,1,R,76585376,rp2040_timer0,16
STS,1,20,88112192,rp2040_timer0,system,uptime_seconds,5,INFO,0
STS,1,21,88115872,rp2040_timer0,capture,event_count,4,INFO,0
STS,1,22,88119184,rp2040_timer0,capture,dropped_count,0,INFO,0
STS,1,23,88122576,rp2040_timer0,capture,error_flags,0,INFO,0
REF,1,1004,1,R,92585376,rp2040_timer0,16
STS,1,24,104112208,rp2040_timer0,system,uptime_seconds,6,INFO,0
STS,1,25,104115904,rp2040_timer0,capture,event_count,5,INFO,0
STS,1,26,104119232,rp2040_timer0,capture,dropped_count,0,INFO,0
STS,1,27,104122656,rp2040_timer0,capture,error_flags,0,INFO,0
REF,1,1005,1,R,108585360,rp2040_timer0,16
STS,1,28,120112176,rp2040_timer0,system,uptime_seconds,7,INFO,0
STS,1,29,120115872,rp2040_timer0,capture,event_count,6,INFO,0
STS,1,30,120119184,rp2040_timer0,capture,dropped_count,0,INFO,0
STS,1,31,120122432,rp2040_timer0,capture,error_flags,0,INFO,0
REF,1,1006,1,R,124585344,rp2040_timer0,16
STS,1,32,136112192,rp2040_timer0,system,uptime_seconds,8,INFO,0
STS,1,33,136115936,rp2040_timer0,capture,event_count,7,INFO,0
STS,1,34,136119200,rp2040_timer0,capture,dropped_count,0,INFO,0
STS,1,35,136122672,rp2040_timer0,capture,error_flags,0,INFO,0
REF,1,1007,1,R,140585360,rp2040_timer0,16
STS,1,36,152112208,rp2040_timer0,system,uptime_seconds,9,INFO,0
STS,1,37,152115872,rp2040_timer0,capture,event_count,8,INFO,0
STS,1,38,152119248,rp2040_timer0,capture,dropped_count,0,INFO,0
STS,1,39,152122560,rp2040_timer0,capture,error_flags,0,INFO,0
REF,1,1008,1,R,156585344,rp2040_timer0,16
STS,1,40,168112368,rp2040_timer0,system,uptime_seconds,10,INFO,0
STS,1,41,168116048,rp2040_timer0,capture,event_count,9,INFO,0
STS,1,42,168119216,rp2040_timer0,capture,dropped_count,0,INFO,0
STS,1,43,168123040,rp2040_timer0,capture,error_flags,0,INFO,0
REF,1,1009,1,R,172585328,rp2040_timer0,16
STS,1,44,184112256,rp2040_timer0,system,uptime_seconds,11,INFO,0
STS,1,45,184115920,rp2040_timer0,capture,event_count,10,INFO,0
STS,1,46,184119072,rp2040_timer0,capture,dropped_count,0,INFO,0
STS,1,47,184122384,rp2040_timer0,capture,error_flags,0,INFO,0
REF,1,1010,1,R,188585312,rp2040_timer0,16
STS,1,48,200112224,rp2040_timer0,system,uptime_seconds,12,INFO,0
STS,1,49,200115952,rp2040_timer0,capture,event_count,11,INFO,0
STS,1,50,200119088,rp2040_timer0,capture,dropped_count,0,INFO,0
STS,1,51,200122384,rp2040_timer0,capture,error_flags,0,INFO,0
REF,1,1011,1,R,204585312,rp2040_timer0,16
STS,1,52,216112224,rp2040_timer0,system,uptime_seconds,13,INFO,0
STS,1,53,216116080,rp2040_timer0,capture,event_count,12,INFO,0
STS,1,54,216119200,rp2040_timer0,capture,dropped_count,0,INFO,0
STS,1,55,216122784,rp2040_timer0,capture,error_flags,0,INFO,0
REF,1,1012,1,R,220585296,rp2040_timer0,16
STS,1,56,232112240,rp2040_timer0,system,uptime_seconds,14,INFO,0
STS,1,57,232116032,rp2040_timer0,capture,event_count,13,INFO,0
STS,1,58,232119248,rp2040_timer0,capture,dropped_count,0,INFO,0
STS,1,59,232122848,rp2040_timer0,capture,error_flags,0,INFO,0
REF,1,1013,1,R,236585280,rp2040_timer0,16
STS,1,60,248112224,rp2040_timer0,system,uptime_seconds,15,INFO,0
STS,1,61,248116128,rp2040_timer0,capture,event_count,14,INFO,0
STS,1,62,248119312,rp2040_timer0,capture,dropped_count,0,INFO,0
STS,1,63,248123120,rp2040_timer0,capture,error_flags,0,INFO,0
REF,1,1014,1,R,252585248,rp2040_timer0,16
STS,1,64,264112240,rp2040_timer0,system,uptime_seconds,16,INFO,0
STS,1,65,264116016,rp2040_timer0,capture,event_count,15,INFO,0
STS,1,66,264119232,rp2040_timer0,capture,dropped_count,0,INFO,0
STS,1,67,264123008,rp2040_timer0,capture,error_flags,0,INFO,0
REF,1,1015,1,R,268585216,rp2040_timer0,16
STS,1,68,280112240,rp2040_timer0,system,uptime_seconds,17,INFO,0
STS,1,69,280115984,rp2040_timer0,capture,event_count,16,INFO,0
STS,1,70,280119120,rp2040_timer0,capture,dropped_count,0,INFO,0
STS,1,71,280122576,rp2040_timer0,capture,error_flags,0,INFO,0
REF,1,1016,1,R,284585216,rp2040_timer0,16
STS,1,72,296112240,rp2040_timer0,system,uptime_seconds,18,INFO,0
STS,1,73,296116048,rp2040_timer0,capture,event_count,17,INFO,0
STS,1,74,296119232,rp2040_timer0,capture,dropped_count,0,INFO,0
STS,1,75,296122960,rp2040_timer0,capture,error_flags,0,INFO,0
REF,1,1017,1,R,300585200,rp2040_timer0,16
STS,1,76,312112224,rp2040_timer0,system,uptime_seconds,19,INFO,0
STS,1,77,312116000,rp2040_timer0,capture,event_count,18,INFO,0
STS,1,78,312119184,rp2040_timer0,capture,dropped_count,0,INFO,0
STS,1,79,312122464,rp2040_timer0,capture,error_flags,0,INFO,0
REF,1,1018,1,R,316585168,rp2040_timer0,16
STS,1,80,328112224,rp2040_timer0,system,uptime_seconds,20,INFO,0
STS,1,81,328115968,rp2040_timer0,capture,event_count,19,INFO,0
STS,1,82,328119312,rp2040_timer0,capture,dropped_count,0,INFO,0
STS,1,83,328122848,rp2040_timer0,capture,error_flags,0,INFO,0
REF,1,1019,1,R,332585168,rp2040_timer0,16
STS,1,84,344112208,rp2040_timer0,system,uptime_seconds,21,INFO,0
STS,1,85,344116048,rp2040_timer0,capture,event_count,20,INFO,0
STS,1,86,344119056,rp2040_timer0,capture,dropped_count,0,INFO,0
STS,1,87,344122576,rp2040_timer0,capture,error_flags,0,INFO,0
REF,1,1020,1,R,348585152,rp2040_timer0,16
STS,1,88,360112224,rp2040_timer0,system,uptime_seconds,22,INFO,0
STS,1,89,360116032,rp2040_timer0,capture,event_count,21,INFO,0
STS,1,90,360119024,rp2040_timer0,capture,dropped_count,0,INFO,0
STS,1,91,360122576,rp2040_timer0,capture,error_flags,0,INFO,0
REF,1,1021,1,R,364585136,rp2040_timer0,16
STS,1,92,376112224,rp2040_timer0,system,uptime_seconds,23,INFO,0
STS,1,93,376115808,rp2040_timer0,capture,event_count,22,INFO,0
STS,1,94,376118992,rp2040_timer0,capture,dropped_count,0,INFO,0
STS,1,95,376122704,rp2040_timer0,capture,error_flags,0,INFO,0
REF,1,1022,1,R,380585120,rp2040_timer0,16
STS,1,96,392112192,rp2040_timer0,system,uptime_seconds,24,INFO,0
STS,1,97,392115936,rp2040_timer0,capture,event_count,23,INFO,0
STS,1,98,392118944,rp2040_timer0,capture,dropped_count,0,INFO,0
STS,1,99,392122576,rp2040_timer0,capture,error_flags,0,INFO,0
REF,1,1023,1,R,396585088,rp2040_timer0,16
STS,1,100,408112256,rp2040_timer0,system,uptime_seconds,25,INFO,0
STS,1,101,408115840,rp2040_timer0,capture,event_count,24,INFO,0
STS,1,102,408119152,rp2040_timer0,capture,dropped_count,0,INFO,0
STS,1,103,408122832,rp2040_timer0,capture,error_flags,0,INFO,0
REF,1,1024,1,R,412585088,rp2040_timer0,16
STS,1,104,424112224,rp2040_timer0,system,uptime_seconds,26,INFO,0
STS,1,105,424115984,rp2040_timer0,capture,event_count,25,INFO,0
STS,1,106,424118960,rp2040_timer0,capture,dropped_count,0,INFO,0
STS,1,107,424122784,rp2040_timer0,capture,error_flags,0,INFO,0
REF,1,1025,1,R,428585056,rp2040_timer0,16
STS,1,108,440112240,rp2040_timer0,system,uptime_seconds,27,INFO,0
STS,1,109,440116048,rp2040_timer0,capture,event_count,26,INFO,0
STS,1,110,440119040,rp2040_timer0,capture,dropped_count,0,INFO,0
STS,1,111,440122560,rp2040_timer0,capture,error_flags,0,INFO,0
REF,1,1026,1,R,444585056,rp2040_timer0,16
