BOOT,v=1,boot_count=1,phase=RunMode,prev_valid=0,prev_phase=ResetEntry,prev_fatal=None,reset_reason=0x00000001,watchdog=1,watchdog_enable=0,failure_count=0,safe_mode=0,prev_reset_reason=0x00000000
BOOT_WARN,v=1,key=serial_absent,wait_ms=250
CNT,1,5,2,92096016,92112048,rp2040_timer0,10020,R,h1_ocxo_open_loop,16
STS,1,61,92117616,rp2040_timer0,system,uptime_seconds,5,INFO,0
STS,1,62,92121984,rp2040_timer0,capture,event_count,1,INFO,0
STS,1,63,92125376,rp2040_timer0,capture,dropped_count,0,INFO,0
STS,1,64,92129360,rp2040_timer0,capture,error_flags,0,INFO,0
REF,1,1001,1,R,96485200,rp2040_timer0,16
CNT,1,6,2,108096016,108112048,rp2040_timer0,10020,R,h1_ocxo_open_loop,16
STS,1,65,108117264,rp2040_timer0,system,uptime_seconds,6,INFO,0
STS,1,66,108121008,rp2040_timer0,capture,event_count,2,INFO,0
STS,1,67,108124032,rp2040_timer0,capture,dropped_count,0,INFO,0
STS,1,68,108127952,rp2040_timer0,capture,error_flags,0,INFO,0
CNT,1,7,2,124096032,124112048,rp2040_timer0,10010,R,h1_ocxo_open_loop,16
STS,1,69,124117184,rp2040_timer0,system,uptime_seconds,7,INFO,0
STS,1,70,124120992,rp2040_timer0,capture,event_count,2,INFO,0
STS,1,71,124124064,rp2040_timer0,capture,dropped_count,0,INFO,0
STS,1,72,124127808,rp2040_timer0,capture,error_flags,0,INFO,0
REF,1,1002,1,R,128485072,rp2040_timer0,16
CNT,1,8,2,140096032,140112048,rp2040_timer0,10010,R,h1_ocxo_open_loop,16
STS,1,73,140117504,rp2040_timer0,system,uptime_seconds,8,INFO,0
STS,1,74,140122096,rp2040_timer0,capture,event_count,3,INFO,0
STS,1,75,140125168,rp2040_timer0,capture,dropped_count,0,INFO,0
STS,1,76,140129216,rp2040_timer0,capture,error_flags,0,INFO,0
REF,1,1003,1,R,144485008,rp2040_timer0,16
CNT,1,9,2,156096048,156112080,rp2040_timer0,10020,R,h1_ocxo_open_loop,16
STS,1,77,156116944,rp2040_timer0,system,uptime_seconds,9,INFO,0
STS,1,78,156121120,rp2040_timer0,capture,event_count,4,INFO,0
STS,1,79,156124640,rp2040_timer0,capture,dropped_count,0,INFO,0
STS,1,80,156128608,rp2040_timer0,capture,error_flags,0,INFO,0
REF,1,1004,1,R,160484944,rp2040_timer0,16
CNT,1,10,2,172096048,172112080,rp2040_timer0,10020,R,h1_ocxo_open_loop,16
STS,1,81,172116944,rp2040_timer0,system,uptime_seconds,10,INFO,0
STS,1,82,172121536,rp2040_timer0,capture,event_count,5,INFO,0
STS,1,83,172124688,rp2040_timer0,capture,dropped_count,0,INFO,0
STS,1,84,172128624,rp2040_timer0,capture,error_flags,0,INFO,0
REF,1,1005,1,R,176484896,rp2040_timer0,16
CNT,1,11,2,188096032,188112064,rp2040_timer0,10020,R,h1_ocxo_open_loop,16
STS,1,85,188117392,rp2040_timer0,system,uptime_seconds,11,INFO,0
STS,1,86,188121280,rp2040_timer0,capture,event_count,6,INFO,0
STS,1,87,188124480,rp2040_timer0,capture,dropped_count,0,INFO,0
STS,1,88,188128080,rp2040_timer0,capture,error_flags,0,INFO,0
REF,1,1006,1,R,192484864,rp2040_timer0,16
CNT,1,12,2,204096048,204112080,rp2040_timer0,10020,R,h1_ocxo_open_loop,16
STS,1,89,204117072,rp2040_timer0,system,uptime_seconds,12,INFO,0
STS,1,90,204121472,rp2040_timer0,capture,event_count,7,INFO,0
STS,1,91,204124752,rp2040_timer0,capture,dropped_count,0,INFO,0
STS,1,92,204128560,rp2040_timer0,capture,error_flags,0,INFO,0
REF,1,1007,1,R,208484816,rp2040_timer0,16
CNT,1,13,2,220096032,220112048,rp2040_timer0,10010,R,h1_ocxo_open_loop,16
STS,1,93,220117024,rp2040_timer0,system,uptime_seconds,13,INFO,0
STS,1,94,220121280,rp2040_timer0,capture,event_count,8,INFO,0
STS,1,95,220124512,rp2040_timer0,capture,dropped_count,0,INFO,0
STS,1,96,220128448,rp2040_timer0,capture,error_flags,0,INFO,0
REF,1,1008,1,R,224484768,rp2040_timer0,16
CNT,1,14,2,236096032,236112048,rp2040_timer0,10010,R,h1_ocxo_open_loop,16
STS,1,97,236117072,rp2040_timer0,system,uptime_seconds,14,INFO,0
STS,1,98,236121152,rp2040_timer0,capture,event_count,9,INFO,0
STS,1,99,236124112,rp2040_timer0,capture,dropped_count,0,INFO,0
STS,1,100,236127952,rp2040_timer0,capture,error_flags,0,INFO,0
REF,1,1009,1,R,240484720,rp2040_timer0,16
CNT,1,15,2,252096032,252112064,rp2040_timer0,10020,R,h1_ocxo_open_loop,16
STS,1,101,252117040,rp2040_timer0,system,uptime_seconds,15,INFO,0
STS,1,102,252121424,rp2040_timer0,capture,event_count,10,INFO,0
STS,1,103,252124704,rp2040_timer0,capture,dropped_count,0,INFO,0
STS,1,104,252128784,rp2040_timer0,capture,error_flags,0,INFO,0
REF,1,1010,1,R,256484672,rp2040_timer0,16
CNT,1,16,2,268096000,268112032,rp2040_timer0,10020,R,h1_ocxo_open_loop,16
STS,1,105,268117152,rp2040_timer0,system,uptime_seconds,16,INFO,0
STS,1,106,268121024,rp2040_timer0,capture,event_count,11,INFO,0
STS,1,107,268124368,rp2040_timer0,capture,dropped_count,0,INFO,0
STS,1,108,268128096,rp2040_timer0,capture,error_flags,0,INFO,0
REF,1,1011,1,R,272484624,rp2040_timer0,16
CNT,1,17,2,284096032,284112064,rp2040_timer0,10020,R,h1_ocxo_open_loop,16
STS,1,109,284116656,rp2040_timer0,system,uptime_seconds,17,INFO,0
STS,1,110,284121008,rp2040_timer0,capture,event_count,12,INFO,0
STS,1,111,284124608,rp2040_timer0,capture,dropped_count,0,INFO,0
STS,1,112,284128704,rp2040_timer0,capture,error_flags,0,INFO,0
REF,1,1012,1,R,288484592,rp2040_timer0,16
CNT,1,18,2,300096032,300112064,rp2040_timer0,10020,R,h1_ocxo_open_loop,16
STS,1,113,300116736,rp2040_timer0,system,uptime_seconds,18,INFO,0
STS,1,114,300120912,rp2040_timer0,capture,event_count,13,INFO,0
STS,1,115,300124608,rp2040_timer0,capture,dropped_count,0,INFO,0
STS,1,116,300128560,rp2040_timer0,capture,error_flags,0,INFO,0
REF,1,1013,1,R,304484544,rp2040_timer0,16
CNT,1,19,2,316096032,316112048,rp2040_timer0,10010,R,h1_ocxo_open_loop,16
STS,1,117,316117072,rp2040_timer0,system,uptime_seconds,19,INFO,0
STS,1,118,316121280,rp2040_timer0,capture,event_count,14,INFO,0
STS,1,119,316124960,rp2040_timer0,capture,dropped_count,0,INFO,0
STS,1,120,316128896,rp2040_timer0,capture,error_flags,0,INFO,0
REF,1,1014,1,R,320484512,rp2040_timer0,16
CNT,1,20,2,332096048,332112064,rp2040_timer0,10010,R,h1_ocxo_open_loop,16
STS,1,121,332117200,rp2040_timer0,system,uptime_seconds,20,INFO,0
STS,1,122,332121328,rp2040_timer0,capture,event_count,15,INFO,0
STS,1,123,332125184,rp2040_timer0,capture,dropped_count,0,INFO,0
STS,1,124,332129296,rp2040_timer0,capture,error_flags,0,INFO,0
REF,1,1015,1,R,336484464,rp2040_timer0,16
CNT,1,21,2,348096016,348112032,rp2040_timer0,10010,R,h1_ocxo_open_loop,16
STS,1,125,348116880,rp2040_timer0,system,uptime_seconds,21,INFO,0
STS,1,126,348120800,rp2040_timer0,capture,event_count,16,INFO,0
STS,1,127,348124144,rp2040_timer0,capture,dropped_count,0,INFO,0
STS,1,128,348127984,rp2040_timer0,capture,error_flags,0,INFO,0
REF,1,1016,1,R,352484416,rp2040_timer0,16
CNT,1,22,2,364096016,364112032,rp2040_timer0,10010,R,h1_ocxo_open_loop,16
STS,1,129,364117152,rp2040_timer0,system,uptime_seconds,22,INFO,0
STS,1,130,364121264,rp2040_timer0,capture,event_count,17,INFO,0
STS,1,131,364125040,rp2040_timer0,capture,dropped_count,0,INFO,0
STS,1,132,364128976,rp2040_timer0,capture,error_flags,0,INFO,0
REF,1,1017,1,R,368484384,rp2040_timer0,16
CNT,1,23,2,380096000,380112032,rp2040_timer0,10020,R,h1_ocxo_open_loop,16
STS,1,133,380117168,rp2040_timer0,system,uptime_seconds,23,INFO,0
STS,1,134,380121312,rp2040_timer0,capture,event_count,18,INFO,0
STS,1,135,380124928,rp2040_timer0,capture,dropped_count,0,INFO,0
STS,1,136,380128848,rp2040_timer0,capture,error_flags,0,INFO,0
REF,1,1018,1,R,384484336,rp2040_timer0,16
CNT,1,24,2,396096064,396112080,rp2040_timer0,10010,R,h1_ocxo_open_loop,16
STS,1,137,396116848,rp2040_timer0,system,uptime_seconds,24,INFO,0
STS,1,138,396120992,rp2040_timer0,capture,event_count,19,INFO,0
STS,1,139,396124352,rp2040_timer0,capture,dropped_count,0,INFO,0
STS,1,140,396128496,rp2040_timer0,capture,error_flags,0,INFO,0
REF,1,1019,1,R,400484304,rp2040_timer0,16
CNT,1,25,2,412096032,412112064,rp2040_timer0,10020,R,h1_ocxo_open_loop,16
STS,1,141,412116944,rp2040_timer0,system,uptime_seconds,25,INFO,0
STS,1,142,412121024,rp2040_timer0,capture,event_count,20,INFO,0
STS,1,143,412124208,rp2040_timer0,capture,dropped_count,0,INFO,0
STS,1,144,412128336,rp2040_timer0,capture,error_flags,0,INFO,0
REF,1,1020,1,R,416484256,rp2040_timer0,16
CNT,1,26,2,428096048,428112080,rp2040_timer0,10020,R,h1_ocxo_open_loop,16
STS,1,145,428117168,rp2040_timer0,system,uptime_seconds,26,INFO,0
STS,1,146,428121312,rp2040_timer0,capture,event_count,21,INFO,0
STS,1,147,428124944,rp2040_timer0,capture,dropped_count,0,INFO,0
STS,1,148,428128768,rp2040_timer0,capture,error_flags,0,INFO,0
REF,1,1021,1,R,432484208,rp2040_timer0,16
CNT,1,27,2,444096048,444112080,rp2040_timer0,10020,R,h1_ocxo_open_loop,16
STS,1,149,444116912,rp2040_timer0,system,uptime_seconds,27,INFO,0
STS,1,150,444120832,rp2040_timer0,capture,event_count,22,INFO,0
STS,1,151,444124272,rp2040_timer0,capture,dropped_count,0,INFO,0
STS,1,152,444128016,rp2040_timer0,capture,error_flags,0,INFO,0
REF,1,1022,1,R,448484160,rp2040_timer0,16
CNT,1,28,2,460096048,460112064,rp2040_timer0,10010,R,h1_ocxo_open_loop,16
STS,1,153,460117088,rp2040_timer0,system,uptime_seconds,28,INFO,0
STS,1,154,460120720,rp2040_timer0,capture,event_count,23,INFO,0
STS,1,155,460123920,rp2040_timer0,capture,dropped_count,0,INFO,0
STS,1,156,460127952,rp2040_timer0,capture,error_flags,0,INFO,0
REF,1,1023,1,R,464484128,rp2040_timer0,16
STS,1,157,466972576,rp2040_timer0,dac,enabled,true,INFO,32768
STS,1,158,466976672,rp2040_timer0,dac,initialized,true,INFO,0
STS,1,159,466980960,rp2040_timer0,dac,last_write_ok,true,INFO,0
STS,1,160,466985264,rp2040_timer0,dac,i2c_address,76,INFO,32768
STS,1,161,466988944,rp2040_timer0,dac,min_code,0x7000,INFO,32768
STS,1,162,466993280,rp2040_timer0,dac,max_code,0x9000,INFO,32768
STS,1,163,466997920,rp2040_timer0,dac,last_requested_code,0x0000,INFO,0
STS,1,164,467001232,rp2040_timer0,dac,last_applied_code,0x7000,INFO,0
STS,1,165,467004080,rp2040_timer0,dac,gain_mode,1x,INFO,32768
STS,1,166,467007328,rp2040_timer0,dac,reference_mode,external_or_breakout_default,INFO,32768
CNT,1,29,2,476096016,476112064,rp2040_timer0,10030,R,h1_ocxo_open_loop,16
STS,1,167,476116768,rp2040_timer0,system,uptime_seconds,29,INFO,0
STS,1,168,476120944,rp2040_timer0,capture,event_count,24,INFO,0
STS,1,169,476124352,rp2040_timer0,capture,dropped_count,0,INFO,0
STS,1,170,476128464,rp2040_timer0,capture,error_flags,0,INFO,0
REF,1,1024,1,R,480484080,rp2040_timer0,16
CNT,1,30,2,492096048,492112080,rp2040_timer0,10020,R,h1_ocxo_open_loop,16
STS,1,171,492116992,rp2040_timer0,system,uptime_seconds,30,INFO,0
STS,1,172,492121200,rp2040_timer0,capture,event_count,25,INFO,0
STS,1,173,492124896,rp2040_timer0,capture,dropped_count,0,INFO,0
STS,1,174,492128672,rp2040_timer0,capture,error_flags,0,INFO,0
REF,1,1025,1,R,496484032,rp2040_timer0,16
CNT,1,31,2,508096000,508112032,rp2040_timer0,10020,R,h1_ocxo_open_loop,16
STS,1,175,508116864,rp2040_timer0,system,uptime_seconds,31,INFO,0
STS,1,176,508120896,rp2040_timer0,capture,event_count,26,INFO,0
STS,1,177,508124304,rp2040_timer0,capture,dropped_count,0,INFO,0
STS,1,178,508128368,rp2040_timer0,capture,error_flags,0,INFO,0
REF,1,1026,1,R,512483984,rp2040_timer0,16
CNT,1,32,2,524096048,524112080,rp2040_timer0,10020,R,h1_ocxo_open_loop,16
STS,1,179,524117168,rp2040_timer0,system,uptime_seconds,32,INFO,0
STS,1,180,524121520,rp2040_timer0,capture,event_count,27,INFO,0
STS,1,181,524125120,rp2040_timer0,capture,dropped_count,0,INFO,0
STS,1,182,524129264,rp2040_timer0,capture,error_flags,0,INFO,0
REF,1,1027,1,R,528483936,rp2040_timer0,16
CNT,1,33,2,540096064,540112096,rp2040_timer0,10020,R,h1_ocxo_open_loop,16
STS,1,183,540117008,rp2040_timer0,system,uptime_seconds,33,INFO,0
STS,1,184,540121248,rp2040_timer0,capture,event_count,28,INFO,0
STS,1,185,540124768,rp2040_timer0,capture,dropped_count,0,INFO,0
STS,1,186,540128688,rp2040_timer0,capture,error_flags,0,INFO,0
REF,1,1028,1,R,544483888,rp2040_timer0,16
STS,1,187,555365328,rp2040_timer0,dac,min_code,0x7000,INFO,32768
STS,1,188,555369920,rp2040_timer0,dac,max_code,0x9000,INFO,32768
CNT,1,34,2,556096032,556112096,rp2040_timer0,10040,R,h1_ocxo_open_loop,16
STS,1,189,556117136,rp2040_timer0,system,uptime_seconds,34,INFO,0
STS,1,190,556121440,rp2040_timer0,capture,event_count,29,INFO,0
STS,1,191,556125184,rp2040_timer0,capture,dropped_count,0,INFO,0
STS,1,192,556129168,rp2040_timer0,capture,error_flags,0,INFO,0
REF,1,1029,1,R,560483856,rp2040_timer0,16
CNT,1,35,2,572096048,572112080,rp2040_timer0,10020,R,h1_ocxo_open_loop,16
STS,1,193,572117008,rp2040_timer0,system,uptime_seconds,35,INFO,0
STS,1,194,572121136,rp2040_timer0,capture,event_count,30,INFO,0
STS,1,195,572124272,rp2040_timer0,capture,dropped_count,0,INFO,0
STS,1,196,572128928,rp2040_timer0,capture,error_flags,0,INFO,0
REF,1,1030,1,R,576483808,rp2040_timer0,16
CNT,1,36,2,588096016,588112032,rp2040_timer0,10010,R,h1_ocxo_open_loop,16
STS,1,197,588117264,rp2040_timer0,system,uptime_seconds,36,INFO,0
STS,1,198,588121344,rp2040_timer0,capture,event_count,31,INFO,0
STS,1,199,588124592,rp2040_timer0,capture,dropped_count,0,INFO,0
STS,1,200,588128688,rp2040_timer0,capture,error_flags,0,INFO,0
REF,1,1031,1,R,592483760,rp2040_timer0,16
CNT,1,37,2,604096064,604112080,rp2040_timer0,10010,R,h1_ocxo_open_loop,16
STS,1,201,604116976,rp2040_timer0,system,uptime_seconds,37,INFO,0
STS,1,202,604121248,rp2040_timer0,capture,event_count,32,INFO,0
STS,1,203,604124512,rp2040_timer0,capture,dropped_count,0,INFO,0
STS,1,204,604128624,rp2040_timer0,capture,error_flags,0,INFO,0
REF,1,1032,1,R,608483712,rp2040_timer0,16
CNT,1,38,2,620096016,620112032,rp2040_timer0,10010,R,h1_ocxo_open_loop,16
STS,1,205,620116832,rp2040_timer0,system,uptime_seconds,38,INFO,0
STS,1,206,620120912,rp2040_timer0,capture,event_count,33,INFO,0
STS,1,207,620123936,rp2040_timer0,capture,dropped_count,0,INFO,0
STS,1,208,620128144,rp2040_timer0,capture,error_flags,0,INFO,0
REF,1,1033,1,R,624483664,rp2040_timer0,16
CNT,1,39,2,636096048,636112064,rp2040_timer0,10010,R,h1_ocxo_open_loop,16
STS,1,209,636117344,rp2040_timer0,system,uptime_seconds,39,INFO,0
STS,1,210,636120848,rp2040_timer0,capture,event_count,34,INFO,0
STS,1,211,636123984,rp2040_timer0,capture,dropped_count,0,INFO,0
STS,1,212,636128160,rp2040_timer0,capture,error_flags,0,INFO,0
STS,1,213,639042848,rp2040_timer0,dac,requested_code,0x8000,INFO,0
STS,1,214,639053968,rp2040_timer0,dac,accepted_code,0x8000,INFO,0
REF,1,1034,1,R,640483648,rp2040_timer0,16
CNT,1,40,2,652096016,652112064,rp2040_timer0,10030,R,h1_ocxo_open_loop,16
STS,1,215,652117376,rp2040_timer0,system,uptime_seconds,40,INFO,0
STS,1,216,652121168,rp2040_timer0,capture,event_count,35,INFO,0
STS,1,217,652124624,rp2040_timer0,capture,dropped_count,0,INFO,0
STS,1,218,652129120,rp2040_timer0,capture,error_flags,0,INFO,0
REF,1,1035,1,R,656483568,rp2040_timer0,16
CNT,1,41,2,668096032,668112080,rp2040_timer0,10030,R,h1_ocxo_open_loop,16
STS,1,219,668117264,rp2040_timer0,system,uptime_seconds,41,INFO,0
STS,1,220,668121328,rp2040_timer0,capture,event_count,36,INFO,0
STS,1,221,668124848,rp2040_timer0,capture,dropped_count,0,INFO,0
STS,1,222,668128864,rp2040_timer0,capture,error_flags,0,INFO,0
REF,1,1036,1,R,672483520,rp2040_timer0,16
CNT,1,42,2,684096032,684112064,rp2040_timer0,10020,R,h1_ocxo_open_loop,16
STS,1,223,684117184,rp2040_timer0,system,uptime_seconds,42,INFO,0
STS,1,224,684121584,rp2040_timer0,capture,event_count,37,INFO,0
STS,1,225,684125408,rp2040_timer0,capture,dropped_count,0,INFO,0
STS,1,226,684129520,rp2040_timer0,capture,error_flags,0,INFO,0
REF,1,1037,1,R,688483472,rp2040_timer0,16
CNT,1,43,2,700096016,700112048,rp2040_timer0,10020,R,h1_ocxo_open_loop,16
STS,1,227,700117168,rp2040_timer0,system,uptime_seconds,43,INFO,0
STS,1,228,700121344,rp2040_timer0,capture,event_count,38,INFO,0
STS,1,229,700124832,rp2040_timer0,capture,dropped_count,0,INFO,0
STS,1,230,700129152,rp2040_timer0,capture,error_flags,0,INFO,0
REF,1,1038,1,R,704483408,rp2040_timer0,16
CNT,1,44,2,716096016,716112032,rp2040_timer0,10010,R,h1_ocxo_open_loop,16
STS,1,231,716116896,rp2040_timer0,system,uptime_seconds,44,INFO,0
STS,1,232,716120720,rp2040_timer0,capture,event_count,39,INFO,0
STS,1,233,716123648,rp2040_timer0,capture,dropped_count,0,INFO,0
STS,1,234,716127840,rp2040_timer0,capture,error_flags,0,INFO,0
REF,1,1039,1,R,720483360,rp2040_timer0,16
STS,1,235,730420080,rp2040_timer0,dac,requested_code,0x7000,INFO,0
STS,1,236,730430800,rp2040_timer0,dac,accepted_code,0x7000,INFO,0
CNT,1,45,2,732096048,732112112,rp2040_timer0,10040,R,h1_ocxo_open_loop,16
STS,1,237,732116976,rp2040_timer0,system,uptime_seconds,45,INFO,0
STS,1,238,732120912,rp2040_timer0,capture,event_count,40,INFO,0
STS,1,239,732124272,rp2040_timer0,capture,dropped_count,0,INFO,0
STS,1,240,732128624,rp2040_timer0,capture,error_flags,0,INFO,0
REF,1,1040,1,R,736483328,rp2040_timer0,16
CNT,1,46,2,748096032,748112048,rp2040_timer0,10010,R,h1_ocxo_open_loop,16
STS,1,241,748116832,rp2040_timer0,system,uptime_seconds,46,INFO,0
STS,1,242,748120768,rp2040_timer0,capture,event_count,41,INFO,0
STS,1,243,748123712,rp2040_timer0,capture,dropped_count,0,INFO,0
STS,1,244,748127904,rp2040_timer0,capture,error_flags,0,INFO,0
REF,1,1041,1,R,752483264,rp2040_timer0,16
CNT,1,47,2,764096032,764112064,rp2040_timer0,10020,R,h1_ocxo_open_loop,16
STS,1,245,764117088,rp2040_timer0,system,uptime_seconds,47,INFO,0
STS,1,246,764121200,rp2040_timer0,capture,event_count,42,INFO,0
STS,1,247,764124640,rp2040_timer0,capture,dropped_count,0,INFO,0
STS,1,248,764128736,rp2040_timer0,capture,error_flags,0,INFO,0
REF,1,1042,1,R,768483216,rp2040_timer0,16
CNT,1,48,2,780096080,780112112,rp2040_timer0,10020,R,h1_ocxo_open_loop,16
STS,1,249,780117248,rp2040_timer0,system,uptime_seconds,48,INFO,0
STS,1,250,780120864,rp2040_timer0,capture,event_count,43,INFO,0
STS,1,251,780123728,rp2040_timer0,capture,dropped_count,0,INFO,0
STS,1,252,780127536,rp2040_timer0,capture,error_flags,0,INFO,0
REF,1,1043,1,R,784483152,rp2040_timer0,16
CNT,1,49,2,796096032,796112048,rp2040_timer0,10010,R,h1_ocxo_open_loop,16
STS,1,253,796117152,rp2040_timer0,system,uptime_seconds,49,INFO,0
STS,1,254,796120800,rp2040_timer0,capture,event_count,44,INFO,0
STS,1,255,796123600,rp2040_timer0,capture,dropped_count,0,INFO,0
STS,1,256,796127520,rp2040_timer0,capture,error_flags,0,INFO,0
REF,1,1044,1,R,800483104,rp2040_timer0,16
CNT,1,50,2,812096032,812112048,rp2040_timer0,10010,R,h1_ocxo_open_loop,16
STS,1,257,812117104,rp2040_timer0,system,uptime_seconds,50,INFO,0
STS,1,258,812121056,rp2040_timer0,capture,event_count,45,INFO,0
STS,1,259,812124464,rp2040_timer0,capture,dropped_count,0,INFO,0
STS,1,260,812127952,rp2040_timer0,capture,error_flags,0,INFO,0
REF,1,1045,1,R,816483040,rp2040_timer0,16
CNT,1,51,2,828096000,828112032,rp2040_timer0,10020,R,h1_ocxo_open_loop,16
STS,1,261,828117072,rp2040_timer0,system,uptime_seconds,51,INFO,0
STS,1,262,828120816,rp2040_timer0,capture,event_count,46,INFO,0
STS,1,263,828124000,rp2040_timer0,capture,dropped_count,0,INFO,0
STS,1,264,828127936,rp2040_timer0,capture,error_flags,0,INFO,0
REF,1,1046,1,R,832482992,rp2040_timer0,16
STS,1,265,842526976,rp2040_timer0,dac,requested_code,0x7000,INFO,0
STS,1,266,842537840,rp2040_timer0,dac,accepted_code,0x7000,INFO,0
CNT,1,52,2,844096016,844112096,rp2040_timer0,10050,R,h1_ocxo_open_loop,16
STS,1,267,844117168,rp2040_timer0,system,uptime_seconds,52,INFO,0
STS,1,268,844121104,rp2040_timer0,capture,event_count,47,INFO,0
STS,1,269,844124656,rp2040_timer0,capture,dropped_count,0,INFO,0
STS,1,270,844128192,rp2040_timer0,capture,error_flags,0,INFO,0
REF,1,1047,1,R,848482960,rp2040_timer0,16
CNT,1,53,2,860096032,860112064,rp2040_timer0,10020,R,h1_ocxo_open_loop,16
STS,1,271,860117392,rp2040_timer0,system,uptime_seconds,53,INFO,0
STS,1,272,860121024,rp2040_timer0,capture,event_count,48,INFO,0
STS,1,273,860124320,rp2040_timer0,capture,dropped_count,0,INFO,0
STS,1,274,860128352,rp2040_timer0,capture,error_flags,0,INFO,0
REF,1,1048,1,R,864482896,rp2040_timer0,16
CNT,1,54,2,876096064,876112096,rp2040_timer0,10020,R,h1_ocxo_open_loop,16
STS,1,275,876116912,rp2040_timer0,system,uptime_seconds,54,INFO,0
STS,1,276,876120848,rp2040_timer0,capture,event_count,49,INFO,0
STS,1,277,876124208,rp2040_timer0,capture,dropped_count,0,INFO,0
STS,1,278,876128208,rp2040_timer0,capture,error_flags,0,INFO,0
REF,1,1049,1,R,880482848,rp2040_timer0,16
CNT,1,55,2,892096000,892112032,rp2040_timer0,10020,R,h1_ocxo_open_loop,16
STS,1,279,892117280,rp2040_timer0,system,uptime_seconds,55,INFO,0
STS,1,280,892120928,rp2040_timer0,capture,event_count,50,INFO,0
STS,1,281,892124368,rp2040_timer0,capture,dropped_count,0,INFO,0
STS,1,282,892128448,rp2040_timer0,capture,error_flags,0,INFO,0
REF,1,1050,1,R,896482784,rp2040_timer0,16
CNT,1,56,2,908096048,908112064,rp2040_timer0,10010,R,h1_ocxo_open_loop,16
STS,1,283,908117200,rp2040_timer0,system,uptime_seconds,56,INFO,0
STS,1,284,908120992,rp2040_timer0,capture,event_count,51,INFO,0
STS,1,285,908124752,rp2040_timer0,capture,dropped_count,0,INFO,0
STS,1,286,908128560,rp2040_timer0,capture,error_flags,0,INFO,0
REF,1,1051,1,R,912482736,rp2040_timer0,16
CNT,1,57,2,924096048,924112080,rp2040_timer0,10020,R,h1_ocxo_open_loop,16
STS,1,287,924117040,rp2040_timer0,system,uptime_seconds,57,INFO,0
STS,1,288,924120944,rp2040_timer0,capture,event_count,52,INFO,0
STS,1,289,924124208,rp2040_timer0,capture,dropped_count,0,INFO,0
STS,1,290,924127888,rp2040_timer0,capture,error_flags,0,INFO,0
REF,1,1052,1,R,928482688,rp2040_timer0,16
CNT,1,58,2,940096000,940112032,rp2040_timer0,10020,R,h1_ocxo_open_loop,16
STS,1,291,940117200,rp2040_timer0,system,uptime_seconds,58,INFO,0
STS,1,292,940120864,rp2040_timer0,capture,event_count,53,INFO,0
STS,1,293,940124464,rp2040_timer0,capture,dropped_count,0,INFO,0
STS,1,294,940127632,rp2040_timer0,capture,error_flags,0,INFO,0
REF,1,1053,1,R,944482640,rp2040_timer0,16
CNT,1,59,2,956096048,956112080,rp2040_timer0,10020,R,h1_ocxo_open_loop,16
STS,1,295,956117312,rp2040_timer0,system,uptime_seconds,59,INFO,0
STS,1,296,956121152,rp2040_timer0,capture,event_count,54,INFO,0
STS,1,297,956124896,rp2040_timer0,capture,dropped_count,0,INFO,0
STS,1,298,956128656,rp2040_timer0,capture,error_flags,0,INFO,0
REF,1,1054,1,R,960482576,rp2040_timer0,16
CNT,1,60,2,972096032,972112064,rp2040_timer0,10020,R,h1_ocxo_open_loop,16
STS,1,299,972117408,rp2040_timer0,system,uptime_seconds,60,INFO,0
STS,1,300,972121376,rp2040_timer0,capture,event_count,55,INFO,0
STS,1,301,972125296,rp2040_timer0,capture,dropped_count,0,INFO,0
STS,1,302,972129424,rp2040_timer0,capture,error_flags,0,INFO,0
REF,1,1055,1,R,976482528,rp2040_timer0,16
CNT,1,61,2,988096016,988112048,rp2040_timer0,10020,R,h1_ocxo_open_loop,16
STS,1,303,988116976,rp2040_timer0,system,uptime_seconds,61,INFO,0
STS,1,304,988120496,rp2040_timer0,capture,event_count,56,INFO,0
STS,1,305,988123776,rp2040_timer0,capture,dropped_count,0,INFO,0
STS,1,306,988127888,rp2040_timer0,capture,error_flags,0,INFO,0
STS,1,307,989272432,rp2040_timer0,dac,requested_code,0x8000,INFO,0
STS,1,308,989283056,rp2040_timer0,dac,accepted_code,0x8000,INFO,0
REF,1,1056,1,R,992482496,rp2040_timer0,16
CNT,1,62,2,1004096000,1004112080,rp2040_timer0,10050,R,h1_ocxo_open_loop,16
STS,1,309,1004117344,rp2040_timer0,system,uptime_seconds,62,INFO,0
STS,1,310,1004120848,rp2040_timer0,capture,event_count,57,INFO,0
STS,1,311,1004124544,rp2040_timer0,capture,dropped_count,0,INFO,0
STS,1,312,1004127808,rp2040_timer0,capture,error_flags,0,INFO,0
REF,1,1057,1,R,1008482448,rp2040_timer0,16
CNT,1,63,2,1020096016,1020112048,rp2040_timer0,10020,R,h1_ocxo_open_loop,16
STS,1,313,1020117104,rp2040_timer0,system,uptime_seconds,63,INFO,0
STS,1,314,1020120688,rp2040_timer0,capture,event_count,58,INFO,0
STS,1,315,1020124368,rp2040_timer0,capture,dropped_count,0,INFO,0
STS,1,316,1020128176,rp2040_timer0,capture,error_flags,0,INFO,0
REF,1,1058,1,R,1024482384,rp2040_timer0,16
CNT,1,64,2,1036096016,1036112048,rp2040_timer0,10020,R,h1_ocxo_open_loop,16
STS,1,317,1036117040,rp2040_timer0,system,uptime_seconds,64,INFO,0
STS,1,318,1036120848,rp2040_timer0,capture,event_count,59,INFO,0
STS,1,319,1036124768,rp2040_timer0,capture,dropped_count,0,INFO,0
STS,1,320,1036128672,rp2040_timer0,capture,error_flags,0,INFO,0
REF,1,1059,1,R,1040482320,rp2040_timer0,16
CNT,1,65,2,1052096048,1052112080,rp2040_timer0,10020,R,h1_ocxo_open_loop,16
STS,1,321,1052116992,rp2040_timer0,system,uptime_seconds,65,INFO,0
STS,1,322,1052120880,rp2040_timer0,capture,event_count,60,INFO,0
STS,1,323,1052124784,rp2040_timer0,capture,dropped_count,0,INFO,0
STS,1,324,1052128576,rp2040_timer0,capture,error_flags,0,INFO,0
REF,1,1060,1,R,1056482288,rp2040_timer0,16
CNT,1,66,2,1068096048,1068112080,rp2040_timer0,10020,R,h1_ocxo_open_loop,16
STS,1,325,1068117168,rp2040_timer0,system,uptime_seconds,66,INFO,0
STS,1,326,1068120800,rp2040_timer0,capture,event_count,61,INFO,0
STS,1,327,1068124784,rp2040_timer0,capture,dropped_count,0,INFO,0
STS,1,328,1068128736,rp2040_timer0,capture,error_flags,0,INFO,0
STS,1,329,1069145264,rp2040_timer0,dac,requested_code,0x7000,INFO,0
STS,1,330,1069156176,rp2040_timer0,dac,accepted_code,0x7000,INFO,0
REF,1,1061,1,R,1072482240,rp2040_timer0,16
CNT,1,67,2,1084096016,1084112080,rp2040_timer0,10040,R,h1_ocxo_open_loop,16
STS,1,331,1084117472,rp2040_timer0,system,uptime_seconds,67,INFO,0
STS,1,332,1084121168,rp2040_timer0,capture,event_count,62,INFO,0
STS,1,333,1084125136,rp2040_timer0,capture,dropped_count,0,INFO,0
STS,1,334,1084129216,rp2040_timer0,capture,error_flags,0,INFO,0
REF,1,1062,1,R,1088482176,rp2040_timer0,16
CNT,1,68,2,1100096032,1100112064,rp2040_timer0,10020,R,h1_ocxo_open_loop,16
STS,1,335,1100117152,rp2040_timer0,system,uptime_seconds,68,INFO,0
STS,1,336,1100120816,rp2040_timer0,capture,event_count,63,INFO,0
STS,1,337,1100124880,rp2040_timer0,capture,dropped_count,0,INFO,0
STS,1,338,1100128800,rp2040_timer0,capture,error_flags,0,INFO,0
REF,1,1063,1,R,1104482112,rp2040_timer0,16
CNT,1,69,2,1116096048,1116112064,rp2040_timer0,10010,R,h1_ocxo_open_loop,16
STS,1,339,1116117056,rp2040_timer0,system,uptime_seconds,69,INFO,0
STS,1,340,1116120656,rp2040_timer0,capture,event_count,64,INFO,0
STS,1,341,1116124512,rp2040_timer0,capture,dropped_count,0,INFO,0
STS,1,342,1116127744,rp2040_timer0,capture,error_flags,0,INFO,0
REF,1,1064,1,R,1120482064,rp2040_timer0,16
CNT,1,70,2,1132096048,1132112080,rp2040_timer0,10020,R,h1_ocxo_open_loop,16
STS,1,343,1132117184,rp2040_timer0,system,uptime_seconds,70,INFO,0
STS,1,344,1132120880,rp2040_timer0,capture,event_count,65,INFO,0
STS,1,345,1132124768,rp2040_timer0,capture,dropped_count,0,INFO,0
STS,1,346,1132128752,rp2040_timer0,capture,error_flags,0,INFO,0
REF,1,1065,1,R,1136482000,rp2040_timer0,16
CNT,1,71,2,1148096032,1148112048,rp2040_timer0,10010,R,h1_ocxo_open_loop,16
STS,1,347,1148116928,rp2040_timer0,system,uptime_seconds,71,INFO,0
STS,1,348,1148120576,rp2040_timer0,capture,event_count,66,INFO,0
STS,1,349,1148124512,rp2040_timer0,capture,dropped_count,0,INFO,0
STS,1,350,1148128528,rp2040_timer0,capture,error_flags,0,INFO,0
REF,1,1066,1,R,1152481936,rp2040_timer0,16
STS,1,351,1157966784,rp2040_timer0,dac,requested_code,0x9000,INFO,0
STS,1,352,1157977520,rp2040_timer0,dac,accepted_code,0x9000,INFO,0
CNT,1,72,2,1164096032,1164112096,rp2040_timer0,10040,R,h1_ocxo_open_loop,16
STS,1,353,1164117296,rp2040_timer0,system,uptime_seconds,72,INFO,0
STS,1,354,1164120800,rp2040_timer0,capture,event_count,67,INFO,0
STS,1,355,1164124672,rp2040_timer0,capture,dropped_count,0,INFO,0
STS,1,356,1164128352,rp2040_timer0,capture,error_flags,0,INFO,0
REF,1,1067,1,R,1168481888,rp2040_timer0,16
CNT,1,73,2,1180096032,1180112064,rp2040_timer0,10020,R,h1_ocxo_open_loop,16
STS,1,357,1180117008,rp2040_timer0,system,uptime_seconds,73,INFO,0
STS,1,358,1180121056,rp2040_timer0,capture,event_count,68,INFO,0
STS,1,359,1180125040,rp2040_timer0,capture,dropped_count,0,INFO,0
STS,1,360,1180129136,rp2040_timer0,capture,error_flags,0,INFO,0
REF,1,1068,1,R,1184481824,rp2040_timer0,16
CNT,1,74,2,1196096016,1196112048,rp2040_timer0,10020,R,h1_ocxo_open_loop,16
STS,1,361,1196116864,rp2040_timer0,system,uptime_seconds,74,INFO,0
STS,1,362,1196120560,rp2040_timer0,capture,event_count,69,INFO,0
STS,1,363,1196124320,rp2040_timer0,capture,dropped_count,0,INFO,0
STS,1,364,1196128224,rp2040_timer0,capture,error_flags,0,INFO,0
REF,1,1069,1,R,1200481760,rp2040_timer0,16
CNT,1,75,2,1212096016,1212112032,rp2040_timer0,10010,R,h1_ocxo_open_loop,16
STS,1,365,1212116896,rp2040_timer0,system,uptime_seconds,75,INFO,0
STS,1,366,1212120992,rp2040_timer0,capture,event_count,70,INFO,0
STS,1,367,1212125120,rp2040_timer0,capture,dropped_count,0,INFO,0
STS,1,368,1212128960,rp2040_timer0,capture,error_flags,0,INFO,0
REF,1,1070,1,R,1216481696,rp2040_timer0,16
CNT,1,76,2,1228096064,1228112080,rp2040_timer0,10010,R,h1_ocxo_open_loop,16
STS,1,369,1228117008,rp2040_timer0,system,uptime_seconds,76,INFO,0
STS,1,370,1228120896,rp2040_timer0,capture,event_count,71,INFO,0
STS,1,371,1228124752,rp2040_timer0,capture,dropped_count,0,INFO,0
STS,1,372,1228128224,rp2040_timer0,capture,error_flags,0,INFO,0
REF,1,1071,1,R,1232481632,rp2040_timer0,16
CNT,1,77,2,1244096000,1244112032,rp2040_timer0,10020,R,h1_ocxo_open_loop,16
STS,1,373,1244117120,rp2040_timer0,system,uptime_seconds,77,INFO,0
STS,1,374,1244120960,rp2040_timer0,capture,event_count,72,INFO,0
STS,1,375,1244125200,rp2040_timer0,capture,dropped_count,0,INFO,0
STS,1,376,1244129264,rp2040_timer0,capture,error_flags,0,INFO,0
REF,1,1072,1,R,1248481568,rp2040_timer0,16
CNT,1,78,2,1260096000,1260112032,rp2040_timer0,10020,R,h1_ocxo_open_loop,16
STS,1,377,1260117184,rp2040_timer0,system,uptime_seconds,78,INFO,0
STS,1,378,1260121056,rp2040_timer0,capture,event_count,73,INFO,0
STS,1,379,1260125264,rp2040_timer0,capture,dropped_count,0,INFO,0
STS,1,380,1260129312,rp2040_timer0,capture,error_flags,0,INFO,0
REF,1,1073,1,R,1264481504,rp2040_timer0,16
CNT,1,79,2,1276096016,1276112032,rp2040_timer0,10010,R,h1_ocxo_open_loop,16
STS,1,381,1276117072,rp2040_timer0,system,uptime_seconds,79,INFO,0
STS,1,382,1276120896,rp2040_timer0,capture,event_count,74,INFO,0
STS,1,383,1276125104,rp2040_timer0,capture,dropped_count,0,INFO,0
STS,1,384,1276129120,rp2040_timer0,capture,error_flags,0,INFO,0
REF,1,1074,1,R,1280481456,rp2040_timer0,16
CNT,1,80,2,1292096048,1292112064,rp2040_timer0,10010,R,h1_ocxo_open_loop,16
STS,1,385,1292117088,rp2040_timer0,system,uptime_seconds,80,INFO,0
STS,1,386,1292120992,rp2040_timer0,capture,event_count,75,INFO,0
STS,1,387,1292125072,rp2040_timer0,capture,dropped_count,0,INFO,0
STS,1,388,1292129152,rp2040_timer0,capture,error_flags,0,INFO,0
REF,1,1075,1,R,1296481392,rp2040_timer0,16
CNT,1,81,2,1308096032,1308112048,rp2040_timer0,10010,R,h1_ocxo_open_loop,16
STS,1,389,1308116960,rp2040_timer0,system,uptime_seconds,81,INFO,0
STS,1,390,1308120688,rp2040_timer0,capture,event_count,76,INFO,0
STS,1,391,1308124624,rp2040_timer0,capture,dropped_count,0,INFO,0
STS,1,392,1308128640,rp2040_timer0,capture,error_flags,0,INFO,0
REF,1,1076,1,R,1312481344,rp2040_timer0,16
CNT,1,82,2,1324096000,1324112032,rp2040_timer0,10020,R,h1_ocxo_open_loop,16
STS,1,393,1324116880,rp2040_timer0,system,uptime_seconds,82,INFO,0
STS,1,394,1324120512,rp2040_timer0,capture,event_count,77,INFO,0
STS,1,395,1324124576,rp2040_timer0,capture,dropped_count,0,INFO,0
STS,1,396,1324128480,rp2040_timer0,capture,error_flags,0,INFO,0
REF,1,1077,1,R,1328481280,rp2040_timer0,16
CNT,1,83,2,1340096048,1340112064,rp2040_timer0,10010,R,h1_ocxo_open_loop,16
STS,1,397,1340117264,rp2040_timer0,system,uptime_seconds,83,INFO,0
STS,1,398,1340121152,rp2040_timer0,capture,event_count,78,INFO,0
STS,1,399,1340124720,rp2040_timer0,capture,dropped_count,0,INFO,0
STS,1,400,1340128304,rp2040_timer0,capture,error_flags,0,INFO,0
REF,1,1078,1,R,1344481232,rp2040_timer0,16
CNT,1,84,2,1356096064,1356112080,rp2040_timer0,10010,R,h1_ocxo_open_loop,16
STS,1,401,1356117184,rp2040_timer0,system,uptime_seconds,84,INFO,0
STS,1,402,1356121168,rp2040_timer0,capture,event_count,79,INFO,0
STS,1,403,1356125232,rp2040_timer0,capture,dropped_count,0,INFO,0
STS,1,404,1356128624,rp2040_timer0,capture,error_flags,0,INFO,0
REF,1,1079,1,R,1360481168,rp2040_timer0,16
CNT,1,85,2,1372096064,1372112080,rp2040_timer0,10010,R,h1_ocxo_open_loop,16
STS,1,405,1372117024,rp2040_timer0,system,uptime_seconds,85,INFO,0
STS,1,406,1372120784,rp2040_timer0,capture,event_count,80,INFO,0
STS,1,407,1372125008,rp2040_timer0,capture,dropped_count,0,INFO,0
STS,1,408,1372128800,rp2040_timer0,capture,error_flags,0,INFO,0
REF,1,1080,1,R,1376481120,rp2040_timer0,16
CNT,1,86,2,1388096032,1388112064,rp2040_timer0,10020,R,h1_ocxo_open_loop,16
STS,1,409,1388117152,rp2040_timer0,system,uptime_seconds,86,INFO,0
STS,1,410,1388120816,rp2040_timer0,capture,event_count,81,INFO,0
STS,1,411,1388124816,rp2040_timer0,capture,dropped_count,0,INFO,0
STS,1,412,1388128688,rp2040_timer0,capture,error_flags,0,INFO,0
REF,1,1081,1,R,1392481072,rp2040_timer0,16
CNT,1,87,2,1404096048,1404112080,rp2040_timer0,10020,R,h1_ocxo_open_loop,16
STS,1,413,1404116960,rp2040_timer0,system,uptime_seconds,87,INFO,0
STS,1,414,1404120688,rp2040_timer0,capture,event_count,82,INFO,0
STS,1,415,1404124720,rp2040_timer0,capture,dropped_count,0,INFO,0
STS,1,416,1404128768,rp2040_timer0,capture,error_flags,0,INFO,0
REF,1,1082,1,R,1408481024,rp2040_timer0,16
CNT,1,88,2,1420096032,1420112064,rp2040_timer0,10020,R,h1_ocxo_open_loop,16
STS,1,417,1420117024,rp2040_timer0,system,uptime_seconds,88,INFO,0
STS,1,418,1420120608,rp2040_timer0,capture,event_count,83,INFO,0
STS,1,419,1420124608,rp2040_timer0,capture,dropped_count,0,INFO,0
STS,1,420,1420128672,rp2040_timer0,capture,error_flags,0,INFO,0
REF,1,1083,1,R,1424480976,rp2040_timer0,16
CNT,1,89,2,1436096016,1436112032,rp2040_timer0,10010,R,h1_ocxo_open_loop,16
STS,1,421,1436117008,rp2040_timer0,system,uptime_seconds,89,INFO,0
STS,1,422,1436120864,rp2040_timer0,capture,event_count,84,INFO,0
STS,1,423,1436125408,rp2040_timer0,capture,dropped_count,0,INFO,0
STS,1,424,1436129328,rp2040_timer0,capture,error_flags,0,INFO,0
REF,1,1084,1,R,1440480928,rp2040_timer0,16
CNT,1,90,2,1452096064,1452112096,rp2040_timer0,10020,R,h1_ocxo_open_loop,16
STS,1,425,1452117040,rp2040_timer0,system,uptime_seconds,90,INFO,0
STS,1,426,1452120736,rp2040_timer0,capture,event_count,85,INFO,0
STS,1,427,1452124176,rp2040_timer0,capture,dropped_count,0,INFO,0
STS,1,428,1452127664,rp2040_timer0,capture,error_flags,0,INFO,0
REF,1,1085,1,R,1456480880,rp2040_timer0,16
CNT,1,91,2,1468096048,1468112064,rp2040_timer0,10010,R,h1_ocxo_open_loop,16
STS,1,429,1468117024,rp2040_timer0,system,uptime_seconds,91,INFO,0
STS,1,430,1468120368,rp2040_timer0,capture,event_count,86,INFO,0
STS,1,431,1468124640,rp2040_timer0,capture,dropped_count,0,INFO,0
STS,1,432,1468128224,rp2040_timer0,capture,error_flags,0,INFO,0
REF,1,1086,1,R,1472480832,rp2040_timer0,16
CNT,1,92,2,1484096064,1484112080,rp2040_timer0,10010,R,h1_ocxo_open_loop,16
STS,1,433,1484117072,rp2040_timer0,system,uptime_seconds,92,INFO,0
STS,1,434,1484120688,rp2040_timer0,capture,event_count,87,INFO,0
STS,1,435,1484124864,rp2040_timer0,capture,dropped_count,0,INFO,0
STS,1,436,1484128896,rp2040_timer0,capture,error_flags,0,INFO,0
REF,1,1087,1,R,1488480784,rp2040_timer0,16
CNT,1,93,2,1500096048,1500112080,rp2040_timer0,10020,R,h1_ocxo_open_loop,16
STS,1,437,1500116912,rp2040_timer0,system,uptime_seconds,93,INFO,0
STS,1,438,1500120288,rp2040_timer0,capture,event_count,88,INFO,0
STS,1,439,1500124160,rp2040_timer0,capture,dropped_count,0,INFO,0
STS,1,440,1500127376,rp2040_timer0,capture,error_flags,0,INFO,0
REF,1,1088,1,R,1504480736,rp2040_timer0,16
CNT,1,94,2,1516096032,1516112048,rp2040_timer0,10010,R,h1_ocxo_open_loop,16
STS,1,441,1516116848,rp2040_timer0,system,uptime_seconds,94,INFO,0
STS,1,442,1516120208,rp2040_timer0,capture,event_count,89,INFO,0
STS,1,443,1516124624,rp2040_timer0,capture,dropped_count,0,INFO,0
STS,1,444,1516128688,rp2040_timer0,capture,error_flags,0,INFO,0
REF,1,1089,1,R,1520480688,rp2040_timer0,16
CNT,1,95,2,1532096064,1532112080,rp2040_timer0,10010,R,h1_ocxo_open_loop,16
STS,1,445,1532116704,rp2040_timer0,system,uptime_seconds,95,INFO,0
STS,1,446,1532120096,rp2040_timer0,capture,event_count,90,INFO,0
STS,1,447,1532124720,rp2040_timer0,capture,dropped_count,0,INFO,0
STS,1,448,1532128816,rp2040_timer0,capture,error_flags,0,INFO,0
REF,1,1090,1,R,1536480640,rp2040_timer0,16
CNT,1,96,2,1548096064,1548112080,rp2040_timer0,10010,R,h1_ocxo_open_loop,16
STS,1,449,1548117104,rp2040_timer0,system,uptime_seconds,96,INFO,0
STS,1,450,1548120480,rp2040_timer0,capture,event_count,91,INFO,0
STS,1,451,1548124816,rp2040_timer0,capture,dropped_count,0,INFO,0
STS,1,452,1548128800,rp2040_timer0,capture,error_flags,0,INFO,0
REF,1,1091,1,R,1552480592,rp2040_timer0,16
CNT,1,97,2,1564096032,1564112048,rp2040_timer0,10010,R,h1_ocxo_open_loop,16
STS,1,453,1564116880,rp2040_timer0,system,uptime_seconds,97,INFO,0
STS,1,454,1564120032,rp2040_timer0,capture,event_count,92,INFO,0
STS,1,455,1564124368,rp2040_timer0,capture,dropped_count,0,INFO,0
STS,1,456,1564128512,rp2040_timer0,capture,error_flags,0,INFO,0
REF,1,1092,1,R,1568480528,rp2040_timer0,16
CNT,1,98,2,1580096048,1580112064,rp2040_timer0,10010,R,h1_ocxo_open_loop,16
STS,1,457,1580117184,rp2040_timer0,system,uptime_seconds,98,INFO,0
STS,1,458,1580120448,rp2040_timer0,capture,event_count,93,INFO,0
STS,1,459,1580124816,rp2040_timer0,capture,dropped_count,0,INFO,0
STS,1,460,1580128928,rp2040_timer0,capture,error_flags,0,INFO,0
REF,1,1093,1,R,1584480464,rp2040_timer0,16
CNT,1,99,2,1596096000,1596112032,rp2040_timer0,10020,R,h1_ocxo_open_loop,16
STS,1,461,1596117408,rp2040_timer0,system,uptime_seconds,99,INFO,0
STS,1,462,1596120912,rp2040_timer0,capture,event_count,94,INFO,0
STS,1,463,1596125280,rp2040_timer0,capture,dropped_count,0,INFO,0
STS,1,464,1596129328,rp2040_timer0,capture,error_flags,0,INFO,0
REF,1,1094,1,R,1600480416,rp2040_timer0,16
CNT,1,100,2,1612096016,1612112032,rp2040_timer0,10010,R,h1_ocxo_open_loop,16
STS,1,465,1612117136,rp2040_timer0,system,uptime_seconds,100,INFO,0
STS,1,466,1612120624,rp2040_timer0,capture,event_count,95,INFO,0
STS,1,467,1612125200,rp2040_timer0,capture,dropped_count,0,INFO,0
STS,1,468,1612129440,rp2040_timer0,capture,error_flags,0,INFO,0
REF,1,1095,1,R,1616480368,rp2040_timer0,16
CNT,1,101,2,1628096032,1628112064,rp2040_timer0,10020,R,h1_ocxo_open_loop,16
STS,1,469,1628117024,rp2040_timer0,system,uptime_seconds,101,INFO,0
STS,1,470,1628120288,rp2040_timer0,capture,event_count,96,INFO,0
STS,1,471,1628124544,rp2040_timer0,capture,dropped_count,0,INFO,0
STS,1,472,1628128320,rp2040_timer0,capture,error_flags,0,INFO,0
REF,1,1096,1,R,1632480304,rp2040_timer0,16
CNT,1,102,2,1644096016,1644112032,rp2040_timer0,10010,R,h1_ocxo_open_loop,16
STS,1,473,1644117056,rp2040_timer0,system,uptime_seconds,102,INFO,0
STS,1,474,1644120416,rp2040_timer0,capture,event_count,97,INFO,0
STS,1,475,1644124208,rp2040_timer0,capture,dropped_count,0,INFO,0
STS,1,476,1644127680,rp2040_timer0,capture,error_flags,0,INFO,0
REF,1,1097,1,R,1648480240,rp2040_timer0,16
CNT,1,103,2,1660096016,1660112048,rp2040_timer0,10020,R,h1_ocxo_open_loop,16
STS,1,477,1660117104,rp2040_timer0,system,uptime_seconds,103,INFO,0
STS,1,478,1660120672,rp2040_timer0,capture,event_count,98,INFO,0
STS,1,479,1660124848,rp2040_timer0,capture,dropped_count,0,INFO,0
STS,1,480,1660128784,rp2040_timer0,capture,error_flags,0,INFO,0
REF,1,1098,1,R,1664480192,rp2040_timer0,16
CNT,1,104,2,1676096016,1676112032,rp2040_timer0,10010,R,h1_ocxo_open_loop,16
STS,1,481,1676116912,rp2040_timer0,system,uptime_seconds,104,INFO,0
STS,1,482,1676120304,rp2040_timer0,capture,event_count,99,INFO,0
STS,1,483,1676124560,rp2040_timer0,capture,dropped_count,0,INFO,0
STS,1,484,1676128688,rp2040_timer0,capture,error_flags,0,INFO,0
REF,1,1099,1,R,1680480128,rp2040_timer0,16
CNT,1,105,2,1692096032,1692112064,rp2040_timer0,10020,R,h1_ocxo_open_loop,16
STS,1,485,1692117216,rp2040_timer0,system,uptime_seconds,105,INFO,0
STS,1,486,1692121072,rp2040_timer0,capture,event_count,100,INFO,0
STS,1,487,1692125632,rp2040_timer0,capture,dropped_count,0,INFO,0
STS,1,488,1692129520,rp2040_timer0,capture,error_flags,0,INFO,0
REF,1,1100,1,R,1696480064,rp2040_timer0,16
CNT,1,106,2,1708096032,1708112064,rp2040_timer0,10020,R,h1_ocxo_open_loop,16
STS,1,489,1708117120,rp2040_timer0,system,uptime_seconds,106,INFO,0
STS,1,490,1708120832,rp2040_timer0,capture,event_count,101,INFO,0
STS,1,491,1708125088,rp2040_timer0,capture,dropped_count,0,INFO,0
STS,1,492,1708129152,rp2040_timer0,capture,error_flags,0,INFO,0
REF,1,1101,1,R,1712480016,rp2040_timer0,16
CNT,1,107,2,1724096048,1724112080,rp2040_timer0,10021,R,h1_ocxo_open_loop,16
STS,1,493,1724116912,rp2040_timer0,system,uptime_seconds,107,INFO,0
STS,1,494,1724120496,rp2040_timer0,capture,event_count,102,INFO,0
STS,1,495,1724125008,rp2040_timer0,capture,dropped_count,0,INFO,0
STS,1,496,1724128960,rp2040_timer0,capture,error_flags,0,INFO,0
REF,1,1102,1,R,1728479952,rp2040_timer0,16
CNT,1,108,2,1740096000,1740112032,rp2040_timer0,10020,R,h1_ocxo_open_loop,16
STS,1,497,1740117136,rp2040_timer0,system,uptime_seconds,108,INFO,0
STS,1,498,1740120736,rp2040_timer0,capture,event_count,103,INFO,0
STS,1,499,1740125024,rp2040_timer0,capture,dropped_count,0,INFO,0
STS,1,500,1740128416,rp2040_timer0,capture,error_flags,0,INFO,0
REF,1,1103,1,R,1744479888,rp2040_timer0,16
CNT,1,109,2,1756096016,1756112048,rp2040_timer0,10020,R,h1_ocxo_open_loop,16
STS,1,501,1756117248,rp2040_timer0,system,uptime_seconds,109,INFO,0
STS,1,502,1756120992,rp2040_timer0,capture,event_count,104,INFO,0
STS,1,503,1756125536,rp2040_timer0,capture,dropped_count,0,INFO,0
STS,1,504,1756129440,rp2040_timer0,capture,error_flags,0,INFO,0
REF,1,1104,1,R,1760479824,rp2040_timer0,16
CNT,1,110,2,1772096064,1772112080,rp2040_timer0,10010,R,h1_ocxo_open_loop,16
STS,1,505,1772116912,rp2040_timer0,system,uptime_seconds,110,INFO,0
STS,1,506,1772120768,rp2040_timer0,capture,event_count,105,INFO,0
STS,1,507,1772124672,rp2040_timer0,capture,dropped_count,0,INFO,0
STS,1,508,1772127920,rp2040_timer0,capture,error_flags,0,INFO,0
REF,1,1105,1,R,1776479776,rp2040_timer0,16
CNT,1,111,2,1788096016,1788112032,rp2040_timer0,10010,R,h1_ocxo_open_loop,16
STS,1,509,1788117072,rp2040_timer0,system,uptime_seconds,111,INFO,0
STS,1,510,1788120672,rp2040_timer0,capture,event_count,106,INFO,0
STS,1,511,1788124656,rp2040_timer0,capture,dropped_count,0,INFO,0
STS,1,512,1788128592,rp2040_timer0,capture,error_flags,0,INFO,0
REF,1,1106,1,R,1792479712,rp2040_timer0,16
CNT,1,112,2,1804096032,1804112048,rp2040_timer0,10010,R,h1_ocxo_open_loop,16
STS,1,513,1804117040,rp2040_timer0,system,uptime_seconds,112,INFO,0
STS,1,514,1804120672,rp2040_timer0,capture,event_count,107,INFO,0
STS,1,515,1804124240,rp2040_timer0,capture,dropped_count,0,INFO,0
STS,1,516,1804128112,rp2040_timer0,capture,error_flags,0,INFO,0
REF,1,1107,1,R,1808479664,rp2040_timer0,16
CNT,1,113,2,1820096032,1820112064,rp2040_timer0,10020,R,h1_ocxo_open_loop,16
STS,1,517,1820117104,rp2040_timer0,system,uptime_seconds,113,INFO,0
STS,1,518,1820120880,rp2040_timer0,capture,event_count,108,INFO,0
STS,1,519,1820124752,rp2040_timer0,capture,dropped_count,0,INFO,0
STS,1,520,1820128592,rp2040_timer0,capture,error_flags,0,INFO,0
REF,1,1108,1,R,1824479616,rp2040_timer0,16
CNT,1,114,2,1836096064,1836112080,rp2040_timer0,10010,R,h1_ocxo_open_loop,16
STS,1,521,1836116992,rp2040_timer0,system,uptime_seconds,114,INFO,0
STS,1,522,1836120336,rp2040_timer0,capture,event_count,109,INFO,0
STS,1,523,1836124480,rp2040_timer0,capture,dropped_count,0,INFO,0
STS,1,524,1836129088,rp2040_timer0,capture,error_flags,0,INFO,0
REF,1,1109,1,R,1840479552,rp2040_timer0,16
CNT,1,115,2,1852096000,1852112032,rp2040_timer0,10020,R,h1_ocxo_open_loop,16
STS,1,525,1852116880,rp2040_timer0,system,uptime_seconds,115,INFO,0
STS,1,526,1852120528,rp2040_timer0,capture,event_count,110,INFO,0
STS,1,527,1852124480,rp2040_timer0,capture,dropped_count,0,INFO,0
STS,1,528,1852128672,rp2040_timer0,capture,error_flags,0,INFO,0
REF,1,1110,1,R,1856479504,rp2040_timer0,16
CNT,1,116,2,1868096048,1868112080,rp2040_timer0,10020,R,h1_ocxo_open_loop,16
STS,1,529,1868116992,rp2040_timer0,system,uptime_seconds,116,INFO,0
STS,1,530,1868120800,rp2040_timer0,capture,event_count,111,INFO,0
STS,1,531,1868124688,rp2040_timer0,capture,dropped_count,0,INFO,0
STS,1,532,1868128560,rp2040_timer0,capture,error_flags,0,INFO,0
REF,1,1111,1,R,1872479456,rp2040_timer0,16
CNT,1,117,2,1884096032,1884112048,rp2040_timer0,10010,R,h1_ocxo_open_loop,16
STS,1,533,1884116832,rp2040_timer0,system,uptime_seconds,117,INFO,0
STS,1,534,1884120768,rp2040_timer0,capture,event_count,112,INFO,0
STS,1,535,1884124944,rp2040_timer0,capture,dropped_count,0,INFO,0
STS,1,536,1884128704,rp2040_timer0,capture,error_flags,0,INFO,0
REF,1,1112,1,R,1888479408,rp2040_timer0,16
CNT,1,118,2,1900096048,1900112080,rp2040_timer0,10021,R,h1_ocxo_open_loop,16
STS,1,537,1900116992,rp2040_timer0,system,uptime_seconds,118,INFO,0
STS,1,538,1900121008,rp2040_timer0,capture,event_count,113,INFO,0
STS,1,539,1900124144,rp2040_timer0,capture,dropped_count,0,INFO,0
STS,1,540,1900128096,rp2040_timer0,capture,error_flags,0,INFO,0
REF,1,1113,1,R,1904479344,rp2040_timer0,16
CNT,1,119,2,1916096032,1916112048,rp2040_timer0,10010,R,h1_ocxo_open_loop,16
STS,1,541,1916116800,rp2040_timer0,system,uptime_seconds,119,INFO,0
STS,1,542,1916120336,rp2040_timer0,capture,event_count,114,INFO,0
STS,1,543,1916124144,rp2040_timer0,capture,dropped_count,0,INFO,0
STS,1,544,1916127984,rp2040_timer0,capture,error_flags,0,INFO,0
REF,1,1114,1,R,1920479296,rp2040_timer0,16
CNT,1,120,2,1932096032,1932112048,rp2040_timer0,10010,R,h1_ocxo_open_loop,16
STS,1,545,1932116976,rp2040_timer0,system,uptime_seconds,120,INFO,0
STS,1,546,1932120784,rp2040_timer0,capture,event_count,115,INFO,0
STS,1,547,1932125120,rp2040_timer0,capture,dropped_count,0,INFO,0
STS,1,548,1932129728,rp2040_timer0,capture,error_flags,0,INFO,0
REF,1,1115,1,R,1936479248,rp2040_timer0,16
CNT,1,121,2,1948096000,1948112032,rp2040_timer0,10020,R,h1_ocxo_open_loop,16
STS,1,549,1948116752,rp2040_timer0,system,uptime_seconds,121,INFO,0
STS,1,550,1948120688,rp2040_timer0,capture,event_count,116,INFO,0
STS,1,551,1948124704,rp2040_timer0,capture,dropped_count,0,INFO,0
STS,1,552,1948129168,rp2040_timer0,capture,error_flags,0,INFO,0
REF,1,1116,1,R,1952479200,rp2040_timer0,16
CNT,1,122,2,1964096064,1964112096,rp2040_timer0,10020,R,h1_ocxo_open_loop,16
STS,1,553,1964116736,rp2040_timer0,system,uptime_seconds,122,INFO,0
STS,1,554,1964120672,rp2040_timer0,capture,event_count,117,INFO,0
STS,1,555,1964124688,rp2040_timer0,capture,dropped_count,0,INFO,0
STS,1,556,1964128672,rp2040_timer0,capture,error_flags,0,INFO,0
REF,1,1117,1,R,1968479136,rp2040_timer0,16
CNT,1,123,2,1980096048,1980112080,rp2040_timer0,10020,R,h1_ocxo_open_loop,16
STS,1,557,1980116688,rp2040_timer0,system,uptime_seconds,123,INFO,0
STS,1,558,1980120480,rp2040_timer0,capture,event_count,118,INFO,0
STS,1,559,1980124336,rp2040_timer0,capture,dropped_count,0,INFO,0
STS,1,560,1980128480,rp2040_timer0,capture,error_flags,0,INFO,0
REF,1,1118,1,R,1984479104,rp2040_timer0,16
CNT,1,124,2,1996096032,1996112048,rp2040_timer0,10010,R,h1_ocxo_open_loop,16
STS,1,561,1996116624,rp2040_timer0,system,uptime_seconds,124,INFO,0
STS,1,562,1996120624,rp2040_timer0,capture,event_count,119,INFO,0
STS,1,563,1996124272,rp2040_timer0,capture,dropped_count,0,INFO,0
STS,1,564,1996128064,rp2040_timer0,capture,error_flags,0,INFO,0
REF,1,1119,1,R,2000479040,rp2040_timer0,16
CNT,1,125,2,2012096016,2012112048,rp2040_timer0,10020,R,h1_ocxo_open_loop,16
STS,1,565,2012116560,rp2040_timer0,system,uptime_seconds,125,INFO,0
STS,1,566,2012120416,rp2040_timer0,capture,event_count,120,INFO,0
STS,1,567,2012124480,rp2040_timer0,capture,dropped_count,0,INFO,0
STS,1,568,2012128672,rp2040_timer0,capture,error_flags,0,INFO,0
REF,1,1120,1,R,2016478992,rp2040_timer0,16
CNT,1,126,2,2028096048,2028112064,rp2040_timer0,10010,R,h1_ocxo_open_loop,16
STS,1,569,2028116656,rp2040_timer0,system,uptime_seconds,126,INFO,0
STS,1,570,2028120768,rp2040_timer0,capture,event_count,121,INFO,0
STS,1,571,2028124752,rp2040_timer0,capture,dropped_count,0,INFO,0
STS,1,572,2028128896,rp2040_timer0,capture,error_flags,0,INFO,0
REF,1,1121,1,R,2032478944,rp2040_timer0,16
CNT,1,127,2,2044096064,2044112080,rp2040_timer0,10010,R,h1_ocxo_open_loop,16
STS,1,573,2044116528,rp2040_timer0,system,uptime_seconds,127,INFO,0
STS,1,574,2044120464,rp2040_timer0,capture,event_count,122,INFO,0
STS,1,575,2044124112,rp2040_timer0,capture,dropped_count,0,INFO,0
STS,1,576,2044127584,rp2040_timer0,capture,error_flags,0,INFO,0
REF,1,1122,1,R,2048478880,rp2040_timer0,16
CNT,1,128,2,2060096064,2060112096,rp2040_timer0,10020,R,h1_ocxo_open_loop,16
STS,1,577,2060116752,rp2040_timer0,system,uptime_seconds,128,INFO,0
STS,1,578,2060120832,rp2040_timer0,capture,event_count,123,INFO,0
STS,1,579,2060124208,rp2040_timer0,capture,dropped_count,0,INFO,0
STS,1,580,2060127488,rp2040_timer0,capture,error_flags,0,INFO,0
REF,1,1123,1,R,2064478832,rp2040_timer0,16
CNT,1,129,2,2076096080,2076112096,rp2040_timer0,10010,R,h1_ocxo_open_loop,16
STS,1,581,2076116704,rp2040_timer0,system,uptime_seconds,129,INFO,0
STS,1,582,2076120928,rp2040_timer0,capture,event_count,124,INFO,0
STS,1,583,2076125104,rp2040_timer0,capture,dropped_count,0,INFO,0
STS,1,584,2076129632,rp2040_timer0,capture,error_flags,0,INFO,0
REF,1,1124,1,R,2080478784,rp2040_timer0,16
CNT,1,130,2,2092096064,2092112080,rp2040_timer0,10010,R,h1_ocxo_open_loop,16
STS,1,585,2092116832,rp2040_timer0,system,uptime_seconds,130,INFO,0
STS,1,586,2092120672,rp2040_timer0,capture,event_count,125,INFO,0
STS,1,587,2092124480,rp2040_timer0,capture,dropped_count,0,INFO,0
STS,1,588,2092127824,rp2040_timer0,capture,error_flags,0,INFO,0
REF,1,1125,1,R,2096478736,rp2040_timer0,16
CNT,1,131,2,2108096048,2108112080,rp2040_timer0,10020,R,h1_ocxo_open_loop,16
STS,1,589,2108116976,rp2040_timer0,system,uptime_seconds,131,INFO,0
STS,1,590,2108120992,rp2040_timer0,capture,event_count,126,INFO,0
STS,1,591,2108124192,rp2040_timer0,capture,dropped_count,0,INFO,0
STS,1,592,2108127760,rp2040_timer0,capture,error_flags,0,INFO,0
REF,1,1126,1,R,2112478672,rp2040_timer0,16
CNT,1,132,2,2124096064,2124112080,rp2040_timer0,10010,R,h1_ocxo_open_loop,16
STS,1,593,2124116624,rp2040_timer0,system,uptime_seconds,132,INFO,0
STS,1,594,2124120528,rp2040_timer0,capture,event_count,127,INFO,0
STS,1,595,2124124656,rp2040_timer0,capture,dropped_count,0,INFO,0
STS,1,596,2124128992,rp2040_timer0,capture,error_flags,0,INFO,0
REF,1,1127,1,R,2128478624,rp2040_timer0,16
CNT,1,133,2,2140096048,2140112064,rp2040_timer0,10010,R,h1_ocxo_open_loop,16
STS,1,597,2140116688,rp2040_timer0,system,uptime_seconds,133,INFO,0
STS,1,598,2140120688,rp2040_timer0,capture,event_count,128,INFO,0
STS,1,599,2140124720,rp2040_timer0,capture,dropped_count,0,INFO,0
STS,1,600,2140128880,rp2040_timer0,capture,error_flags,0,INFO,0
REF,1,1128,1,R,2144478576,rp2040_timer0,16
CNT,1,134,2,2156096064,2156112096,rp2040_timer0,10020,R,h1_ocxo_open_loop,16
STS,1,601,2156116496,rp2040_timer0,system,uptime_seconds,134,INFO,0
STS,1,602,2156120816,rp2040_timer0,capture,event_count,129,INFO,0
STS,1,603,2156124688,rp2040_timer0,capture,dropped_count,0,INFO,0
STS,1,604,2156128752,rp2040_timer0,capture,error_flags,0,INFO,0
REF,1,1129,1,R,2160478528,rp2040_timer0,16
CNT,1,135,2,2172096000,2172112032,rp2040_timer0,10020,R,h1_ocxo_open_loop,16
STS,1,605,2172116672,rp2040_timer0,system,uptime_seconds,135,INFO,0
STS,1,606,2172120560,rp2040_timer0,capture,event_count,130,INFO,0
STS,1,607,2172124864,rp2040_timer0,capture,dropped_count,0,INFO,0
STS,1,608,2172128704,rp2040_timer0,capture,error_flags,0,INFO,0
REF,1,1130,1,R,2176478480,rp2040_timer0,16
CNT,1,136,2,2188096032,2188112064,rp2040_timer0,10020,R,h1_ocxo_open_loop,16
STS,1,609,2188116592,rp2040_timer0,system,uptime_seconds,136,INFO,0
STS,1,610,2188120496,rp2040_timer0,capture,event_count,131,INFO,0
STS,1,611,2188124672,rp2040_timer0,capture,dropped_count,0,INFO,0
STS,1,612,2188128720,rp2040_timer0,capture,error_flags,0,INFO,0
REF,1,1131,1,R,2192478416,rp2040_timer0,16
CNT,1,137,2,2204096032,2204112048,rp2040_timer0,10010,R,h1_ocxo_open_loop,16
STS,1,613,2204116800,rp2040_timer0,system,uptime_seconds,137,INFO,0
STS,1,614,2204120928,rp2040_timer0,capture,event_count,132,INFO,0
STS,1,615,2204125120,rp2040_timer0,capture,dropped_count,0,INFO,0
STS,1,616,2204128992,rp2040_timer0,capture,error_flags,0,INFO,0
REF,1,1132,1,R,2208478368,rp2040_timer0,16
CNT,1,138,2,2220096000,2220112032,rp2040_timer0,10020,R,h1_ocxo_open_loop,16
STS,1,617,2220116496,rp2040_timer0,system,uptime_seconds,138,INFO,0
STS,1,618,2220120320,rp2040_timer0,capture,event_count,133,INFO,0
STS,1,619,2220124272,rp2040_timer0,capture,dropped_count,0,INFO,0
STS,1,620,2220128064,rp2040_timer0,capture,error_flags,0,INFO,0
REF,1,1133,1,R,2224478304,rp2040_timer0,16
CNT,1,139,2,2236096032,2236112064,rp2040_timer0,10020,R,h1_ocxo_open_loop,16
STS,1,621,2236116624,rp2040_timer0,system,uptime_seconds,139,INFO,0
STS,1,622,2236120336,rp2040_timer0,capture,event_count,134,INFO,0
STS,1,623,2236124320,rp2040_timer0,capture,dropped_count,0,INFO,0
STS,1,624,2236128272,rp2040_timer0,capture,error_flags,0,INFO,0
REF,1,1134,1,R,2240478256,rp2040_timer0,16
STS,1,625,2243751808,rp2040_timer0,dac,requested_code,0x8000,INFO,0
STS,1,626,2243763040,rp2040_timer0,dac,accepted_code,0x8000,INFO,0
CNT,1,140,2,2252096000,2252112064,rp2040_timer0,10040,R,h1_ocxo_open_loop,16
STS,1,627,2252116816,rp2040_timer0,system,uptime_seconds,140,INFO,0
STS,1,628,2252120832,rp2040_timer0,capture,event_count,135,INFO,0
STS,1,629,2252124864,rp2040_timer0,capture,dropped_count,0,INFO,0
STS,1,630,2252128400,rp2040_timer0,capture,error_flags,0,INFO,0
REF,1,1135,1,R,2256478208,rp2040_timer0,16
CNT,1,141,2,2268096064,2268112112,rp2040_timer0,10030,R,h1_ocxo_open_loop,16
STS,1,631,2268116736,rp2040_timer0,system,uptime_seconds,141,INFO,0
STS,1,632,2268120800,rp2040_timer0,capture,event_count,136,INFO,0
STS,1,633,2268124816,rp2040_timer0,capture,dropped_count,0,INFO,0
STS,1,634,2268128880,rp2040_timer0,capture,error_flags,0,INFO,0
REF,1,1136,1,R,2272478144,rp2040_timer0,16
CNT,1,142,2,2284096048,2284112080,rp2040_timer0,10020,R,h1_ocxo_open_loop,16
STS,1,635,2284116688,rp2040_timer0,system,uptime_seconds,142,INFO,0
STS,1,636,2284120928,rp2040_timer0,capture,event_count,137,INFO,0
STS,1,637,2284124560,rp2040_timer0,capture,dropped_count,0,INFO,0
STS,1,638,2284128416,rp2040_timer0,capture,error_flags,0,INFO,0
REF,1,1137,1,R,2288478096,rp2040_timer0,16
CNT,1,143,2,2300096032,2300112048,rp2040_timer0,10010,R,h1_ocxo_open_loop,16
STS,1,639,2300116288,rp2040_timer0,system,uptime_seconds,143,INFO,0
STS,1,640,2300120224,rp2040_timer0,capture,event_count,138,INFO,0
STS,1,641,2300124240,rp2040_timer0,capture,dropped_count,0,INFO,0
STS,1,642,2300128288,rp2040_timer0,capture,error_flags,0,INFO,0
REF,1,1138,1,R,2304478016,rp2040_timer0,16
CNT,1,144,2,2316096048,2316112080,rp2040_timer0,10020,R,h1_ocxo_open_loop,16
STS,1,643,2316116784,rp2040_timer0,system,uptime_seconds,144,INFO,0
STS,1,644,2316120896,rp2040_timer0,capture,event_count,139,INFO,0
STS,1,645,2316125104,rp2040_timer0,capture,dropped_count,0,INFO,0
STS,1,646,2316128944,rp2040_timer0,capture,error_flags,0,INFO,0
REF,1,1139,1,R,2320477952,rp2040_timer0,16
CNT,1,145,2,2332096048,2332112080,rp2040_timer0,10020,R,h1_ocxo_open_loop,16
STS,1,647,2332116560,rp2040_timer0,system,uptime_seconds,145,INFO,0
STS,1,648,2332120656,rp2040_timer0,capture,event_count,140,INFO,0
STS,1,649,2332124640,rp2040_timer0,capture,dropped_count,0,INFO,0
STS,1,650,2332128368,rp2040_timer0,capture,error_flags,0,INFO,0
REF,1,1140,1,R,2336477920,rp2040_timer0,16
CNT,1,146,2,2348096032,2348112048,rp2040_timer0,10010,R,h1_ocxo_open_loop,16
STS,1,651,2348116448,rp2040_timer0,system,uptime_seconds,146,INFO,0
STS,1,652,2348120576,rp2040_timer0,capture,event_count,141,INFO,0
STS,1,653,2348124576,rp2040_timer0,capture,dropped_count,0,INFO,0
STS,1,654,2348128432,rp2040_timer0,capture,error_flags,0,INFO,0
REF,1,1141,1,R,2352477840,rp2040_timer0,16
CNT,1,147,2,2364096064,2364112080,rp2040_timer0,10010,R,h1_ocxo_open_loop,16
STS,1,655,2364116640,rp2040_timer0,system,uptime_seconds,147,INFO,0
STS,1,656,2364120960,rp2040_timer0,capture,event_count,142,INFO,0
STS,1,657,2364124624,rp2040_timer0,capture,dropped_count,0,INFO,0
STS,1,658,2364128288,rp2040_timer0,capture,error_flags,0,INFO,0
REF,1,1142,1,R,2368477792,rp2040_timer0,16
CNT,1,148,2,2380096032,2380112064,rp2040_timer0,10020,R,h1_ocxo_open_loop,16
STS,1,659,2380116480,rp2040_timer0,system,uptime_seconds,148,INFO,0
STS,1,660,2380120720,rp2040_timer0,capture,event_count,143,INFO,0
STS,1,661,2380124928,rp2040_timer0,capture,dropped_count,0,INFO,0
STS,1,662,2380128416,rp2040_timer0,capture,error_flags,0,INFO,0
REF,1,1143,1,R,2384477728,rp2040_timer0,16
CNT,1,149,2,2396096064,2396112080,rp2040_timer0,10010,R,h1_ocxo_open_loop,16
STS,1,663,2396116656,rp2040_timer0,system,uptime_seconds,149,INFO,0
STS,1,664,2396120816,rp2040_timer0,capture,event_count,144,INFO,0
STS,1,665,2396124592,rp2040_timer0,capture,dropped_count,0,INFO,0
STS,1,666,2396128544,rp2040_timer0,capture,error_flags,0,INFO,0
REF,1,1144,1,R,2400477680,rp2040_timer0,16
CNT,1,150,2,2412096032,2412112064,rp2040_timer0,10020,R,h1_ocxo_open_loop,16
STS,1,667,2412116400,rp2040_timer0,system,uptime_seconds,150,INFO,0
STS,1,668,2412120592,rp2040_timer0,capture,event_count,145,INFO,0
STS,1,669,2412125024,rp2040_timer0,capture,dropped_count,0,INFO,0
STS,1,670,2412128752,rp2040_timer0,capture,error_flags,0,INFO,0
REF,1,1145,1,R,2416477632,rp2040_timer0,16
CNT,1,151,2,2428096064,2428112096,rp2040_timer0,10020,R,h1_ocxo_open_loop,16
STS,1,671,2428116544,rp2040_timer0,system,uptime_seconds,151,INFO,0
STS,1,672,2428120832,rp2040_timer0,capture,event_count,146,INFO,0
STS,1,673,2428125136,rp2040_timer0,capture,dropped_count,0,INFO,0
STS,1,674,2428128832,rp2040_timer0,capture,error_flags,0,INFO,0
REF,1,1146,1,R,2432477568,rp2040_timer0,16
CNT,1,152,2,2444096048,2444112080,rp2040_timer0,10020,R,h1_ocxo_open_loop,16
STS,1,675,2444116480,rp2040_timer0,system,uptime_seconds,152,INFO,0
STS,1,676,2444120688,rp2040_timer0,capture,event_count,147,INFO,0
STS,1,677,2444124864,rp2040_timer0,capture,dropped_count,0,INFO,0
STS,1,678,2444128432,rp2040_timer0,capture,error_flags,0,INFO,0
REF,1,1147,1,R,2448477520,rp2040_timer0,16
CNT,1,153,2,2460096016,2460112048,rp2040_timer0,10020,R,h1_ocxo_open_loop,16
STS,1,679,2460116528,rp2040_timer0,system,uptime_seconds,153,INFO,0
STS,1,680,2460120688,rp2040_timer0,capture,event_count,148,INFO,0
STS,1,681,2460124208,rp2040_timer0,capture,dropped_count,0,INFO,0
STS,1,682,2460127728,rp2040_timer0,capture,error_flags,0,INFO,0
REF,1,1148,1,R,2464477456,rp2040_timer0,16
CNT,1,154,2,2476096064,2476112096,rp2040_timer0,10020,R,h1_ocxo_open_loop,16
STS,1,683,2476116656,rp2040_timer0,system,uptime_seconds,154,INFO,0
STS,1,684,2476120768,rp2040_timer0,capture,event_count,149,INFO,0
STS,1,685,2476124736,rp2040_timer0,capture,dropped_count,0,INFO,0
STS,1,686,2476127936,rp2040_timer0,capture,error_flags,0,INFO,0
REF,1,1149,1,R,2480477408,rp2040_timer0,16
CNT,1,155,2,2492096016,2492112048,rp2040_timer0,10021,R,h1_ocxo_open_loop,16
STS,1,687,2492116160,rp2040_timer0,system,uptime_seconds,155,INFO,0
STS,1,688,2492120368,rp2040_timer0,capture,event_count,150,INFO,0
STS,1,689,2492124496,rp2040_timer0,capture,dropped_count,0,INFO,0
STS,1,690,2492128192,rp2040_timer0,capture,error_flags,0,INFO,0
REF,1,1150,1,R,2496477360,rp2040_timer0,16
CNT,1,156,2,2508096016,2508112048,rp2040_timer0,10020,R,h1_ocxo_open_loop,16
STS,1,691,2508116432,rp2040_timer0,system,uptime_seconds,156,INFO,0
STS,1,692,2508120736,rp2040_timer0,capture,event_count,151,INFO,0
STS,1,693,2508124928,rp2040_timer0,capture,dropped_count,0,INFO,0
STS,1,694,2508128192,rp2040_timer0,capture,error_flags,0,INFO,0
REF,1,1151,1,R,2512477296,rp2040_timer0,16
CNT,1,157,2,2524096064,2524112080,rp2040_timer0,10010,R,h1_ocxo_open_loop,16
STS,1,695,2524116064,rp2040_timer0,system,uptime_seconds,157,INFO,0
STS,1,696,2524120496,rp2040_timer0,capture,event_count,152,INFO,0
STS,1,697,2524124672,rp2040_timer0,capture,dropped_count,0,INFO,0
STS,1,698,2524128400,rp2040_timer0,capture,error_flags,0,INFO,0
REF,1,1152,1,R,2528477248,rp2040_timer0,16
CNT,1,158,2,2540096032,2540112048,rp2040_timer0,10010,R,h1_ocxo_open_loop,16
STS,1,699,2540116272,rp2040_timer0,system,uptime_seconds,158,INFO,0
STS,1,700,2540120800,rp2040_timer0,capture,event_count,153,INFO,0
STS,1,701,2540125008,rp2040_timer0,capture,dropped_count,0,INFO,0
STS,1,702,2540128528,rp2040_timer0,capture,error_flags,0,INFO,0
REF,1,1153,1,R,2544477184,rp2040_timer0,16
CNT,1,159,2,2556096000,2556112032,rp2040_timer0,10020,R,h1_ocxo_open_loop,16
STS,1,703,2556116032,rp2040_timer0,system,uptime_seconds,159,INFO,0
STS,1,704,2556120400,rp2040_timer0,capture,event_count,154,INFO,0
STS,1,705,2556124432,rp2040_timer0,capture,dropped_count,0,INFO,0
STS,1,706,2556127680,rp2040_timer0,capture,error_flags,0,INFO,0
REF,1,1154,1,R,2560477136,rp2040_timer0,16
CNT,1,160,2,2572096048,2572112064,rp2040_timer0,10010,R,h1_ocxo_open_loop,16
STS,1,707,2572116352,rp2040_timer0,system,uptime_seconds,160,INFO,0
STS,1,708,2572120784,rp2040_timer0,capture,event_count,155,INFO,0
STS,1,709,2572124656,rp2040_timer0,capture,dropped_count,0,INFO,0
STS,1,710,2572128208,rp2040_timer0,capture,error_flags,0,INFO,0
REF,1,1155,1,R,2576477056,rp2040_timer0,16
CNT,1,161,2,2588096000,2588112032,rp2040_timer0,10020,R,h1_ocxo_open_loop,16
STS,1,711,2588116160,rp2040_timer0,system,uptime_seconds,161,INFO,0
STS,1,712,2588120624,rp2040_timer0,capture,event_count,156,INFO,0
STS,1,713,2588124464,rp2040_timer0,capture,dropped_count,0,INFO,0
STS,1,714,2588127808,rp2040_timer0,capture,error_flags,0,INFO,0
REF,1,1156,1,R,2592477008,rp2040_timer0,16
CNT,1,162,2,2604096048,2604112080,rp2040_timer0,10020,R,h1_ocxo_open_loop,16
STS,1,715,2604116256,rp2040_timer0,system,uptime_seconds,162,INFO,0
STS,1,716,2604121264,rp2040_timer0,capture,event_count,157,INFO,0
STS,1,717,2604125408,rp2040_timer0,capture,dropped_count,0,INFO,0
STS,1,718,2604128800,rp2040_timer0,capture,error_flags,0,INFO,0
REF,1,1157,1,R,2608476944,rp2040_timer0,16
CNT,1,163,2,2620096064,2620112080,rp2040_timer0,10010,R,h1_ocxo_open_loop,16
STS,1,719,2620116208,rp2040_timer0,system,uptime_seconds,163,INFO,0
STS,1,720,2620120608,rp2040_timer0,capture,event_count,158,INFO,0
STS,1,721,2620124960,rp2040_timer0,capture,dropped_count,0,INFO,0
STS,1,722,2620128320,rp2040_timer0,capture,error_flags,0,INFO,0
REF,1,1158,1,R,2624476896,rp2040_timer0,16
CNT,1,164,2,2636096032,2636112064,rp2040_timer0,10020,R,h1_ocxo_open_loop,16
STS,1,723,2636116176,rp2040_timer0,system,uptime_seconds,164,INFO,0
STS,1,724,2636121056,rp2040_timer0,capture,event_count,159,INFO,0
STS,1,725,2636125104,rp2040_timer0,capture,dropped_count,0,INFO,0
STS,1,726,2636128512,rp2040_timer0,capture,error_flags,0,INFO,0
REF,1,1159,1,R,2640476832,rp2040_timer0,16
CNT,1,165,2,2652096032,2652112048,rp2040_timer0,10011,R,h1_ocxo_open_loop,16
STS,1,727,2652116160,rp2040_timer0,system,uptime_seconds,165,INFO,0
STS,1,728,2652120512,rp2040_timer0,capture,event_count,160,INFO,0
STS,1,729,2652124480,rp2040_timer0,capture,dropped_count,0,INFO,0
STS,1,730,2652128064,rp2040_timer0,capture,error_flags,0,INFO,0
REF,1,1160,1,R,2656476768,rp2040_timer0,16
CNT,1,166,2,2668096064,2668112080,rp2040_timer0,10010,R,h1_ocxo_open_loop,16
STS,1,731,2668116032,rp2040_timer0,system,uptime_seconds,166,INFO,0
STS,1,732,2668120496,rp2040_timer0,capture,event_count,161,INFO,0
STS,1,733,2668124368,rp2040_timer0,capture,dropped_count,0,INFO,0
STS,1,734,2668127888,rp2040_timer0,capture,error_flags,0,INFO,0
REF,1,1161,1,R,2672476720,rp2040_timer0,16
CNT,1,167,2,2684096032,2684112064,rp2040_timer0,10020,R,h1_ocxo_open_loop,16
STS,1,735,2684116064,rp2040_timer0,system,uptime_seconds,167,INFO,0
STS,1,736,2684120544,rp2040_timer0,capture,event_count,162,INFO,0
STS,1,737,2684124544,rp2040_timer0,capture,dropped_count,0,INFO,0
STS,1,738,2684128048,rp2040_timer0,capture,error_flags,0,INFO,0
STS,1,739,2684597024,rp2040_timer0,dac,requested_code,0x7000,INFO,0
STS,1,740,2684608000,rp2040_timer0,dac,accepted_code,0x7000,INFO,0
REF,1,1162,1,R,2688476672,rp2040_timer0,16
CNT,1,168,2,2700096016,2700112064,rp2040_timer0,10030,R,h1_ocxo_open_loop,16
STS,1,741,2700116336,rp2040_timer0,system,uptime_seconds,168,INFO,0
STS,1,742,2700120848,rp2040_timer0,capture,event_count,163,INFO,0
STS,1,743,2700125008,rp2040_timer0,capture,dropped_count,0,INFO,0
STS,1,744,2700128336,rp2040_timer0,capture,error_flags,0,INFO,0
REF,1,1163,1,R,2704476608,rp2040_timer0,16
CNT,1,169,2,2716096016,2716112048,rp2040_timer0,10020,R,h1_ocxo_open_loop,16
STS,1,745,2716116000,rp2040_timer0,system,uptime_seconds,169,INFO,0
STS,1,746,2716120512,rp2040_timer0,capture,event_count,164,INFO,0
STS,1,747,2716124400,rp2040_timer0,capture,dropped_count,0,INFO,0
STS,1,748,2716127792,rp2040_timer0,capture,error_flags,0,INFO,0
REF,1,1164,1,R,2720476544,rp2040_timer0,16
CNT,1,170,2,2732096048,2732112080,rp2040_timer0,10020,R,h1_ocxo_open_loop,16
STS,1,749,2732116208,rp2040_timer0,system,uptime_seconds,170,INFO,0
STS,1,750,2732120976,rp2040_timer0,capture,event_count,165,INFO,0
STS,1,751,2732125120,rp2040_timer0,capture,dropped_count,0,INFO,0
STS,1,752,2732128304,rp2040_timer0,capture,error_flags,0,INFO,0
REF,1,1165,1,R,2736476480,rp2040_timer0,16
CNT,1,171,2,2748096032,2748112048,rp2040_timer0,10010,R,h1_ocxo_open_loop,16
STS,1,753,2748116160,rp2040_timer0,system,uptime_seconds,171,INFO,0
STS,1,754,2748120512,rp2040_timer0,capture,event_count,166,INFO,0
STS,1,755,2748124272,rp2040_timer0,capture,dropped_count,0,INFO,0
STS,1,756,2748127552,rp2040_timer0,capture,error_flags,0,INFO,0
REF,1,1166,1,R,2752476416,rp2040_timer0,16
CNT,1,172,2,2764096016,2764112032,rp2040_timer0,10010,R,h1_ocxo_open_loop,16
STS,1,757,2764116352,rp2040_timer0,system,uptime_seconds,172,INFO,0
STS,1,758,2764120640,rp2040_timer0,capture,event_count,167,INFO,0
STS,1,759,2764124832,rp2040_timer0,capture,dropped_count,0,INFO,0
STS,1,760,2764128160,rp2040_timer0,capture,error_flags,0,INFO,0
REF,1,1167,1,R,2768476352,rp2040_timer0,16
CNT,1,173,2,2780096000,2780112032,rp2040_timer0,10020,R,h1_ocxo_open_loop,16
STS,1,761,2780116288,rp2040_timer0,system,uptime_seconds,173,INFO,0
STS,1,762,2780120592,rp2040_timer0,capture,event_count,168,INFO,0
STS,1,763,2780124144,rp2040_timer0,capture,dropped_count,0,INFO,0
STS,1,764,2780127280,rp2040_timer0,capture,error_flags,0,INFO,0
REF,1,1168,1,R,2784476304,rp2040_timer0,16
CNT,1,174,2,2796096048,2796112064,rp2040_timer0,10010,R,h1_ocxo_open_loop,16
STS,1,765,2796115936,rp2040_timer0,system,uptime_seconds,174,INFO,0
STS,1,766,2796119936,rp2040_timer0,capture,event_count,169,INFO,0
STS,1,767,2796124624,rp2040_timer0,capture,dropped_count,0,INFO,0
STS,1,768,2796128000,rp2040_timer0,capture,error_flags,0,INFO,0
REF,1,1169,1,R,2800476240,rp2040_timer0,16
CNT,1,175,2,2812096048,2812112064,rp2040_timer0,10010,R,h1_ocxo_open_loop,16
STS,1,769,2812116000,rp2040_timer0,system,uptime_seconds,175,INFO,0
STS,1,770,2812120144,rp2040_timer0,capture,event_count,170,INFO,0
STS,1,771,2812124128,rp2040_timer0,capture,dropped_count,0,INFO,0
STS,1,772,2812127536,rp2040_timer0,capture,error_flags,0,INFO,0
REF,1,1170,1,R,2816476192,rp2040_timer0,16
CNT,1,176,2,2828096000,2828112032,rp2040_timer0,10020,R,h1_ocxo_open_loop,16
STS,1,773,2828116144,rp2040_timer0,system,uptime_seconds,176,INFO,0
STS,1,774,2828120736,rp2040_timer0,capture,event_count,171,INFO,0
STS,1,775,2828124768,rp2040_timer0,capture,dropped_count,0,INFO,0
STS,1,776,2828127984,rp2040_timer0,capture,error_flags,0,INFO,0
REF,1,1171,1,R,2832476128,rp2040_timer0,16
CNT,1,177,2,2844096048,2844112080,rp2040_timer0,10020,R,h1_ocxo_open_loop,16
STS,1,777,2844116224,rp2040_timer0,system,uptime_seconds,177,INFO,0
STS,1,778,2844120400,rp2040_timer0,capture,event_count,172,INFO,0
STS,1,779,2844124336,rp2040_timer0,capture,dropped_count,0,INFO,0
STS,1,780,2844127536,rp2040_timer0,capture,error_flags,0,INFO,0
REF,1,1172,1,R,2848476080,rp2040_timer0,16
CNT,1,178,2,2860096048,2860112064,rp2040_timer0,10010,R,h1_ocxo_open_loop,16
STS,1,781,2860116096,rp2040_timer0,system,uptime_seconds,178,INFO,0
STS,1,782,2860120160,rp2040_timer0,capture,event_count,173,INFO,0
STS,1,783,2860124304,rp2040_timer0,capture,dropped_count,0,INFO,0
STS,1,784,2860127456,rp2040_timer0,capture,error_flags,0,INFO,0
REF,1,1173,1,R,2864476016,rp2040_timer0,16
CNT,1,179,2,2876096064,2876112096,rp2040_timer0,10020,R,h1_ocxo_open_loop,16
STS,1,785,2876116304,rp2040_timer0,system,uptime_seconds,179,INFO,0
STS,1,786,2876120480,rp2040_timer0,capture,event_count,174,INFO,0
STS,1,787,2876124848,rp2040_timer0,capture,dropped_count,0,INFO,0
STS,1,788,2876127936,rp2040_timer0,capture,error_flags,0,INFO,0
REF,1,1174,1,R,2880475952,rp2040_timer0,16
CNT,1,180,2,2892096016,2892112048,rp2040_timer0,10020,R,h1_ocxo_open_loop,16
STS,1,789,2892116464,rp2040_timer0,system,uptime_seconds,180,INFO,0
STS,1,790,2892120448,rp2040_timer0,capture,event_count,175,INFO,0
STS,1,791,2892124768,rp2040_timer0,capture,dropped_count,0,INFO,0
STS,1,792,2892127840,rp2040_timer0,capture,error_flags,0,INFO,0
REF,1,1175,1,R,2896475904,rp2040_timer0,16
CNT,1,181,2,2908096064,2908112096,rp2040_timer0,10020,R,h1_ocxo_open_loop,16
STS,1,793,2908116304,rp2040_timer0,system,uptime_seconds,181,INFO,0
STS,1,794,2908120288,rp2040_timer0,capture,event_count,176,INFO,0
STS,1,795,2908124288,rp2040_timer0,capture,dropped_count,0,INFO,0
STS,1,796,2908127536,rp2040_timer0,capture,error_flags,0,INFO,0
REF,1,1176,1,R,2912475840,rp2040_timer0,16
CNT,1,182,2,2924096048,2924112064,rp2040_timer0,10010,R,h1_ocxo_open_loop,16
STS,1,797,2924116480,rp2040_timer0,system,uptime_seconds,182,INFO,0
STS,1,798,2924120704,rp2040_timer0,capture,event_count,177,INFO,0
STS,1,799,2924124480,rp2040_timer0,capture,dropped_count,0,INFO,0
STS,1,800,2924127488,rp2040_timer0,capture,error_flags,0,INFO,0
REF,1,1177,1,R,2928475776,rp2040_timer0,16
CNT,1,183,2,2940096048,2940112080,rp2040_timer0,10020,R,h1_ocxo_open_loop,16
STS,1,801,2940116400,rp2040_timer0,system,uptime_seconds,183,INFO,0
STS,1,802,2940120544,rp2040_timer0,capture,event_count,178,INFO,0
STS,1,803,2940124288,rp2040_timer0,capture,dropped_count,0,INFO,0
STS,1,804,2940127488,rp2040_timer0,capture,error_flags,0,INFO,0
REF,1,1178,1,R,2944475728,rp2040_timer0,16
CNT,1,184,2,2956096016,2956112032,rp2040_timer0,10010,R,h1_ocxo_open_loop,16
STS,1,805,2956116896,rp2040_timer0,system,uptime_seconds,184,INFO,0
STS,1,806,2956120736,rp2040_timer0,capture,event_count,179,INFO,0
STS,1,807,2956124192,rp2040_timer0,capture,dropped_count,0,INFO,0
STS,1,808,2956127280,rp2040_timer0,capture,error_flags,0,INFO,0
REF,1,1179,1,R,2960475664,rp2040_timer0,16
CNT,1,185,2,2972096064,2972112080,rp2040_timer0,10010,R,h1_ocxo_open_loop,16
STS,1,809,2972116976,rp2040_timer0,system,uptime_seconds,185,INFO,0
STS,1,810,2972121040,rp2040_timer0,capture,event_count,180,INFO,0
STS,1,811,2972125328,rp2040_timer0,capture,dropped_count,0,INFO,0
STS,1,812,2972127920,rp2040_timer0,capture,error_flags,0,INFO,0
REF,1,1180,1,R,2976475616,rp2040_timer0,16
CNT,1,186,2,2988096032,2988112064,rp2040_timer0,10020,R,h1_ocxo_open_loop,16
STS,1,813,2988116592,rp2040_timer0,system,uptime_seconds,186,INFO,0
STS,1,814,2988120640,rp2040_timer0,capture,event_count,181,INFO,0
STS,1,815,2988125072,rp2040_timer0,capture,dropped_count,0,INFO,0
STS,1,816,2988127872,rp2040_timer0,capture,error_flags,0,INFO,0
STS,1,817,2990525328,rp2040_timer0,dac,requested_code,0x8000,INFO,0
STS,1,818,2990535520,rp2040_timer0,dac,accepted_code,0x8000,INFO,0
REF,1,1181,1,R,2992475568,rp2040_timer0,16
CNT,1,187,2,3004096032,3004112096,rp2040_timer0,10040,R,h1_ocxo_open_loop,16
STS,1,819,3004117088,rp2040_timer0,system,uptime_seconds,187,INFO,0
STS,1,820,3004121376,rp2040_timer0,capture,event_count,182,INFO,0
STS,1,821,3004125904,rp2040_timer0,capture,dropped_count,0,INFO,0
STS,1,822,3004128448,rp2040_timer0,capture,error_flags,0,INFO,0
REF,1,1182,1,R,3008475504,rp2040_timer0,16
CNT,1,188,2,3020096064,3020112096,rp2040_timer0,10020,R,h1_ocxo_open_loop,16
STS,1,823,3020117072,rp2040_timer0,system,uptime_seconds,188,INFO,0
STS,1,824,3020121024,rp2040_timer0,capture,event_count,183,INFO,0
STS,1,825,3020125312,rp2040_timer0,capture,dropped_count,0,INFO,0
STS,1,826,3020127920,rp2040_timer0,capture,error_flags,0,INFO,0
REF,1,1183,1,R,3024475456,rp2040_timer0,16
CNT,1,189,2,3036096064,3036112080,rp2040_timer0,10010,R,h1_ocxo_open_loop,16
STS,1,827,3036117120,rp2040_timer0,system,uptime_seconds,189,INFO,0
STS,1,828,3036121136,rp2040_timer0,capture,event_count,184,INFO,0
STS,1,829,3036125584,rp2040_timer0,capture,dropped_count,0,INFO,0
STS,1,830,3036128144,rp2040_timer0,capture,error_flags,0,INFO,0
REF,1,1184,1,R,3040475392,rp2040_timer0,16
CNT,1,190,2,3052096064,3052112080,rp2040_timer0,10010,R,h1_ocxo_open_loop,16
STS,1,831,3052117248,rp2040_timer0,system,uptime_seconds,190,INFO,0
STS,1,832,3052121440,rp2040_timer0,capture,event_count,185,INFO,0
STS,1,833,3052125744,rp2040_timer0,capture,dropped_count,0,INFO,0
STS,1,834,3052128240,rp2040_timer0,capture,error_flags,0,INFO,0
REF,1,1185,1,R,3056475328,rp2040_timer0,16
CNT,1,191,2,3068096032,3068112048,rp2040_timer0,10010,R,h1_ocxo_open_loop,16
STS,1,835,3068116880,rp2040_timer0,system,uptime_seconds,191,INFO,0
STS,1,836,3068121024,rp2040_timer0,capture,event_count,186,INFO,0
STS,1,837,3068125520,rp2040_timer0,capture,dropped_count,0,INFO,0
STS,1,838,3068128016,rp2040_timer0,capture,error_flags,0,INFO,0
REF,1,1186,1,R,3072475280,rp2040_timer0,16
CNT,1,192,2,3084096064,3084112096,rp2040_timer0,10020,R,h1_ocxo_open_loop,16
STS,1,839,3084117248,rp2040_timer0,system,uptime_seconds,192,INFO,0
STS,1,840,3084120960,rp2040_timer0,capture,event_count,187,INFO,0
STS,1,841,3084124752,rp2040_timer0,capture,dropped_count,0,INFO,0
STS,1,842,3084127568,rp2040_timer0,capture,error_flags,0,INFO,0
REF,1,1187,1,R,3088475216,rp2040_timer0,16
CNT,1,193,2,3100096000,3100112032,rp2040_timer0,10020,R,h1_ocxo_open_loop,16
STS,1,843,3100117040,rp2040_timer0,system,uptime_seconds,193,INFO,0
STS,1,844,3100120960,rp2040_timer0,capture,event_count,188,INFO,0
STS,1,845,3100125296,rp2040_timer0,capture,dropped_count,0,INFO,0
STS,1,846,3100127872,rp2040_timer0,capture,error_flags,0,INFO,0
REF,1,1188,1,R,3104475168,rp2040_timer0,16
CNT,1,194,2,3116096048,3116112064,rp2040_timer0,10010,R,h1_ocxo_open_loop,16
STS,1,847,3116117056,rp2040_timer0,system,uptime_seconds,194,INFO,0
STS,1,848,3116121168,rp2040_timer0,capture,event_count,189,INFO,0
STS,1,849,3116125248,rp2040_timer0,capture,dropped_count,0,INFO,0
STS,1,850,3116127840,rp2040_timer0,capture,error_flags,0,INFO,0
REF,1,1189,1,R,3120475104,rp2040_timer0,16
CNT,1,195,2,3132096016,3132112048,rp2040_timer0,10020,R,h1_ocxo_open_loop,16
STS,1,851,3132117216,rp2040_timer0,system,uptime_seconds,195,INFO,0
STS,1,852,3132121552,rp2040_timer0,capture,event_count,190,INFO,0
STS,1,853,3132125728,rp2040_timer0,capture,dropped_count,0,INFO,0
STS,1,854,3132128320,rp2040_timer0,capture,error_flags,0,INFO,0
REF,1,1190,1,R,3136475056,rp2040_timer0,16
CNT,1,196,2,3148096064,3148112080,rp2040_timer0,10010,R,h1_ocxo_open_loop,16
STS,1,855,3148117280,rp2040_timer0,system,uptime_seconds,196,INFO,0
STS,1,856,3148121040,rp2040_timer0,capture,event_count,191,INFO,0
STS,1,857,3148124672,rp2040_timer0,capture,dropped_count,0,INFO,0
STS,1,858,3148127504,rp2040_timer0,capture,error_flags,0,INFO,0
REF,1,1191,1,R,3152474992,rp2040_timer0,16
CNT,1,197,2,3164096032,3164112048,rp2040_timer0,10010,R,h1_ocxo_open_loop,16
STS,1,859,3164117040,rp2040_timer0,system,uptime_seconds,197,INFO,0
STS,1,860,3164121008,rp2040_timer0,capture,event_count,192,INFO,0
STS,1,861,3164125392,rp2040_timer0,capture,dropped_count,0,INFO,0
STS,1,862,3164128032,rp2040_timer0,capture,error_flags,0,INFO,0
REF,1,1192,1,R,3168474928,rp2040_timer0,16
CNT,1,198,2,3180096048,3180112064,rp2040_timer0,10010,R,h1_ocxo_open_loop,16
STS,1,863,3180116976,rp2040_timer0,system,uptime_seconds,198,INFO,0
STS,1,864,3180121072,rp2040_timer0,capture,event_count,193,INFO,0
STS,1,865,3180125168,rp2040_timer0,capture,dropped_count,0,INFO,0
STS,1,866,3180128080,rp2040_timer0,capture,error_flags,0,INFO,0
REF,1,1193,1,R,3184474880,rp2040_timer0,16
CNT,1,199,2,3196096064,3196112080,rp2040_timer0,10010,R,h1_ocxo_open_loop,16
STS,1,867,3196117264,rp2040_timer0,system,uptime_seconds,199,INFO,0
STS,1,868,3196121008,rp2040_timer0,capture,event_count,194,INFO,0
STS,1,869,3196124800,rp2040_timer0,capture,dropped_count,0,INFO,0
STS,1,870,3196127696,rp2040_timer0,capture,error_flags,0,INFO,0
REF,1,1194,1,R,3200474832,rp2040_timer0,16
CNT,1,200,2,3212096000,3212112032,rp2040_timer0,10020,R,h1_ocxo_open_loop,16
STS,1,871,3212117040,rp2040_timer0,system,uptime_seconds,200,INFO,0
STS,1,872,3212121232,rp2040_timer0,capture,event_count,195,INFO,0
STS,1,873,3212125200,rp2040_timer0,capture,dropped_count,0,INFO,0
STS,1,874,3212128160,rp2040_timer0,capture,error_flags,0,INFO,0
REF,1,1195,1,R,3216474768,rp2040_timer0,16
CNT,1,201,2,3228096048,3228112080,rp2040_timer0,10020,R,h1_ocxo_open_loop,16
STS,1,875,3228116976,rp2040_timer0,system,uptime_seconds,201,INFO,0
STS,1,876,3228120992,rp2040_timer0,capture,event_count,196,INFO,0
STS,1,877,3228125216,rp2040_timer0,capture,dropped_count,0,INFO,0
STS,1,878,3228128064,rp2040_timer0,capture,error_flags,0,INFO,0
REF,1,1196,1,R,3232474720,rp2040_timer0,16
CNT,1,202,2,3244096032,3244112048,rp2040_timer0,10010,R,h1_ocxo_open_loop,16
STS,1,879,3244116880,rp2040_timer0,system,uptime_seconds,202,INFO,0
STS,1,880,3244120976,rp2040_timer0,capture,event_count,197,INFO,0
STS,1,881,3244124912,rp2040_timer0,capture,dropped_count,0,INFO,0
STS,1,882,3244127936,rp2040_timer0,capture,error_flags,0,INFO,0
REF,1,1197,1,R,3248474656,rp2040_timer0,16
CNT,1,203,2,3260096064,3260112080,rp2040_timer0,10010,R,h1_ocxo_open_loop,16
STS,1,883,3260116960,rp2040_timer0,system,uptime_seconds,203,INFO,0
STS,1,884,3260121040,rp2040_timer0,capture,event_count,198,INFO,0
STS,1,885,3260125152,rp2040_timer0,capture,dropped_count,0,INFO,0
STS,1,886,3260128032,rp2040_timer0,capture,error_flags,0,INFO,0
REF,1,1198,1,R,3264474608,rp2040_timer0,16
STS,1,887,3269278432,rp2040_timer0,dac,requested_code,0x7000,INFO,0
STS,1,888,3269288640,rp2040_timer0,dac,accepted_code,0x7000,INFO,0
CNT,1,204,2,3276096000,3276112048,rp2040_timer0,10030,R,h1_ocxo_open_loop,16
STS,1,889,3276117120,rp2040_timer0,system,uptime_seconds,204,INFO,0
STS,1,890,3276121168,rp2040_timer0,capture,event_count,199,INFO,0
STS,1,891,3276124624,rp2040_timer0,capture,dropped_count,0,INFO,0
STS,1,892,3276127600,rp2040_timer0,capture,error_flags,0,INFO,0
REF,1,1199,1,R,3280474560,rp2040_timer0,16
CNT,1,205,2,3292096064,3292112096,rp2040_timer0,10020,R,h1_ocxo_open_loop,16
STS,1,893,3292117216,rp2040_timer0,system,uptime_seconds,205,INFO,0
STS,1,894,3292121424,rp2040_timer0,capture,event_count,200,INFO,0
STS,1,895,3292125408,rp2040_timer0,capture,dropped_count,0,INFO,0
STS,1,896,3292128448,rp2040_timer0,capture,error_flags,0,INFO,0
REF,1,1200,1,R,3296474496,rp2040_timer0,16
CNT,1,206,2,3308096048,3308112064,rp2040_timer0,10010,R,h1_ocxo_open_loop,16
STS,1,897,3308117104,rp2040_timer0,system,uptime_seconds,206,INFO,0
STS,1,898,3308121216,rp2040_timer0,capture,event_count,201,INFO,0
STS,1,899,3308125312,rp2040_timer0,capture,dropped_count,0,INFO,0
STS,1,900,3308128288,rp2040_timer0,capture,error_flags,0,INFO,0
REF,1,1201,1,R,3312474432,rp2040_timer0,16
CNT,1,207,2,3324096000,3324112032,rp2040_timer0,10020,R,h1_ocxo_open_loop,16
STS,1,901,3324116832,rp2040_timer0,system,uptime_seconds,207,INFO,0
STS,1,902,3324120832,rp2040_timer0,capture,event_count,202,INFO,0
STS,1,903,3324124480,rp2040_timer0,capture,dropped_count,0,INFO,0
STS,1,904,3324127424,rp2040_timer0,capture,error_flags,0,INFO,0
REF,1,1202,1,R,3328474368,rp2040_timer0,16
CNT,1,208,2,3340096016,3340112048,rp2040_timer0,10020,R,h1_ocxo_open_loop,16
STS,1,905,3340116912,rp2040_timer0,system,uptime_seconds,208,INFO,0
STS,1,906,3340121056,rp2040_timer0,capture,event_count,203,INFO,0
STS,1,907,3340124960,rp2040_timer0,capture,dropped_count,0,INFO,0
STS,1,908,3340128256,rp2040_timer0,capture,error_flags,0,INFO,0
REF,1,1203,1,R,3344474304,rp2040_timer0,16
CNT,1,209,2,3356096016,3356112032,rp2040_timer0,10010,R,h1_ocxo_open_loop,16
STS,1,909,3356117200,rp2040_timer0,system,uptime_seconds,209,INFO,0
STS,1,910,3356121056,rp2040_timer0,capture,event_count,204,INFO,0
STS,1,911,3356124576,rp2040_timer0,capture,dropped_count,0,INFO,0
STS,1,912,3356127408,rp2040_timer0,capture,error_flags,0,INFO,0
REF,1,1204,1,R,3360474240,rp2040_timer0,16
CNT,1,210,2,3372096016,3372112032,rp2040_timer0,10010,R,h1_ocxo_open_loop,16
STS,1,913,3372116912,rp2040_timer0,system,uptime_seconds,210,INFO,0
STS,1,914,3372121072,rp2040_timer0,capture,event_count,205,INFO,0
STS,1,915,3372125200,rp2040_timer0,capture,dropped_count,0,INFO,0
STS,1,916,3372128336,rp2040_timer0,capture,error_flags,0,INFO,0
REF,1,1205,1,R,3376474192,rp2040_timer0,16
CNT,1,211,2,3388096000,3388112032,rp2040_timer0,10020,R,h1_ocxo_open_loop,16
STS,1,917,3388116960,rp2040_timer0,system,uptime_seconds,211,INFO,0
STS,1,918,3388120736,rp2040_timer0,capture,event_count,206,INFO,0
STS,1,919,3388124336,rp2040_timer0,capture,dropped_count,0,INFO,0
STS,1,920,3388127296,rp2040_timer0,capture,error_flags,0,INFO,0
REF,1,1206,1,R,3392474128,rp2040_timer0,16
CNT,1,212,2,3404096128,3404112160,rp2040_timer0,10020,R,h1_ocxo_open_loop,16
STS,1,921,3404117488,rp2040_timer0,system,uptime_seconds,212,INFO,0
STS,1,922,3404121072,rp2040_timer0,capture,event_count,207,INFO,0
STS,1,923,3404124832,rp2040_timer0,capture,dropped_count,0,INFO,0
STS,1,924,3404127888,rp2040_timer0,capture,error_flags,0,INFO,0
REF,1,1207,1,R,3408474064,rp2040_timer0,16
CNT,1,213,2,3420096016,3420112032,rp2040_timer0,10010,R,h1_ocxo_open_loop,16
STS,1,925,3420116816,rp2040_timer0,system,uptime_seconds,213,INFO,0
STS,1,926,3420120960,rp2040_timer0,capture,event_count,208,INFO,0
STS,1,927,3420124464,rp2040_timer0,capture,dropped_count,0,INFO,0
STS,1,928,3420127600,rp2040_timer0,capture,error_flags,0,INFO,0
REF,1,1208,1,R,3424474000,rp2040_timer0,16
CNT,1,214,2,3436096016,3436112032,rp2040_timer0,10010,R,h1_ocxo_open_loop,16
STS,1,929,3436117072,rp2040_timer0,system,uptime_seconds,214,INFO,0
STS,1,930,3436121168,rp2040_timer0,capture,event_count,209,INFO,0
STS,1,931,3436125040,rp2040_timer0,capture,dropped_count,0,INFO,0
STS,1,932,3436127904,rp2040_timer0,capture,error_flags,0,INFO,0
REF,1,1209,1,R,3440473936,rp2040_timer0,16
CNT,1,215,2,3452096048,3452112064,rp2040_timer0,10010,R,h1_ocxo_open_loop,16
STS,1,933,3452117616,rp2040_timer0,system,uptime_seconds,215,INFO,0
STS,1,934,3452121040,rp2040_timer0,capture,event_count,210,INFO,0
STS,1,935,3452124672,rp2040_timer0,capture,dropped_count,0,INFO,0
STS,1,936,3452127728,rp2040_timer0,capture,error_flags,0,INFO,0
REF,1,1210,1,R,3456473888,rp2040_timer0,16
CNT,1,216,2,3468096016,3468112032,rp2040_timer0,10010,R,h1_ocxo_open_loop,16
STS,1,937,3468117232,rp2040_timer0,system,uptime_seconds,216,INFO,0
STS,1,938,3468121280,rp2040_timer0,capture,event_count,211,INFO,0
STS,1,939,3468124800,rp2040_timer0,capture,dropped_count,0,INFO,0
STS,1,940,3468127872,rp2040_timer0,capture,error_flags,0,INFO,0
REF,1,1211,1,R,3472473824,rp2040_timer0,16
CNT,1,217,2,3484096048,3484112080,rp2040_timer0,10020,R,h1_ocxo_open_loop,16
STS,1,941,3484117216,rp2040_timer0,system,uptime_seconds,217,INFO,0
STS,1,942,3484121440,rp2040_timer0,capture,event_count,212,INFO,0
STS,1,943,3484125392,rp2040_timer0,capture,dropped_count,0,INFO,0
STS,1,944,3484128336,rp2040_timer0,capture,error_flags,0,INFO,0
REF,1,1212,1,R,3488473760,rp2040_timer0,16
CNT,1,218,2,3500096016,3500112032,rp2040_timer0,10010,R,h1_ocxo_open_loop,16
STS,1,945,3500117152,rp2040_timer0,system,uptime_seconds,218,INFO,0
STS,1,946,3500121280,rp2040_timer0,capture,event_count,213,INFO,0
STS,1,947,3500124912,rp2040_timer0,capture,dropped_count,0,INFO,0
STS,1,948,3500127824,rp2040_timer0,capture,error_flags,0,INFO,0
REF,1,1213,1,R,3504473696,rp2040_timer0,16
CNT,1,219,2,3516096048,3516112064,rp2040_timer0,10010,R,h1_ocxo_open_loop,16
STS,1,949,3516117456,rp2040_timer0,system,uptime_seconds,219,INFO,0
STS,1,950,3516121584,rp2040_timer0,capture,event_count,214,INFO,0
STS,1,951,3516125648,rp2040_timer0,capture,dropped_count,0,INFO,0
STS,1,952,3516128944,rp2040_timer0,capture,error_flags,0,INFO,0
REF,1,1214,1,R,3520473632,rp2040_timer0,16
CNT,1,220,2,3532096016,3532112048,rp2040_timer0,10020,R,h1_ocxo_open_loop,16
STS,1,953,3532117104,rp2040_timer0,system,uptime_seconds,220,INFO,0
STS,1,954,3532121088,rp2040_timer0,capture,event_count,215,INFO,0
STS,1,955,3532124976,rp2040_timer0,capture,dropped_count,0,INFO,0
STS,1,956,3532128048,rp2040_timer0,capture,error_flags,0,INFO,0
REF,1,1215,1,R,3536473568,rp2040_timer0,16
CNT,1,221,2,3548096048,3548112064,rp2040_timer0,10010,R,h1_ocxo_open_loop,16
STS,1,957,3548117040,rp2040_timer0,system,uptime_seconds,221,INFO,0
STS,1,958,3548121248,rp2040_timer0,capture,event_count,216,INFO,0
STS,1,959,3548125248,rp2040_timer0,capture,dropped_count,0,INFO,0
STS,1,960,3548128512,rp2040_timer0,capture,error_flags,0,INFO,0
REF,1,1216,1,R,3552473504,rp2040_timer0,16
CNT,1,222,2,3564096032,3564112064,rp2040_timer0,10020,R,h1_ocxo_open_loop,16
STS,1,961,3564117360,rp2040_timer0,system,uptime_seconds,222,INFO,0
STS,1,962,3564121184,rp2040_timer0,capture,event_count,217,INFO,0
STS,1,963,3564124576,rp2040_timer0,capture,dropped_count,0,INFO,0
STS,1,964,3564127888,rp2040_timer0,capture,error_flags,0,INFO,0
STS,1,965,3565740656,rp2040_timer0,dac,requested_code,0x9000,INFO,0
STS,1,966,3565750784,rp2040_timer0,dac,accepted_code,0x9000,INFO,0
REF,1,1217,1,R,3568473472,rp2040_timer0,16
CNT,1,223,2,3580096032,3580112096,rp2040_timer0,10040,R,h1_ocxo_open_loop,16
STS,1,967,3580117376,rp2040_timer0,system,uptime_seconds,223,INFO,0
STS,1,968,3580121328,rp2040_timer0,capture,event_count,218,INFO,0
STS,1,969,3580125040,rp2040_timer0,capture,dropped_count,0,INFO,0
STS,1,970,3580128336,rp2040_timer0,capture,error_flags,0,INFO,0
REF,1,1218,1,R,3584473376,rp2040_timer0,16
CNT,1,224,2,3596096032,3596112064,rp2040_timer0,10020,R,h1_ocxo_open_loop,16
STS,1,971,3596117120,rp2040_timer0,system,uptime_seconds,224,INFO,0
STS,1,972,3596121120,rp2040_timer0,capture,event_count,219,INFO,0
STS,1,973,3596125088,rp2040_timer0,capture,dropped_count,0,INFO,0
STS,1,974,3596128224,rp2040_timer0,capture,error_flags,0,INFO,0
REF,1,1219,1,R,3600473328,rp2040_timer0,16
CNT,1,225,2,3612096016,3612112032,rp2040_timer0,10010,R,h1_ocxo_open_loop,16
STS,1,975,3612117152,rp2040_timer0,system,uptime_seconds,225,INFO,0
STS,1,976,3612121328,rp2040_timer0,capture,event_count,220,INFO,0
STS,1,977,3612124832,rp2040_timer0,capture,dropped_count,0,INFO,0
STS,1,978,3612127792,rp2040_timer0,capture,error_flags,0,INFO,0
REF,1,1220,1,R,3616473264,rp2040_timer0,16
CNT,1,226,2,3628096048,3628112080,rp2040_timer0,10020,R,h1_ocxo_open_loop,16
STS,1,979,3628117216,rp2040_timer0,system,uptime_seconds,226,INFO,0
STS,1,980,3628121536,rp2040_timer0,capture,event_count,221,INFO,0
STS,1,981,3628125312,rp2040_timer0,capture,dropped_count,0,INFO,0
STS,1,982,3628128688,rp2040_timer0,capture,error_flags,0,INFO,0
REF,1,1221,1,R,3632473200,rp2040_timer0,16
CNT,1,227,2,3644096032,3644112048,rp2040_timer0,10010,R,h1_ocxo_open_loop,16
STS,1,983,3644117056,rp2040_timer0,system,uptime_seconds,227,INFO,0
STS,1,984,3644121344,rp2040_timer0,capture,event_count,222,INFO,0
STS,1,985,3644125280,rp2040_timer0,capture,dropped_count,0,INFO,0
STS,1,986,3644128672,rp2040_timer0,capture,error_flags,0,INFO,0
REF,1,1222,1,R,3648473120,rp2040_timer0,16
CNT,1,228,2,3660096016,3660112048,rp2040_timer0,10020,R,h1_ocxo_open_loop,16
STS,1,987,3660116928,rp2040_timer0,system,uptime_seconds,228,INFO,0
STS,1,988,3660120784,rp2040_timer0,capture,event_count,223,INFO,0
STS,1,989,3660123920,rp2040_timer0,capture,dropped_count,0,INFO,0
STS,1,990,3660127024,rp2040_timer0,capture,error_flags,0,INFO,0
REF,1,1223,1,R,3664473056,rp2040_timer0,16
CNT,1,229,2,3676096048,3676112080,rp2040_timer0,10020,R,h1_ocxo_open_loop,16
STS,1,991,3676117184,rp2040_timer0,system,uptime_seconds,229,INFO,0
STS,1,992,3676121312,rp2040_timer0,capture,event_count,224,INFO,0
STS,1,993,3676125216,rp2040_timer0,capture,dropped_count,0,INFO,0
STS,1,994,3676128656,rp2040_timer0,capture,error_flags,0,INFO,0
REF,1,1224,1,R,3680472992,rp2040_timer0,16
CNT,1,230,2,3692096032,3692112064,rp2040_timer0,10020,R,h1_ocxo_open_loop,16
STS,1,995,3692117344,rp2040_timer0,system,uptime_seconds,230,INFO,0
STS,1,996,3692120928,rp2040_timer0,capture,event_count,225,INFO,0
STS,1,997,3692124592,rp2040_timer0,capture,dropped_count,0,INFO,0
STS,1,998,3692127808,rp2040_timer0,capture,error_flags,0,INFO,0
REF,1,1225,1,R,3696472928,rp2040_timer0,16
CNT,1,231,2,3708096064,3708112080,rp2040_timer0,10010,R,h1_ocxo_open_loop,16
STS,1,999,3708117248,rp2040_timer0,system,uptime_seconds,231,INFO,0
STS,1,1000,3708121360,rp2040_timer0,capture,event_count,226,INFO,0
STS,1,1001,3708124784,rp2040_timer0,capture,dropped_count,0,INFO,0
STS,1,1002,3708127888,rp2040_timer0,capture,error_flags,0,INFO,0
REF,1,1226,1,R,3712472864,rp2040_timer0,16
CNT,1,232,2,3724096048,3724112064,rp2040_timer0,10010,R,h1_ocxo_open_loop,16
STS,1,1003,3724117280,rp2040_timer0,system,uptime_seconds,232,INFO,0
STS,1,1004,3724121232,rp2040_timer0,capture,event_count,227,INFO,0
STS,1,1005,3724124816,rp2040_timer0,capture,dropped_count,0,INFO,0
STS,1,1006,3724127936,rp2040_timer0,capture,error_flags,0,INFO,0
REF,1,1227,1,R,3728472800,rp2040_timer0,16
CNT,1,233,2,3740096048,3740112080,rp2040_timer0,10021,R,h1_ocxo_open_loop,16
STS,1,1007,3740117104,rp2040_timer0,system,uptime_seconds,233,INFO,0
STS,1,1008,3740120960,rp2040_timer0,capture,event_count,228,INFO,0
STS,1,1009,3740124256,rp2040_timer0,capture,dropped_count,0,INFO,0
STS,1,1010,3740127424,rp2040_timer0,capture,error_flags,0,INFO,0
REF,1,1228,1,R,3744472736,rp2040_timer0,16
CNT,1,234,2,3756096048,3756112080,rp2040_timer0,10020,R,h1_ocxo_open_loop,16
STS,1,1011,3756117200,rp2040_timer0,system,uptime_seconds,234,INFO,0
STS,1,1012,3756121520,rp2040_timer0,capture,event_count,229,INFO,0
STS,1,1013,3756125168,rp2040_timer0,capture,dropped_count,0,INFO,0
STS,1,1014,3756128912,rp2040_timer0,capture,error_flags,0,INFO,0
REF,1,1229,1,R,3760472672,rp2040_timer0,16
CNT,1,235,2,3772096064,3772112080,rp2040_timer0,10010,R,h1_ocxo_open_loop,16
STS,1,1015,3772117008,rp2040_timer0,system,uptime_seconds,235,INFO,0
STS,1,1016,3772121136,rp2040_timer0,capture,event_count,230,INFO,0
STS,1,1017,3772124768,rp2040_timer0,capture,dropped_count,0,INFO,0
STS,1,1018,3772128000,rp2040_timer0,capture,error_flags,0,INFO,0
REF,1,1230,1,R,3776472624,rp2040_timer0,16
CNT,1,236,2,3788096000,3788112032,rp2040_timer0,10020,R,h1_ocxo_open_loop,16
STS,1,1019,3788117328,rp2040_timer0,system,uptime_seconds,236,INFO,0
STS,1,1020,3788121152,rp2040_timer0,capture,event_count,231,INFO,0
STS,1,1021,3788124800,rp2040_timer0,capture,dropped_count,0,INFO,0
STS,1,1022,3788128320,rp2040_timer0,capture,error_flags,0,INFO,0
REF,1,1231,1,R,3792472560,rp2040_timer0,16
CNT,1,237,2,3804096048,3804112080,rp2040_timer0,10020,R,h1_ocxo_open_loop,16
STS,1,1023,3804116992,rp2040_timer0,system,uptime_seconds,237,INFO,0
STS,1,1024,3804121008,rp2040_timer0,capture,event_count,232,INFO,0
STS,1,1025,3804124816,rp2040_timer0,capture,dropped_count,0,INFO,0
STS,1,1026,3804128368,rp2040_timer0,capture,error_flags,0,INFO,0
REF,1,1232,1,R,3808472496,rp2040_timer0,16
CNT,1,238,2,3820096032,3820112064,rp2040_timer0,10020,R,h1_ocxo_open_loop,16
STS,1,1027,3820117072,rp2040_timer0,system,uptime_seconds,238,INFO,0
STS,1,1028,3820121216,rp2040_timer0,capture,event_count,233,INFO,0
STS,1,1029,3820124816,rp2040_timer0,capture,dropped_count,0,INFO,0
STS,1,1030,3820128368,rp2040_timer0,capture,error_flags,0,INFO,0
REF,1,1233,1,R,3824472432,rp2040_timer0,16
CNT,1,239,2,3836096048,3836112080,rp2040_timer0,10020,R,h1_ocxo_open_loop,16
STS,1,1031,3836116848,rp2040_timer0,system,uptime_seconds,239,INFO,0
STS,1,1032,3836121168,rp2040_timer0,capture,event_count,234,INFO,0
STS,1,1033,3836125024,rp2040_timer0,capture,dropped_count,0,INFO,0
STS,1,1034,3836128560,rp2040_timer0,capture,error_flags,0,INFO,0
REF,1,1234,1,R,3840472368,rp2040_timer0,16
CNT,1,240,2,3852096032,3852112048,rp2040_timer0,10010,R,h1_ocxo_open_loop,16
STS,1,1035,3852116960,rp2040_timer0,system,uptime_seconds,240,INFO,0
STS,1,1036,3852121088,rp2040_timer0,capture,event_count,235,INFO,0
STS,1,1037,3852124624,rp2040_timer0,capture,dropped_count,0,INFO,0
STS,1,1038,3852128208,rp2040_timer0,capture,error_flags,0,INFO,0
REF,1,1235,1,R,3856472320,rp2040_timer0,16
STS,1,1039,3858681456,rp2040_timer0,dac,requested_code,0x0000,INFO,0
STS,1,1040,3858685376,rp2040_timer0,dac,rejected_code,0x0000,WARN,32768
STS,1,1041,3858689360,rp2040_timer0,dac,set,rejected_outside_clamps,WARN,32768
CNT,1,241,2,3868096016,3868112096,rp2040_timer0,10050,R,h1_ocxo_open_loop,16
STS,1,1042,3868117648,rp2040_timer0,system,uptime_seconds,241,INFO,0
STS,1,1043,3868121168,rp2040_timer0,capture,event_count,236,INFO,0
STS,1,1044,3868124448,rp2040_timer0,capture,dropped_count,0,INFO,0
STS,1,1045,3868127712,rp2040_timer0,capture,error_flags,0,INFO,0
REF,1,1236,1,R,3872472256,rp2040_timer0,16
CNT,1,242,2,3884096048,3884112080,rp2040_timer0,10020,R,h1_ocxo_open_loop,16
STS,1,1046,3884117264,rp2040_timer0,system,uptime_seconds,242,INFO,0
STS,1,1047,3884121104,rp2040_timer0,capture,event_count,237,INFO,0
STS,1,1048,3884124496,rp2040_timer0,capture,dropped_count,0,INFO,0
STS,1,1049,3884127760,rp2040_timer0,capture,error_flags,0,INFO,0
REF,1,1237,1,R,3888472192,rp2040_timer0,16
CNT,1,243,2,3900096064,3900112096,rp2040_timer0,10020,R,h1_ocxo_open_loop,16
STS,1,1050,3900117216,rp2040_timer0,system,uptime_seconds,243,INFO,0
STS,1,1051,3900121184,rp2040_timer0,capture,event_count,238,INFO,0
STS,1,1052,3900124800,rp2040_timer0,capture,dropped_count,0,INFO,0
STS,1,1053,3900128512,rp2040_timer0,capture,error_flags,0,INFO,0
REF,1,1238,1,R,3904472144,rp2040_timer0,16
CNT,1,244,2,3916096016,3916112032,rp2040_timer0,10010,R,h1_ocxo_open_loop,16
STS,1,1054,3916116992,rp2040_timer0,system,uptime_seconds,244,INFO,0
STS,1,1055,3916121328,rp2040_timer0,capture,event_count,239,INFO,0
STS,1,1056,3916125040,rp2040_timer0,capture,dropped_count,0,INFO,0
STS,1,1057,3916129040,rp2040_timer0,capture,error_flags,0,INFO,0
REF,1,1239,1,R,3920472080,rp2040_timer0,16
CNT,1,245,2,3932096048,3932112080,rp2040_timer0,10020,R,h1_ocxo_open_loop,16
STS,1,1058,3932117392,rp2040_timer0,system,uptime_seconds,245,INFO,0
STS,1,1059,3932121888,rp2040_timer0,capture,event_count,240,INFO,0
STS,1,1060,3932125152,rp2040_timer0,capture,dropped_count,0,INFO,0
STS,1,1061,3932128944,rp2040_timer0,capture,error_flags,0,INFO,0
REF,1,1240,1,R,3936472016,rp2040_timer0,16
CNT,1,246,2,3948096048,3948112064,rp2040_timer0,10010,R,h1_ocxo_open_loop,16
STS,1,1062,3948116864,rp2040_timer0,system,uptime_seconds,246,INFO,0
STS,1,1063,3948121344,rp2040_timer0,capture,event_count,241,INFO,0
STS,1,1064,3948124928,rp2040_timer0,capture,dropped_count,0,INFO,0
STS,1,1065,3948128736,rp2040_timer0,capture,error_flags,0,INFO,0
REF,1,1241,1,R,3952471968,rp2040_timer0,16
CNT,1,247,2,3964096032,3964112048,rp2040_timer0,10010,R,h1_ocxo_open_loop,16
STS,1,1066,3964116944,rp2040_timer0,system,uptime_seconds,247,INFO,0
STS,1,1067,3964121424,rp2040_timer0,capture,event_count,242,INFO,0
STS,1,1068,3964124992,rp2040_timer0,capture,dropped_count,0,INFO,0
STS,1,1069,3964128800,rp2040_timer0,capture,error_flags,0,INFO,0
REF,1,1242,1,R,3968471904,rp2040_timer0,16
CNT,1,248,2,3980096032,3980112064,rp2040_timer0,10020,R,h1_ocxo_open_loop,16
STS,1,1070,3980116992,rp2040_timer0,system,uptime_seconds,248,INFO,0
STS,1,1071,3980121392,rp2040_timer0,capture,event_count,243,INFO,0
STS,1,1072,3980124784,rp2040_timer0,capture,dropped_count,0,INFO,0
STS,1,1073,3980128640,rp2040_timer0,capture,error_flags,0,INFO,0
REF,1,1243,1,R,3984471856,rp2040_timer0,16
CNT,1,249,2,3996096032,3996112048,rp2040_timer0,10010,R,h1_ocxo_open_loop,16
STS,1,1074,3996117072,rp2040_timer0,system,uptime_seconds,249,INFO,0
STS,1,1075,3996121424,rp2040_timer0,capture,event_count,244,INFO,0
STS,1,1076,3996124864,rp2040_timer0,capture,dropped_count,0,INFO,0
STS,1,1077,3996128480,rp2040_timer0,capture,error_flags,0,INFO,0
REF,1,1244,1,R,4000471792,rp2040_timer0,16
CNT,1,250,2,4012096016,4012112048,rp2040_timer0,10020,R,h1_ocxo_open_loop,16
STS,1,1078,4012117216,rp2040_timer0,system,uptime_seconds,250,INFO,0
STS,1,1079,4012121536,rp2040_timer0,capture,event_count,245,INFO,0
STS,1,1080,4012124944,rp2040_timer0,capture,dropped_count,0,INFO,0
STS,1,1081,4012128688,rp2040_timer0,capture,error_flags,0,INFO,0
REF,1,1245,1,R,4016471744,rp2040_timer0,16
CNT,1,251,2,4028096000,4028112032,rp2040_timer0,10020,R,h1_ocxo_open_loop,16
STS,1,1082,4028116816,rp2040_timer0,system,uptime_seconds,251,INFO,0
STS,1,1083,4028121472,rp2040_timer0,capture,event_count,246,INFO,0
STS,1,1084,4028124704,rp2040_timer0,capture,dropped_count,0,INFO,0
STS,1,1085,4028128272,rp2040_timer0,capture,error_flags,0,INFO,0
REF,1,1246,1,R,4032471680,rp2040_timer0,16
CNT,1,252,2,4044096048,4044112080,rp2040_timer0,10020,R,h1_ocxo_open_loop,16
STS,1,1086,4044117040,rp2040_timer0,system,uptime_seconds,252,INFO,0
STS,1,1087,4044120992,rp2040_timer0,capture,event_count,247,INFO,0
STS,1,1088,4044124304,rp2040_timer0,capture,dropped_count,0,INFO,0
STS,1,1089,4044128160,rp2040_timer0,capture,error_flags,0,INFO,0
REF,1,1247,1,R,4048471632,rp2040_timer0,16
CNT,1,253,2,4060096064,4060112096,rp2040_timer0,10020,R,h1_ocxo_open_loop,16
STS,1,1090,4060117088,rp2040_timer0,system,uptime_seconds,253,INFO,0
STS,1,1091,4060121472,rp2040_timer0,capture,event_count,248,INFO,0
STS,1,1092,4060124560,rp2040_timer0,capture,dropped_count,0,INFO,0
STS,1,1093,4060128112,rp2040_timer0,capture,error_flags,0,INFO,0
REF,1,1248,1,R,4064471568,rp2040_timer0,16
CNT,1,254,2,4076096048,4076112064,rp2040_timer0,10010,R,h1_ocxo_open_loop,16
STS,1,1094,4076117024,rp2040_timer0,system,uptime_seconds,254,INFO,0
STS,1,1095,4076121504,rp2040_timer0,capture,event_count,249,INFO,0
STS,1,1096,4076125072,rp2040_timer0,capture,dropped_count,0,INFO,0
STS,1,1097,4076129200,rp2040_timer0,capture,error_flags,0,INFO,0
